<?xml version="1.0" encoding="UTF-8"?>
<testsuite xmlns:xsi="http://www.w3.org/2001/XMLSchema-instance" xsi:noNamespaceSchemaLocation="https://maven.apache.org/surefire/maven-surefire-plugin/xsd/surefire-test-report-3.0.xsd" version="3.0" name="com.sqldomaingen.CreateTableDefinitionTest" time="0.335" tests="8" errors="0" skipped="0" failures="0">
  <properties>
[...]
</properties>
  <testcase name="testInventoryTables" classname="com.sqldomaingen.CreateTableDefinitionTest" time="0.277">
    <system-out><![CDATA[00:28:07.134 [main] INFO com.sqldomaingen.CreateTableDefinitionTest -- Testing Inventory table with SQL:
CREATE TABLE Inventory (
    inventory_id INT PRIMARY KEY,
    product_id INT NOT NULL,
    warehouse_location VARCHAR(10),
    stock_quantity INT,
    last_restock TIMESTAMP,
    FOREIGN KEY (product_id) REFERENCES Product(product_id)
);

00:28:07.245 [main] INFO com.sqldomaingen.CreateTableDefinitionTest -- Generated tokens for SQL: CREATE TABLE Inventory (
    inventory_id INT PRIMARY KEY,
    product_id INT NOT NULL,
    warehouse_location VARCHAR(10),
    stock_quantity INT,
    last_restock TIMESTAMP,
    FOREIGN KEY (product_id) REFERENCES Product(product_id)
);

00:28:07.400 [main] INFO com.sqldomaingen.parser.CreateTableDefinition -- Processing CREATE TABLE definition...
00:28:07.405 [main] INFO com.sqldomaingen.parser.CreateTableDefinition -- Extracted table name: Inventory
00:28:07.406 [main] INFO com.sqldomaingen.parser.CreateTableDefinition -- Extracted column: inventory_id with type INT
00:28:07.406 [main] INFO com.sqldomaingen.parser.CreateTableDefinition -- Extracted column: product_id with type INT
00:28:07.406 [main] INFO com.sqldomaingen.parser.CreateTableDefinition -- Extracted column: warehouse_location with type VARCHAR(10)
00:28:07.406 [main] INFO com.sqldomaingen.parser.CreateTableDefinition -- Extracted column: stock_quantity with type INT
00:28:07.406 [main] INFO com.sqldomaingen.parser.CreateTableDefinition -- Extracted column: last_restock with type TIMESTAMP
00:28:07.406 [main] INFO com.sqldomaingen.parser.CreateTableDefinition -- Extracted 5 columns.
00:28:07.408 [main] INFO com.sqldomaingen.parser.ColumnDefinition -- Converting ColumnDefinition to Column object...
00:28:07.409 [main] INFO com.sqldomaingen.parser.ColumnDefinition -- Converting ColumnDefinition to Column object...
00:28:07.409 [main] INFO com.sqldomaingen.parser.ColumnDefinition -- Converting ColumnDefinition to Column object...
00:28:07.409 [main] INFO com.sqldomaingen.parser.ColumnDefinition -- Converting ColumnDefinition to Column object...
00:28:07.409 [main] INFO com.sqldomaingen.parser.ColumnDefinition -- Converting ColumnDefinition to Column object...
00:28:07.409 [main] INFO com.sqldomaingen.parser.CreateTableDefinition -- Converted to Table object: Inventory with 5 columns.
00:28:07.409 [main] INFO com.sqldomaingen.CreateTableDefinitionTest -- Converted to Table object: Inventory with 5 columns.
]]></system-out>
  </testcase>
  <testcase name="testProductTables" classname="com.sqldomaingen.CreateTableDefinitionTest" time="0.01">
    <system-out><![CDATA[00:28:07.411 [main] INFO com.sqldomaingen.CreateTableDefinitionTest -- Testing Product table with SQL:
CREATE TABLE Product (
    product_id INT PRIMARY KEY,
    product_name VARCHAR(100) NOT NULL,
    category VARCHAR(50),
    price DECIMAL(10, 2) CHECK (price > 0),
    stock_quantity INT DEFAULT 0,
    created_at TIMESTAMP,
    updated_at TIMESTAMP
);

00:28:07.412 [main] INFO com.sqldomaingen.CreateTableDefinitionTest -- Generated tokens for SQL: CREATE TABLE Product (
    product_id INT PRIMARY KEY,
    product_name VARCHAR(100) NOT NULL,
    category VARCHAR(50),
    price DECIMAL(10, 2) CHECK (price > 0),
    stock_quantity INT DEFAULT 0,
    created_at TIMESTAMP,
    updated_at TIMESTAMP
);

00:28:07.418 [main] INFO com.sqldomaingen.parser.CreateTableDefinition -- Processing CREATE TABLE definition...
00:28:07.418 [main] INFO com.sqldomaingen.parser.CreateTableDefinition -- Extracted table name: Product
00:28:07.418 [main] INFO com.sqldomaingen.parser.CreateTableDefinition -- Extracted column: product_id with type INT
00:28:07.418 [main] INFO com.sqldomaingen.parser.CreateTableDefinition -- Extracted column: product_name with type VARCHAR(100)
00:28:07.418 [main] INFO com.sqldomaingen.parser.CreateTableDefinition -- Extracted column: category with type VARCHAR(50)
00:28:07.418 [main] INFO com.sqldomaingen.parser.CreateTableDefinition -- Extracted column: price with type DECIMAL(10,2)
00:28:07.418 [main] INFO com.sqldomaingen.parser.CreateTableDefinition -- Extracted column: stock_quantity with type INT
00:28:07.419 [main] INFO com.sqldomaingen.parser.CreateTableDefinition -- Extracted column: created_at with type TIMESTAMP
00:28:07.419 [main] INFO com.sqldomaingen.parser.CreateTableDefinition -- Extracted column: updated_at with type TIMESTAMP
00:28:07.419 [main] INFO com.sqldomaingen.parser.CreateTableDefinition -- Extracted 7 columns.
00:28:07.419 [main] INFO com.sqldomaingen.parser.ColumnDefinition -- Converting ColumnDefinition to Column object...
00:28:07.419 [main] INFO com.sqldomaingen.parser.ColumnDefinition -- Converting ColumnDefinition to Column object...
00:28:07.419 [main] INFO com.sqldomaingen.parser.ColumnDefinition -- Converting ColumnDefinition to Column object...
00:28:07.419 [main] INFO com.sqldomaingen.parser.ColumnDefinition -- Converting ColumnDefinition to Column object...
00:28:07.419 [main] INFO com.sqldomaingen.parser.ColumnDefinition -- Converting ColumnDefinition to Column object...
00:28:07.419 [main] INFO com.sqldomaingen.parser.ColumnDefinition -- Converting ColumnDefinition to Column object...
00:28:07.419 [main] INFO com.sqldomaingen.parser.ColumnDefinition -- Converting ColumnDefinition to Column object...
00:28:07.419 [main] INFO com.sqldomaingen.parser.CreateTableDefinition -- Converted to Table object: Product with 7 columns.
00:28:07.419 [main] INFO com.sqldomaingen.CreateTableDefinitionTest -- Converted to Table object: Product with 7 columns.
]]></system-out>
  </testcase>
  <testcase name="testInventoryTable" classname="com.sqldomaingen.CreateTableDefinitionTest" time="0.006">
    <system-out><![CDATA[00:28:07.421 [main] INFO com.sqldomaingen.CreateTableDefinitionTest -- Testing Inventory table with SQL:
CREATE TABLE Inventory (
    inventory_id INT PRIMARY KEY,
    product_id INT NOT NULL,
    warehouse_location VARCHAR(100),
    stock_quantity INT,
    last_restock TIMESTAMP,
    FOREIGN KEY (product_id) REFERENCES Product(product_id)
);

00:28:07.422 [main] INFO com.sqldomaingen.CreateTableDefinitionTest -- Generated tokens for SQL: CREATE TABLE Inventory (
    inventory_id INT PRIMARY KEY,
    product_id INT NOT NULL,
    warehouse_location VARCHAR(100),
    stock_quantity INT,
    last_restock TIMESTAMP,
    FOREIGN KEY (product_id) REFERENCES Product(product_id)
);

00:28:07.424 [main] INFO com.sqldomaingen.parser.CreateTableDefinition -- Processing CREATE TABLE definition...
00:28:07.424 [main] INFO com.sqldomaingen.parser.CreateTableDefinition -- Extracted table name: Inventory
00:28:07.424 [main] INFO com.sqldomaingen.parser.CreateTableDefinition -- Extracted column: inventory_id with type INT
00:28:07.424 [main] INFO com.sqldomaingen.parser.CreateTableDefinition -- Extracted column: product_id with type INT
00:28:07.424 [main] INFO com.sqldomaingen.parser.CreateTableDefinition -- Extracted column: warehouse_location with type VARCHAR(100)
00:28:07.425 [main] INFO com.sqldomaingen.parser.CreateTableDefinition -- Extracted column: stock_quantity with type INT
00:28:07.425 [main] INFO com.sqldomaingen.parser.CreateTableDefinition -- Extracted column: last_restock with type TIMESTAMP
00:28:07.425 [main] INFO com.sqldomaingen.parser.CreateTableDefinition -- Extracted 5 columns.
00:28:07.425 [main] INFO com.sqldomaingen.parser.ColumnDefinition -- Converting ColumnDefinition to Column object...
00:28:07.425 [main] INFO com.sqldomaingen.parser.ColumnDefinition -- Converting ColumnDefinition to Column object...
00:28:07.425 [main] INFO com.sqldomaingen.parser.ColumnDefinition -- Converting ColumnDefinition to Column object...
00:28:07.425 [main] INFO com.sqldomaingen.parser.ColumnDefinition -- Converting ColumnDefinition to Column object...
00:28:07.425 [main] INFO com.sqldomaingen.parser.ColumnDefinition -- Converting ColumnDefinition to Column object...
00:28:07.426 [main] INFO com.sqldomaingen.parser.CreateTableDefinition -- Converted to Table object: Inventory with 5 columns.
00:28:07.426 [main] INFO com.sqldomaingen.CreateTableDefinitionTest -- Converted to Table object: Inventory with 5 columns.
]]></system-out>
  </testcase>
  <testcase name="testEmployeeTable" classname="com.sqldomaingen.CreateTableDefinitionTest" time="0.007">
    <system-out><![CDATA[00:28:07.429 [main] INFO com.sqldomaingen.CreateTableDefinitionTest -- Testing Employee table with SQL:
CREATE TABLE Employee (
    employee_id INT PRIMARY KEY,
    name VARCHAR(100) NOT NULL,
    department_id INT,
    hire_date DATE,
    salary DECIMAL(15, 2),
    FOREIGN KEY (department_id) REFERENCES Department(department_id)
);

00:28:07.430 [main] INFO com.sqldomaingen.CreateTableDefinitionTest -- Generated tokens for SQL: CREATE TABLE Employee (
    employee_id INT PRIMARY KEY,
    name VARCHAR(100) NOT NULL,
    department_id INT,
    hire_date DATE,
    salary DECIMAL(15, 2),
    FOREIGN KEY (department_id) REFERENCES Department(department_id)
);

00:28:07.433 [main] INFO com.sqldomaingen.parser.CreateTableDefinition -- Processing CREATE TABLE definition...
00:28:07.433 [main] INFO com.sqldomaingen.parser.CreateTableDefinition -- Extracted table name: Employee
00:28:07.433 [main] INFO com.sqldomaingen.parser.CreateTableDefinition -- Extracted column: employee_id with type INT
00:28:07.433 [main] INFO com.sqldomaingen.parser.CreateTableDefinition -- Extracted column: name with type VARCHAR(100)
00:28:07.433 [main] INFO com.sqldomaingen.parser.CreateTableDefinition -- Extracted column: department_id with type INT
00:28:07.433 [main] INFO com.sqldomaingen.parser.CreateTableDefinition -- Extracted column: hire_date with type DATE
00:28:07.433 [main] INFO com.sqldomaingen.parser.CreateTableDefinition -- Extracted column: salary with type DECIMAL(15,2)
00:28:07.433 [main] INFO com.sqldomaingen.parser.CreateTableDefinition -- Extracted 5 columns.
00:28:07.433 [main] INFO com.sqldomaingen.parser.ColumnDefinition -- Converting ColumnDefinition to Column object...
00:28:07.433 [main] INFO com.sqldomaingen.parser.ColumnDefinition -- Converting ColumnDefinition to Column object...
00:28:07.433 [main] INFO com.sqldomaingen.parser.ColumnDefinition -- Converting ColumnDefinition to Column object...
00:28:07.433 [main] INFO com.sqldomaingen.parser.ColumnDefinition -- Converting ColumnDefinition to Column object...
00:28:07.433 [main] INFO com.sqldomaingen.parser.ColumnDefinition -- Converting ColumnDefinition to Column object...
00:28:07.433 [main] INFO com.sqldomaingen.parser.CreateTableDefinition -- Converted to Table object: Employee with 5 columns.
00:28:07.434 [main] INFO com.sqldomaingen.CreateTableDefinitionTest -- Converted to Table object: Employee with 5 columns.
]]></system-out>
  </testcase>
  <testcase name="testDepartmentTable" classname="com.sqldomaingen.CreateTableDefinitionTest" time="0.006">
    <system-out><![CDATA[00:28:07.438 [main] INFO com.sqldomaingen.CreateTableDefinitionTest -- Testing Department table with SQL:
CREATE TABLE Department (
    department_id INT PRIMARY KEY,
    department_name VARCHAR(100) NOT NULL,
    location VARCHAR(100),
    manager_id INT,
    budget DECIMAL(15, 2)
);

00:28:07.438 [main] INFO com.sqldomaingen.CreateTableDefinitionTest -- Generated tokens for SQL: CREATE TABLE Department (
    department_id INT PRIMARY KEY,
    department_name VARCHAR(100) NOT NULL,
    location VARCHAR(100),
    manager_id INT,
    budget DECIMAL(15, 2)
);

00:28:07.440 [main] INFO com.sqldomaingen.parser.CreateTableDefinition -- Processing CREATE TABLE definition...
00:28:07.441 [main] INFO com.sqldomaingen.parser.CreateTableDefinition -- Extracted table name: Department
00:28:07.441 [main] INFO com.sqldomaingen.parser.CreateTableDefinition -- Extracted column: department_id with type INT
00:28:07.441 [main] INFO com.sqldomaingen.parser.CreateTableDefinition -- Extracted column: department_name with type VARCHAR(100)
00:28:07.441 [main] INFO com.sqldomaingen.parser.CreateTableDefinition -- Extracted column: location with type VARCHAR(100)
00:28:07.441 [main] INFO com.sqldomaingen.parser.CreateTableDefinition -- Extracted column: manager_id with type INT
00:28:07.441 [main] INFO com.sqldomaingen.parser.CreateTableDefinition -- Extracted column: budget with type DECIMAL(15,2)
00:28:07.441 [main] INFO com.sqldomaingen.parser.CreateTableDefinition -- Extracted 5 columns.
00:28:07.442 [main] INFO com.sqldomaingen.parser.ColumnDefinition -- Converting ColumnDefinition to Column object...
00:28:07.442 [main] INFO com.sqldomaingen.parser.ColumnDefinition -- Converting ColumnDefinition to Column object...
00:28:07.442 [main] INFO com.sqldomaingen.parser.ColumnDefinition -- Converting ColumnDefinition to Column object...
00:28:07.442 [main] INFO com.sqldomaingen.parser.ColumnDefinition -- Converting ColumnDefinition to Column object...
00:28:07.442 [main] INFO com.sqldomaingen.parser.ColumnDefinition -- Converting ColumnDefinition to Column object...
00:28:07.442 [main] INFO com.sqldomaingen.parser.CreateTableDefinition -- Converted to Table object: Department with 5 columns.
00:28:07.442 [main] INFO com.sqldomaingen.CreateTableDefinitionTest -- Converted to Table object: Department with 5 columns.
]]></system-out>
  </testcase>
  <testcase name="testProductOrderTables" classname="com.sqldomaingen.CreateTableDefinitionTest" time="0.008">
    <system-out><![CDATA[00:28:07.445 [main] INFO com.sqldomaingen.CreateTableDefinitionTest -- Testing ProductOrder table with SQL:
CREATE TABLE ProductOrder (
    product_id INT,
    order_id INT,
    quantity INT NOT NULL,
    unit_price DECIMAL(10, 2),
    discount DECIMAL(5, 2),
    PRIMARY KEY (product_id, order_id),
    FOREIGN KEY (product_id) REFERENCES Product(product_id),
    FOREIGN KEY (order_id) REFERENCES Orders(order_id)
);

00:28:07.445 [main] INFO com.sqldomaingen.CreateTableDefinitionTest -- Generated tokens for SQL: CREATE TABLE ProductOrder (
    product_id INT,
    order_id INT,
    quantity INT NOT NULL,
    unit_price DECIMAL(10, 2),
    discount DECIMAL(5, 2),
    PRIMARY KEY (product_id, order_id),
    FOREIGN KEY (product_id) REFERENCES Product(product_id),
    FOREIGN KEY (order_id) REFERENCES Orders(order_id)
);

00:28:07.451 [main] INFO com.sqldomaingen.parser.CreateTableDefinition -- Processing CREATE TABLE definition...
00:28:07.451 [main] INFO com.sqldomaingen.parser.CreateTableDefinition -- Extracted table name: ProductOrder
00:28:07.451 [main] INFO com.sqldomaingen.parser.CreateTableDefinition -- Extracted column: product_id with type INT
00:28:07.451 [main] INFO com.sqldomaingen.parser.CreateTableDefinition -- Extracted column: order_id with type INT
00:28:07.451 [main] INFO com.sqldomaingen.parser.CreateTableDefinition -- Extracted column: quantity with type INT
00:28:07.452 [main] INFO com.sqldomaingen.parser.CreateTableDefinition -- Extracted column: unit_price with type DECIMAL(10,2)
00:28:07.452 [main] INFO com.sqldomaingen.parser.CreateTableDefinition -- Extracted column: discount with type DECIMAL(5,2)
00:28:07.452 [main] INFO com.sqldomaingen.parser.CreateTableDefinition -- Extracted 5 columns.
00:28:07.452 [main] INFO com.sqldomaingen.parser.ColumnDefinition -- Converting ColumnDefinition to Column object...
00:28:07.452 [main] INFO com.sqldomaingen.parser.ColumnDefinition -- Converting ColumnDefinition to Column object...
00:28:07.452 [main] INFO com.sqldomaingen.parser.ColumnDefinition -- Converting ColumnDefinition to Column object...
00:28:07.452 [main] INFO com.sqldomaingen.parser.ColumnDefinition -- Converting ColumnDefinition to Column object...
00:28:07.452 [main] INFO com.sqldomaingen.parser.ColumnDefinition -- Converting ColumnDefinition to Column object...
00:28:07.452 [main] INFO com.sqldomaingen.parser.CreateTableDefinition -- Converted to Table object: ProductOrder with 5 columns.
00:28:07.452 [main] INFO com.sqldomaingen.CreateTableDefinitionTest -- Converted to Table object: ProductOrder with 5 columns.
]]></system-out>
  </testcase>
  <testcase name="testCustomerTables" classname="com.sqldomaingen.CreateTableDefinitionTest" time="0.005">
    <system-out><![CDATA[00:28:07.455 [main] INFO com.sqldomaingen.CreateTableDefinitionTest -- Testing Customer table with SQL:
CREATE TABLE Customer (
    customer_id INT PRIMARY KEY,
    customer_name VARCHAR(100) NOT NULL,
    email VARCHAR(150) UNIQUE,
    phone_number VARCHAR(15),
    address TEXT,
    registered_at TIMESTAMP DEFAULT CURRENT_TIMESTAMP,
    last_purchase TIMESTAMP
);

00:28:07.455 [main] INFO com.sqldomaingen.CreateTableDefinitionTest -- Generated tokens for SQL: CREATE TABLE Customer (
    customer_id INT PRIMARY KEY,
    customer_name VARCHAR(100) NOT NULL,
    email VARCHAR(150) UNIQUE,
    phone_number VARCHAR(15),
    address TEXT,
    registered_at TIMESTAMP DEFAULT CURRENT_TIMESTAMP,
    last_purchase TIMESTAMP
);

00:28:07.458 [main] INFO com.sqldomaingen.parser.CreateTableDefinition -- Processing CREATE TABLE definition...
00:28:07.458 [main] INFO com.sqldomaingen.parser.CreateTableDefinition -- Extracted table name: Customer
00:28:07.458 [main] INFO com.sqldomaingen.parser.CreateTableDefinition -- Extracted column: customer_id with type INT
00:28:07.458 [main] INFO com.sqldomaingen.parser.CreateTableDefinition -- Extracted column: customer_name with type VARCHAR(100)
00:28:07.458 [main] INFO com.sqldomaingen.parser.CreateTableDefinition -- Extracted column: email with type VARCHAR(150)
00:28:07.458 [main] INFO com.sqldomaingen.parser.CreateTableDefinition -- Extracted column: phone_number with type VARCHAR(15)
00:28:07.458 [main] INFO com.sqldomaingen.parser.CreateTableDefinition -- Extracted column: address with type TEXT
00:28:07.458 [main] INFO com.sqldomaingen.parser.CreateTableDefinition -- Extracted column: registered_at with type TIMESTAMP
00:28:07.458 [main] INFO com.sqldomaingen.parser.CreateTableDefinition -- Extracted column: last_purchase with type TIMESTAMP
00:28:07.458 [main] INFO com.sqldomaingen.parser.CreateTableDefinition -- Extracted 7 columns.
00:28:07.458 [main] INFO com.sqldomaingen.parser.ColumnDefinition -- Converting ColumnDefinition to Column object...
00:28:07.458 [main] INFO com.sqldomaingen.parser.ColumnDefinition -- Converting ColumnDefinition to Column object...
00:28:07.458 [main] INFO com.sqldomaingen.parser.ColumnDefinition -- Converting ColumnDefinition to Column object...
00:28:07.458 [main] INFO com.sqldomaingen.parser.ColumnDefinition -- Converting ColumnDefinition to Column object...
00:28:07.459 [main] INFO com.sqldomaingen.parser.ColumnDefinition -- Converting ColumnDefinition to Column object...
00:28:07.459 [main] INFO com.sqldomaingen.parser.ColumnDefinition -- Converting ColumnDefinition to Column object...
00:28:07.459 [main] INFO com.sqldomaingen.parser.ColumnDefinition -- Converting ColumnDefinition to Column object...
00:28:07.459 [main] INFO com.sqldomaingen.parser.CreateTableDefinition -- Converted to Table object: Customer with 7 columns.
00:28:07.459 [main] INFO com.sqldomaingen.CreateTableDefinitionTest -- Converted to Table object: Customer with 7 columns.
]]></system-out>
  </testcase>
  <testcase name="testProjectTable" classname="com.sqldomaingen.CreateTableDefinitionTest" time="0.006">
    <system-out><![CDATA[00:28:07.461 [main] INFO com.sqldomaingen.CreateTableDefinitionTest -- Testing Project table with SQL:
CREATE TABLE Project (
    project_id INT PRIMARY KEY,
    project_name VARCHAR(100) NOT NULL,
    start_date DATE,
    end_date DATE,
    budget DECIMAL(20, 2),
    manager_id INT,
    FOREIGN KEY (manager_id) REFERENCES Employee(employee_id)
);

00:28:07.462 [main] INFO com.sqldomaingen.CreateTableDefinitionTest -- Generated tokens for SQL: CREATE TABLE Project (
    project_id INT PRIMARY KEY,
    project_name VARCHAR(100) NOT NULL,
    start_date DATE,
    end_date DATE,
    budget DECIMAL(20, 2),
    manager_id INT,
    FOREIGN KEY (manager_id) REFERENCES Employee(employee_id)
);

00:28:07.464 [main] INFO com.sqldomaingen.parser.CreateTableDefinition -- Processing CREATE TABLE definition...
00:28:07.464 [main] INFO com.sqldomaingen.parser.CreateTableDefinition -- Extracted table name: Project
00:28:07.464 [main] INFO com.sqldomaingen.parser.CreateTableDefinition -- Extracted column: project_id with type INT
00:28:07.464 [main] INFO com.sqldomaingen.parser.CreateTableDefinition -- Extracted column: project_name with type VARCHAR(100)
00:28:07.465 [main] INFO com.sqldomaingen.parser.CreateTableDefinition -- Extracted column: start_date with type DATE
00:28:07.465 [main] INFO com.sqldomaingen.parser.CreateTableDefinition -- Extracted column: end_date with type DATE
00:28:07.465 [main] INFO com.sqldomaingen.parser.CreateTableDefinition -- Extracted column: budget with type DECIMAL(20,2)
00:28:07.465 [main] INFO com.sqldomaingen.parser.CreateTableDefinition -- Extracted column: manager_id with type INT
00:28:07.465 [main] INFO com.sqldomaingen.parser.CreateTableDefinition -- Extracted 6 columns.
00:28:07.465 [main] INFO com.sqldomaingen.parser.ColumnDefinition -- Converting ColumnDefinition to Column object...
00:28:07.465 [main] INFO com.sqldomaingen.parser.ColumnDefinition -- Converting ColumnDefinition to Column object...
00:28:07.465 [main] INFO com.sqldomaingen.parser.ColumnDefinition -- Converting ColumnDefinition to Column object...
00:28:07.465 [main] INFO com.sqldomaingen.parser.ColumnDefinition -- Converting ColumnDefinition to Column object...
00:28:07.465 [main] INFO com.sqldomaingen.parser.ColumnDefinition -- Converting ColumnDefinition to Column object...
00:28:07.465 [main] INFO com.sqldomaingen.parser.ColumnDefinition -- Converting ColumnDefinition to Column object...
00:28:07.465 [main] INFO com.sqldomaingen.parser.CreateTableDefinition -- Converted to Table object: Project with 6 columns.
00:28:07.465 [main] INFO com.sqldomaingen.CreateTableDefinitionTest -- Converted to Table object: Project with 6 columns.
]]></system-out>
  </testcase>
</testsuite>