<?xml version="1.0" encoding="UTF-8"?>
<testsuite xmlns:xsi="http://www.w3.org/2001/XMLSchema-instance" xsi:noNamespaceSchemaLocation="https://maven.apache.org/surefire/maven-surefire-plugin/xsd/surefire-test-report-3.0.xsd" version="3.0" name="com.sqldomaingen.TableParsingTest" time="0.129" tests="14" errors="0" skipped="0" failures="0">
  <properties>
[...]
</properties>
  <testcase name="testParseEventExceptionTable" classname="com.sqldomaingen.TableParsingTest" time="0.019">
    <system-out><![CDATA[enter   sqlScript, LT(1)=CREATE
enter   createTableStatement, LT(1)=CREATE
consume [@0,0:5='CREATE',<171>,1:0] rule createTableStatement
consume [@1,7:11='TABLE',<170>,1:7] rule createTableStatement
enter   tableName, LT(1)=event_exception
consume [@2,13:27='event_exception',<216>,1:13] rule tableName
exit    tableName, LT(1)=(
consume [@3,29:29='(',<148>,1:29] rule createTableStatement
enter   columnDef, LT(1)=exception_id
enter   columnName, LT(1)=exception_id
consume [@4,35:46='exception_id',<216>,2:4] rule columnName
exit    columnName, LT(1)=SERIAL
enter   dataType, LT(1)=SERIAL
consume [@5,48:53='SERIAL',<182>,2:17] rule dataType
exit    dataType, LT(1)=PRIMARY KEY
enter   constraint, LT(1)=PRIMARY KEY
consume [@6,55:65='PRIMARY KEY',<183>,2:24] rule constraint
exit    constraint, LT(1)=,
exit    columnDef, LT(1)=,
consume [@7,66:66=',',<155>,2:35] rule createTableStatement
enter   columnDef, LT(1)=event_id
enter   columnName, LT(1)=event_id
consume [@8,72:79='event_id',<216>,3:4] rule columnName
exit    columnName, LT(1)=INT
enter   dataType, LT(1)=INT
consume [@9,81:83='INT',<174>,3:13] rule dataType
exit    dataType, LT(1)=NOT NULL
enter   constraint, LT(1)=NOT NULL
consume [@10,85:92='NOT NULL',<205>,3:17] rule constraint
exit    constraint, LT(1)=,
exit    columnDef, LT(1)=,
consume [@11,93:93=',',<155>,3:25] rule createTableStatement
enter   columnDef, LT(1)=exception_date
enter   columnName, LT(1)=exception_date
consume [@12,99:112='exception_date',<216>,4:4] rule columnName
exit    columnName, LT(1)=DATE
enter   dataType, LT(1)=DATE
consume [@13,114:117='DATE',<50>,4:19] rule dataType
exit    dataType, LT(1)=NOT NULL
enter   constraint, LT(1)=NOT NULL
consume [@14,119:126='NOT NULL',<205>,4:24] rule constraint
exit    constraint, LT(1)=,
exit    columnDef, LT(1)=,
consume [@15,127:127=',',<155>,4:32] rule createTableStatement
enter   columnDef, LT(1)=is_rescheduled
enter   columnName, LT(1)=is_rescheduled
consume [@16,133:146='is_rescheduled',<216>,5:4] rule columnName
exit    columnName, LT(1)=BOOLEAN
enter   dataType, LT(1)=BOOLEAN
consume [@17,148:154='BOOLEAN',<203>,5:19] rule dataType
exit    dataType, LT(1)=DEFAULT
enter   constraint, LT(1)=DEFAULT
consume [@18,156:162='DEFAULT',<189>,5:27] rule constraint
enter   value, LT(1)=FALSE
consume [@19,164:168='FALSE',<136>,5:35] rule value
exit    value, LT(1)=,
exit    constraint, LT(1)=,
exit    columnDef, LT(1)=,
consume [@20,169:169=',',<155>,5:40] rule createTableStatement
enter   columnDef, LT(1)=new_start_time
enter   columnName, LT(1)=new_start_time
consume [@21,175:188='new_start_time',<216>,6:4] rule columnName
exit    columnName, LT(1)=TIMESTAMP
enter   dataType, LT(1)=TIMESTAMP
consume [@22,190:198='TIMESTAMP',<55>,6:19] rule dataType
exit    dataType, LT(1)=,
exit    columnDef, LT(1)=,
consume [@23,199:199=',',<155>,6:28] rule createTableStatement
enter   columnDef, LT(1)=new_end_time
enter   columnName, LT(1)=new_end_time
consume [@24,205:216='new_end_time',<216>,7:4] rule columnName
exit    columnName, LT(1)=TIMESTAMP
enter   dataType, LT(1)=TIMESTAMP
consume [@25,218:226='TIMESTAMP',<55>,7:17] rule dataType
exit    dataType, LT(1)=,
exit    columnDef, LT(1)=,
consume [@26,227:227=',',<155>,7:26] rule createTableStatement
enter   columnDef, LT(1)=created_at
enter   columnName, LT(1)=created_at
consume [@27,233:242='created_at',<216>,8:4] rule columnName
exit    columnName, LT(1)=TIMESTAMP
enter   dataType, LT(1)=TIMESTAMP
consume [@28,244:252='TIMESTAMP',<55>,8:15] rule dataType
exit    dataType, LT(1)=DEFAULT
enter   constraint, LT(1)=DEFAULT
consume [@29,254:260='DEFAULT',<189>,8:25] rule constraint
enter   value, LT(1)=CURRENT_TIMESTAMP
consume [@30,262:278='CURRENT_TIMESTAMP',<69>,8:33] rule value
exit    value, LT(1)=,
exit    constraint, LT(1)=,
exit    columnDef, LT(1)=,
consume [@31,279:279=',',<155>,8:50] rule createTableStatement
enter   columnDef, LT(1)=updated_at
enter   columnName, LT(1)=updated_at
consume [@32,285:294='updated_at',<216>,9:4] rule columnName
exit    columnName, LT(1)=TIMESTAMP
enter   dataType, LT(1)=TIMESTAMP
consume [@33,296:304='TIMESTAMP',<55>,9:15] rule dataType
exit    dataType, LT(1)=DEFAULT
enter   constraint, LT(1)=DEFAULT
consume [@34,306:312='DEFAULT',<189>,9:25] rule constraint
enter   value, LT(1)=CURRENT_TIMESTAMP
consume [@35,314:330='CURRENT_TIMESTAMP',<69>,9:33] rule value
exit    value, LT(1)=,
exit    constraint, LT(1)=,
exit    columnDef, LT(1)=,
consume [@36,331:331=',',<155>,9:50] rule createTableStatement
enter   tableConstraint, LT(1)=FOREIGN KEY
consume [@37,337:347='FOREIGN KEY',<204>,10:4] rule tableConstraint
consume [@38,349:349='(',<148>,10:16] rule tableConstraint
enter   columnNameList, LT(1)=event_id
enter   columnName, LT(1)=event_id
consume [@39,350:357='event_id',<216>,10:17] rule columnName
exit    columnName, LT(1)=)
exit    columnNameList, LT(1)=)
consume [@40,358:358=')',<149>,10:25] rule tableConstraint
consume [@41,360:369='REFERENCES',<181>,10:27] rule tableConstraint
enter   tableName, LT(1)=event
consume [@42,371:375='event',<216>,10:38] rule tableName
exit    tableName, LT(1)=(
consume [@43,376:376='(',<148>,10:43] rule tableConstraint
enter   columnNameList, LT(1)=event_id
enter   columnName, LT(1)=event_id
consume [@44,377:384='event_id',<216>,10:44] rule columnName
exit    columnName, LT(1)=)
exit    columnNameList, LT(1)=)
consume [@45,385:385=')',<149>,10:52] rule tableConstraint
exit    tableConstraint, LT(1)=)
consume [@46,387:387=')',<149>,11:0] rule createTableStatement
consume [@47,388:388=';',<152>,11:1] rule createTableStatement
exit    createTableStatement, LT(1)=<EOF>
consume [@48,390:389='<EOF>',<-1>,12:0] rule sqlScript
exit    sqlScript, LT(1)=<EOF>
]]></system-out>
  </testcase>
  <testcase name="testParseDepartmentTable" classname="com.sqldomaingen.TableParsingTest" time="0.007">
    <system-out><![CDATA[enter   sqlScript, LT(1)=CREATE
enter   createTableStatement, LT(1)=CREATE
consume [@0,4:9='CREATE',<171>,1:4] rule createTableStatement
consume [@1,11:15='TABLE',<170>,1:11] rule createTableStatement
enter   tableName, LT(1)=department
consume [@2,17:26='department',<216>,1:17] rule tableName
exit    tableName, LT(1)=(
consume [@3,28:28='(',<148>,1:28] rule createTableStatement
enter   columnDef, LT(1)=department_id
enter   columnName, LT(1)=department_id
consume [@4,38:50='department_id',<216>,2:8] rule columnName
exit    columnName, LT(1)=SERIAL
enter   dataType, LT(1)=SERIAL
consume [@5,52:57='SERIAL',<182>,2:22] rule dataType
exit    dataType, LT(1)=PRIMARY KEY
enter   constraint, LT(1)=PRIMARY KEY
consume [@6,59:69='PRIMARY KEY',<183>,2:29] rule constraint
exit    constraint, LT(1)=,
exit    columnDef, LT(1)=,
consume [@7,70:70=',',<155>,2:40] rule createTableStatement
enter   columnDef, LT(1)=name
enter   columnName, LT(1)=name
consume [@8,80:83='name',<216>,3:8] rule columnName
exit    columnName, LT(1)=VARCHAR
enter   dataType, LT(1)=VARCHAR
consume [@9,85:91='VARCHAR',<175>,3:13] rule dataType
consume [@10,92:92='(',<148>,3:20] rule dataType
consume [@11,93:95='100',<218>,3:21] rule dataType
consume [@12,96:96=')',<149>,3:24] rule dataType
exit    dataType, LT(1)=NOT NULL
enter   constraint, LT(1)=NOT NULL
consume [@13,98:105='NOT NULL',<205>,3:26] rule constraint
exit    constraint, LT(1)=,
exit    columnDef, LT(1)=,
consume [@14,106:106=',',<155>,3:34] rule createTableStatement
enter   columnDef, LT(1)=description
enter   columnName, LT(1)=description
consume [@15,116:126='description',<216>,4:8] rule columnName
exit    columnName, LT(1)=TEXT
enter   dataType, LT(1)=TEXT
consume [@16,128:131='TEXT',<201>,4:20] rule dataType
exit    dataType, LT(1)=,
exit    columnDef, LT(1)=,
consume [@17,132:132=',',<155>,4:24] rule createTableStatement
enter   columnDef, LT(1)=parent_dept_id
enter   columnName, LT(1)=parent_dept_id
consume [@18,142:155='parent_dept_id',<216>,5:8] rule columnName
exit    columnName, LT(1)=INT
enter   dataType, LT(1)=INT
consume [@19,157:159='INT',<174>,5:23] rule dataType
exit    dataType, LT(1)=,
exit    columnDef, LT(1)=,
consume [@20,160:160=',',<155>,5:26] rule createTableStatement
enter   columnDef, LT(1)=created_at
enter   columnName, LT(1)=created_at
consume [@21,170:179='created_at',<216>,6:8] rule columnName
exit    columnName, LT(1)=TIMESTAMP
enter   dataType, LT(1)=TIMESTAMP
consume [@22,181:189='TIMESTAMP',<55>,6:19] rule dataType
exit    dataType, LT(1)=DEFAULT
enter   constraint, LT(1)=DEFAULT
consume [@23,191:197='DEFAULT',<189>,6:29] rule constraint
enter   value, LT(1)=CURRENT_TIMESTAMP
consume [@24,199:215='CURRENT_TIMESTAMP',<69>,6:37] rule value
exit    value, LT(1)=,
exit    constraint, LT(1)=,
exit    columnDef, LT(1)=,
consume [@25,216:216=',',<155>,6:54] rule createTableStatement
enter   columnDef, LT(1)=updated_at
enter   columnName, LT(1)=updated_at
consume [@26,226:235='updated_at',<216>,7:8] rule columnName
exit    columnName, LT(1)=TIMESTAMP
enter   dataType, LT(1)=TIMESTAMP
consume [@27,237:245='TIMESTAMP',<55>,7:19] rule dataType
exit    dataType, LT(1)=DEFAULT
enter   constraint, LT(1)=DEFAULT
consume [@28,247:253='DEFAULT',<189>,7:29] rule constraint
enter   value, LT(1)=CURRENT_TIMESTAMP
consume [@29,255:271='CURRENT_TIMESTAMP',<69>,7:37] rule value
exit    value, LT(1)=,
exit    constraint, LT(1)=,
exit    columnDef, LT(1)=,
consume [@30,272:272=',',<155>,7:54] rule createTableStatement
enter   tableConstraint, LT(1)=FOREIGN KEY
consume [@31,282:292='FOREIGN KEY',<204>,8:8] rule tableConstraint
consume [@32,294:294='(',<148>,8:20] rule tableConstraint
enter   columnNameList, LT(1)=parent_dept_id
enter   columnName, LT(1)=parent_dept_id
consume [@33,295:308='parent_dept_id',<216>,8:21] rule columnName
exit    columnName, LT(1)=)
exit    columnNameList, LT(1)=)
consume [@34,309:309=')',<149>,8:35] rule tableConstraint
consume [@35,311:320='REFERENCES',<181>,8:37] rule tableConstraint
enter   tableName, LT(1)=department
consume [@36,322:331='department',<216>,8:48] rule tableName
exit    tableName, LT(1)=(
consume [@37,332:332='(',<148>,8:58] rule tableConstraint
enter   columnNameList, LT(1)=department_id
enter   columnName, LT(1)=department_id
consume [@38,333:345='department_id',<216>,8:59] rule columnName
exit    columnName, LT(1)=)
exit    columnNameList, LT(1)=)
consume [@39,346:346=')',<149>,8:72] rule tableConstraint
exit    tableConstraint, LT(1)=)
consume [@40,352:352=')',<149>,9:4] rule createTableStatement
consume [@41,353:353=';',<152>,9:5] rule createTableStatement
exit    createTableStatement, LT(1)=<EOF>
consume [@42,355:354='<EOF>',<-1>,10:0] rule sqlScript
exit    sqlScript, LT(1)=<EOF>
]]></system-out>
  </testcase>
  <testcase name="testParseEmployeeDepartmentTable_WithCompositePrimaryKeyAndFKs" classname="com.sqldomaingen.TableParsingTest" time="0.006">
    <system-out><![CDATA[enter   sqlScript, LT(1)=CREATE
enter   createTableStatement, LT(1)=CREATE
consume [@0,0:5='CREATE',<171>,1:0] rule createTableStatement
consume [@1,7:11='TABLE',<170>,1:7] rule createTableStatement
enter   tableName, LT(1)=employee_department
consume [@2,13:31='employee_department',<216>,1:13] rule tableName
exit    tableName, LT(1)=(
consume [@3,33:33='(',<148>,1:33] rule createTableStatement
enter   columnDef, LT(1)=employee_id
enter   columnName, LT(1)=employee_id
consume [@4,39:49='employee_id',<216>,2:4] rule columnName
exit    columnName, LT(1)=INT
enter   dataType, LT(1)=INT
consume [@5,51:53='INT',<174>,2:16] rule dataType
exit    dataType, LT(1)=NOT NULL
enter   constraint, LT(1)=NOT NULL
consume [@6,55:62='NOT NULL',<205>,2:20] rule constraint
exit    constraint, LT(1)=,
exit    columnDef, LT(1)=,
consume [@7,63:63=',',<155>,2:28] rule createTableStatement
enter   columnDef, LT(1)=department_id
enter   columnName, LT(1)=department_id
consume [@8,69:81='department_id',<216>,3:4] rule columnName
exit    columnName, LT(1)=INT
enter   dataType, LT(1)=INT
consume [@9,83:85='INT',<174>,3:18] rule dataType
exit    dataType, LT(1)=NOT NULL
enter   constraint, LT(1)=NOT NULL
consume [@10,87:94='NOT NULL',<205>,3:22] rule constraint
exit    constraint, LT(1)=,
exit    columnDef, LT(1)=,
consume [@11,95:95=',',<155>,3:30] rule createTableStatement
enter   columnDef, LT(1)=assigned_at
enter   columnName, LT(1)=assigned_at
consume [@12,101:111='assigned_at',<216>,4:4] rule columnName
exit    columnName, LT(1)=TIMESTAMP
enter   dataType, LT(1)=TIMESTAMP
consume [@13,113:121='TIMESTAMP',<55>,4:16] rule dataType
exit    dataType, LT(1)=DEFAULT
enter   constraint, LT(1)=DEFAULT
consume [@14,123:129='DEFAULT',<189>,4:26] rule constraint
enter   value, LT(1)=CURRENT_TIMESTAMP
consume [@15,131:147='CURRENT_TIMESTAMP',<69>,4:34] rule value
exit    value, LT(1)=,
exit    constraint, LT(1)=,
exit    columnDef, LT(1)=,
consume [@16,148:148=',',<155>,4:51] rule createTableStatement
enter   columnDef, LT(1)=assigned_by
enter   columnName, LT(1)=assigned_by
consume [@17,154:164='assigned_by',<216>,5:4] rule columnName
exit    columnName, LT(1)=VARCHAR
enter   dataType, LT(1)=VARCHAR
consume [@18,166:172='VARCHAR',<175>,5:16] rule dataType
consume [@19,173:173='(',<148>,5:23] rule dataType
consume [@20,174:176='100',<218>,5:24] rule dataType
consume [@21,177:177=')',<149>,5:27] rule dataType
exit    dataType, LT(1)=,
exit    columnDef, LT(1)=,
consume [@22,178:178=',',<155>,5:28] rule createTableStatement
enter   tableConstraint, LT(1)=PRIMARY KEY
consume [@23,184:194='PRIMARY KEY',<183>,6:4] rule tableConstraint
consume [@24,196:196='(',<148>,6:16] rule tableConstraint
enter   columnNameList, LT(1)=employee_id
enter   columnName, LT(1)=employee_id
consume [@25,197:207='employee_id',<216>,6:17] rule columnName
exit    columnName, LT(1)=,
consume [@26,208:208=',',<155>,6:28] rule columnNameList
enter   columnName, LT(1)=department_id
consume [@27,210:222='department_id',<216>,6:30] rule columnName
exit    columnName, LT(1)=)
exit    columnNameList, LT(1)=)
consume [@28,223:223=')',<149>,6:43] rule tableConstraint
exit    tableConstraint, LT(1)=,
consume [@29,224:224=',',<155>,6:44] rule createTableStatement
enter   tableConstraint, LT(1)=FOREIGN KEY
consume [@30,230:240='FOREIGN KEY',<204>,7:4] rule tableConstraint
consume [@31,242:242='(',<148>,7:16] rule tableConstraint
enter   columnNameList, LT(1)=employee_id
enter   columnName, LT(1)=employee_id
consume [@32,243:253='employee_id',<216>,7:17] rule columnName
exit    columnName, LT(1)=)
exit    columnNameList, LT(1)=)
consume [@33,254:254=')',<149>,7:28] rule tableConstraint
consume [@34,256:265='REFERENCES',<181>,7:30] rule tableConstraint
enter   tableName, LT(1)=employee
consume [@35,267:274='employee',<216>,7:41] rule tableName
exit    tableName, LT(1)=(
consume [@36,275:275='(',<148>,7:49] rule tableConstraint
enter   columnNameList, LT(1)=id
enter   columnName, LT(1)=id
consume [@37,276:277='id',<216>,7:50] rule columnName
exit    columnName, LT(1)=)
exit    columnNameList, LT(1)=)
consume [@38,278:278=')',<149>,7:52] rule tableConstraint
exit    tableConstraint, LT(1)=,
consume [@39,279:279=',',<155>,7:53] rule createTableStatement
enter   tableConstraint, LT(1)=FOREIGN KEY
consume [@40,285:295='FOREIGN KEY',<204>,8:4] rule tableConstraint
consume [@41,297:297='(',<148>,8:16] rule tableConstraint
enter   columnNameList, LT(1)=department_id
enter   columnName, LT(1)=department_id
consume [@42,298:310='department_id',<216>,8:17] rule columnName
exit    columnName, LT(1)=)
exit    columnNameList, LT(1)=)
consume [@43,311:311=')',<149>,8:30] rule tableConstraint
consume [@44,313:322='REFERENCES',<181>,8:32] rule tableConstraint
enter   tableName, LT(1)=department
consume [@45,324:333='department',<216>,8:43] rule tableName
exit    tableName, LT(1)=(
consume [@46,334:334='(',<148>,8:53] rule tableConstraint
enter   columnNameList, LT(1)=id
enter   columnName, LT(1)=id
consume [@47,335:336='id',<216>,8:54] rule columnName
exit    columnName, LT(1)=)
exit    columnNameList, LT(1)=)
consume [@48,337:337=')',<149>,8:56] rule tableConstraint
exit    tableConstraint, LT(1)=)
consume [@49,339:339=')',<149>,9:0] rule createTableStatement
consume [@50,340:340=';',<152>,9:1] rule createTableStatement
exit    createTableStatement, LT(1)=<EOF>
consume [@51,342:341='<EOF>',<-1>,10:0] rule sqlScript
exit    sqlScript, LT(1)=<EOF>
]]></system-out>
  </testcase>
  <testcase name="testParseCreateTriggerStatement" classname="com.sqldomaingen.TableParsingTest" time="0.002">
    <system-out><![CDATA[enter   sqlScript, LT(1)=CREATE
enter   triggerStatement, LT(1)=CREATE
consume [@0,0:5='CREATE',<171>,1:0] rule triggerStatement
consume [@1,7:13='TRIGGER',<206>,1:7] rule triggerStatement
consume [@2,15:43='trg_department_set_updated_at',<216>,1:15] rule triggerStatement
enter   triggerTiming, LT(1)=BEFORE
consume [@3,45:50='BEFORE',<207>,2:0] rule triggerTiming
exit    triggerTiming, LT(1)=UPDATE
enter   triggerEvent, LT(1)=UPDATE
consume [@4,52:57='UPDATE',<209>,2:7] rule triggerEvent
exit    triggerEvent, LT(1)=ON
consume [@5,59:60='ON',<157>,2:14] rule triggerStatement
enter   tableName, LT(1)=department
consume [@6,62:71='department',<216>,2:17] rule tableName
exit    tableName, LT(1)=FOR EACH ROW
consume [@7,73:84='FOR EACH ROW',<78>,3:0] rule triggerStatement
consume [@8,86:101='EXECUTE FUNCTION',<79>,4:0] rule triggerStatement
consume [@9,103:116='set_updated_at',<216>,4:17] rule triggerStatement
consume [@10,117:117='(',<148>,4:31] rule triggerStatement
consume [@11,118:118=')',<149>,4:32] rule triggerStatement
consume [@12,119:119=';',<152>,4:33] rule triggerStatement
exit    triggerStatement, LT(1)=<EOF>
consume [@13,121:120='<EOF>',<-1>,5:0] rule sqlScript
exit    sqlScript, LT(1)=<EOF>
]]></system-out>
  </testcase>
  <testcase name="testParseDepartmentDayOffTable" classname="com.sqldomaingen.TableParsingTest" time="0.006">
    <system-out><![CDATA[enter   sqlScript, LT(1)=CREATE
enter   createTableStatement, LT(1)=CREATE
consume [@0,0:5='CREATE',<171>,1:0] rule createTableStatement
consume [@1,7:11='TABLE',<170>,1:7] rule createTableStatement
enter   tableName, LT(1)=department_day_off
consume [@2,13:30='department_day_off',<216>,1:13] rule tableName
exit    tableName, LT(1)=(
consume [@3,32:32='(',<148>,1:32] rule createTableStatement
enter   columnDef, LT(1)=day_off_id
enter   columnName, LT(1)=day_off_id
consume [@4,38:47='day_off_id',<216>,2:4] rule columnName
exit    columnName, LT(1)=SERIAL
enter   dataType, LT(1)=SERIAL
consume [@5,49:54='SERIAL',<182>,2:15] rule dataType
exit    dataType, LT(1)=PRIMARY KEY
enter   constraint, LT(1)=PRIMARY KEY
consume [@6,56:66='PRIMARY KEY',<183>,2:22] rule constraint
exit    constraint, LT(1)=,
exit    columnDef, LT(1)=,
consume [@7,67:67=',',<155>,2:33] rule createTableStatement
enter   columnDef, LT(1)=department_id
enter   columnName, LT(1)=department_id
consume [@8,73:85='department_id',<216>,3:4] rule columnName
exit    columnName, LT(1)=INT
enter   dataType, LT(1)=INT
consume [@9,87:89='INT',<174>,3:18] rule dataType
exit    dataType, LT(1)=NOT NULL
enter   constraint, LT(1)=NOT NULL
consume [@10,91:98='NOT NULL',<205>,3:22] rule constraint
exit    constraint, LT(1)=,
exit    columnDef, LT(1)=,
consume [@11,99:99=',',<155>,3:30] rule createTableStatement
enter   columnDef, LT(1)=name
enter   columnName, LT(1)=name
consume [@12,105:108='name',<216>,4:4] rule columnName
exit    columnName, LT(1)=VARCHAR
enter   dataType, LT(1)=VARCHAR
consume [@13,110:116='VARCHAR',<175>,4:9] rule dataType
consume [@14,117:117='(',<148>,4:16] rule dataType
consume [@15,118:120='100',<218>,4:17] rule dataType
consume [@16,121:121=')',<149>,4:20] rule dataType
exit    dataType, LT(1)=NOT NULL
enter   constraint, LT(1)=NOT NULL
consume [@17,123:130='NOT NULL',<205>,4:22] rule constraint
exit    constraint, LT(1)=,
exit    columnDef, LT(1)=,
consume [@18,131:131=',',<155>,4:30] rule createTableStatement
enter   columnDef, LT(1)=description
enter   columnName, LT(1)=description
consume [@19,137:147='description',<216>,5:4] rule columnName
exit    columnName, LT(1)=TEXT
enter   dataType, LT(1)=TEXT
consume [@20,149:152='TEXT',<201>,5:16] rule dataType
exit    dataType, LT(1)=,
exit    columnDef, LT(1)=,
consume [@21,153:153=',',<155>,5:20] rule createTableStatement
enter   columnDef, LT(1)=date
enter   columnName, LT(1)=date
consume [@22,159:162='date',<216>,6:4] rule columnName
exit    columnName, LT(1)=DATE
enter   dataType, LT(1)=DATE
consume [@23,164:167='DATE',<50>,6:9] rule dataType
exit    dataType, LT(1)=NOT NULL
enter   constraint, LT(1)=NOT NULL
consume [@24,169:176='NOT NULL',<205>,6:14] rule constraint
exit    constraint, LT(1)=,
exit    columnDef, LT(1)=,
consume [@25,177:177=',',<155>,6:22] rule createTableStatement
enter   columnDef, LT(1)=is_recurring
enter   columnName, LT(1)=is_recurring
consume [@26,183:194='is_recurring',<216>,7:4] rule columnName
exit    columnName, LT(1)=BOOLEAN
enter   dataType, LT(1)=BOOLEAN
consume [@27,196:202='BOOLEAN',<203>,7:17] rule dataType
exit    dataType, LT(1)=DEFAULT
enter   constraint, LT(1)=DEFAULT
consume [@28,204:210='DEFAULT',<189>,7:25] rule constraint
enter   value, LT(1)=FALSE
consume [@29,212:216='FALSE',<136>,7:33] rule value
exit    value, LT(1)=,
exit    constraint, LT(1)=,
exit    columnDef, LT(1)=,
consume [@30,217:217=',',<155>,7:38] rule createTableStatement
enter   columnDef, LT(1)=recur_pattern_id
enter   columnName, LT(1)=recur_pattern_id
consume [@31,223:238='recur_pattern_id',<216>,8:4] rule columnName
exit    columnName, LT(1)=INT
enter   dataType, LT(1)=INT
consume [@32,240:242='INT',<174>,8:21] rule dataType
exit    dataType, LT(1)=,
exit    columnDef, LT(1)=,
consume [@33,243:243=',',<155>,8:24] rule createTableStatement
enter   columnDef, LT(1)=created_at
enter   columnName, LT(1)=created_at
consume [@34,249:258='created_at',<216>,9:4] rule columnName
exit    columnName, LT(1)=TIMESTAMP
enter   dataType, LT(1)=TIMESTAMP
consume [@35,260:268='TIMESTAMP',<55>,9:15] rule dataType
exit    dataType, LT(1)=DEFAULT
enter   constraint, LT(1)=DEFAULT
consume [@36,270:276='DEFAULT',<189>,9:25] rule constraint
enter   value, LT(1)=CURRENT_TIMESTAMP
consume [@37,278:294='CURRENT_TIMESTAMP',<69>,9:33] rule value
exit    value, LT(1)=,
exit    constraint, LT(1)=,
exit    columnDef, LT(1)=,
consume [@38,295:295=',',<155>,9:50] rule createTableStatement
enter   columnDef, LT(1)=updated_at
enter   columnName, LT(1)=updated_at
consume [@39,301:310='updated_at',<216>,10:4] rule columnName
exit    columnName, LT(1)=TIMESTAMP
enter   dataType, LT(1)=TIMESTAMP
consume [@40,312:320='TIMESTAMP',<55>,10:15] rule dataType
exit    dataType, LT(1)=DEFAULT
enter   constraint, LT(1)=DEFAULT
consume [@41,322:328='DEFAULT',<189>,10:25] rule constraint
enter   value, LT(1)=CURRENT_TIMESTAMP
consume [@42,330:346='CURRENT_TIMESTAMP',<69>,10:33] rule value
exit    value, LT(1)=,
exit    constraint, LT(1)=,
exit    columnDef, LT(1)=,
consume [@43,347:347=',',<155>,10:50] rule createTableStatement
enter   tableConstraint, LT(1)=FOREIGN KEY
consume [@44,353:363='FOREIGN KEY',<204>,11:4] rule tableConstraint
consume [@45,365:365='(',<148>,11:16] rule tableConstraint
enter   columnNameList, LT(1)=department_id
enter   columnName, LT(1)=department_id
consume [@46,366:378='department_id',<216>,11:17] rule columnName
exit    columnName, LT(1)=)
exit    columnNameList, LT(1)=)
consume [@47,379:379=')',<149>,11:30] rule tableConstraint
consume [@48,381:390='REFERENCES',<181>,11:32] rule tableConstraint
enter   tableName, LT(1)=department
consume [@49,392:401='department',<216>,11:43] rule tableName
exit    tableName, LT(1)=(
consume [@50,402:402='(',<148>,11:53] rule tableConstraint
enter   columnNameList, LT(1)=department_id
enter   columnName, LT(1)=department_id
consume [@51,403:415='department_id',<216>,11:54] rule columnName
exit    columnName, LT(1)=)
exit    columnNameList, LT(1)=)
consume [@52,416:416=')',<149>,11:67] rule tableConstraint
exit    tableConstraint, LT(1)=,
consume [@53,417:417=',',<155>,11:68] rule createTableStatement
enter   tableConstraint, LT(1)=FOREIGN KEY
consume [@54,423:433='FOREIGN KEY',<204>,12:4] rule tableConstraint
consume [@55,435:435='(',<148>,12:16] rule tableConstraint
enter   columnNameList, LT(1)=recur_pattern_id
enter   columnName, LT(1)=recur_pattern_id
consume [@56,436:451='recur_pattern_id',<216>,12:17] rule columnName
exit    columnName, LT(1)=)
exit    columnNameList, LT(1)=)
consume [@57,452:452=')',<149>,12:33] rule tableConstraint
consume [@58,454:463='REFERENCES',<181>,12:35] rule tableConstraint
enter   tableName, LT(1)=recurring_pattern
consume [@59,465:481='recurring_pattern',<216>,12:46] rule tableName
exit    tableName, LT(1)=(
consume [@60,482:482='(',<148>,12:63] rule tableConstraint
enter   columnNameList, LT(1)=pattern_id
enter   columnName, LT(1)=pattern_id
consume [@61,483:492='pattern_id',<216>,12:64] rule columnName
exit    columnName, LT(1)=)
exit    columnNameList, LT(1)=)
consume [@62,493:493=')',<149>,12:74] rule tableConstraint
exit    tableConstraint, LT(1)=)
consume [@63,495:495=')',<149>,13:0] rule createTableStatement
consume [@64,496:496=';',<152>,13:1] rule createTableStatement
exit    createTableStatement, LT(1)=<EOF>
consume [@65,498:497='<EOF>',<-1>,14:0] rule sqlScript
exit    sqlScript, LT(1)=<EOF>
]]></system-out>
  </testcase>
  <testcase name="testParseAbsenceTable" classname="com.sqldomaingen.TableParsingTest" time="0.006">
    <system-out><![CDATA[enter   sqlScript, LT(1)=CREATE
enter   createTableStatement, LT(1)=CREATE
consume [@0,0:5='CREATE',<171>,1:0] rule createTableStatement
consume [@1,7:11='TABLE',<170>,1:7] rule createTableStatement
enter   tableName, LT(1)=absence
consume [@2,13:19='absence',<216>,1:13] rule tableName
exit    tableName, LT(1)=(
consume [@3,21:21='(',<148>,1:21] rule createTableStatement
enter   columnDef, LT(1)=absence_id
enter   columnName, LT(1)=absence_id
consume [@4,27:36='absence_id',<216>,2:4] rule columnName
exit    columnName, LT(1)=SERIAL
enter   dataType, LT(1)=SERIAL
consume [@5,38:43='SERIAL',<182>,2:15] rule dataType
exit    dataType, LT(1)=PRIMARY KEY
enter   constraint, LT(1)=PRIMARY KEY
consume [@6,45:55='PRIMARY KEY',<183>,2:22] rule constraint
exit    constraint, LT(1)=,
exit    columnDef, LT(1)=,
consume [@7,56:56=',',<155>,2:33] rule createTableStatement
enter   columnDef, LT(1)=user_id
enter   columnName, LT(1)=user_id
consume [@8,62:68='user_id',<216>,3:4] rule columnName
exit    columnName, LT(1)=INT
enter   dataType, LT(1)=INT
consume [@9,70:72='INT',<174>,3:12] rule dataType
exit    dataType, LT(1)=NOT NULL
enter   constraint, LT(1)=NOT NULL
consume [@10,74:81='NOT NULL',<205>,3:16] rule constraint
exit    constraint, LT(1)=,
exit    columnDef, LT(1)=,
consume [@11,82:82=',',<155>,3:24] rule createTableStatement
enter   columnDef, LT(1)=start_time
enter   columnName, LT(1)=start_time
consume [@12,88:97='start_time',<216>,4:4] rule columnName
exit    columnName, LT(1)=TIMESTAMP
enter   dataType, LT(1)=TIMESTAMP
consume [@13,99:107='TIMESTAMP',<55>,4:15] rule dataType
exit    dataType, LT(1)=NOT NULL
enter   constraint, LT(1)=NOT NULL
consume [@14,109:116='NOT NULL',<205>,4:25] rule constraint
exit    constraint, LT(1)=,
exit    columnDef, LT(1)=,
consume [@15,117:117=',',<155>,4:33] rule createTableStatement
enter   columnDef, LT(1)=end_time
enter   columnName, LT(1)=end_time
consume [@16,123:130='end_time',<216>,5:4] rule columnName
exit    columnName, LT(1)=TIMESTAMP
enter   dataType, LT(1)=TIMESTAMP
consume [@17,132:140='TIMESTAMP',<55>,5:13] rule dataType
exit    dataType, LT(1)=NOT NULL
enter   constraint, LT(1)=NOT NULL
consume [@18,142:149='NOT NULL',<205>,5:23] rule constraint
exit    constraint, LT(1)=,
exit    columnDef, LT(1)=,
consume [@19,150:150=',',<155>,5:31] rule createTableStatement
enter   columnDef, LT(1)=reason
enter   columnName, LT(1)=reason
consume [@20,156:161='reason',<216>,6:4] rule columnName
exit    columnName, LT(1)=TEXT
enter   dataType, LT(1)=TEXT
consume [@21,163:166='TEXT',<201>,6:11] rule dataType
exit    dataType, LT(1)=,
exit    columnDef, LT(1)=,
consume [@22,167:167=',',<155>,6:15] rule createTableStatement
enter   columnDef, LT(1)=is_notification
enter   columnName, LT(1)=is_notification
consume [@23,173:187='is_notification',<216>,7:4] rule columnName
exit    columnName, LT(1)=BOOLEAN
enter   dataType, LT(1)=BOOLEAN
consume [@24,189:195='BOOLEAN',<203>,7:20] rule dataType
exit    dataType, LT(1)=DEFAULT
enter   constraint, LT(1)=DEFAULT
consume [@25,197:203='DEFAULT',<189>,7:28] rule constraint
enter   value, LT(1)=FALSE
consume [@26,205:209='FALSE',<136>,7:36] rule value
exit    value, LT(1)=,
exit    constraint, LT(1)=,
exit    columnDef, LT(1)=,
consume [@27,210:210=',',<155>,7:41] rule createTableStatement
enter   columnDef, LT(1)=created_at
enter   columnName, LT(1)=created_at
consume [@28,216:225='created_at',<216>,8:4] rule columnName
exit    columnName, LT(1)=TIMESTAMP
enter   dataType, LT(1)=TIMESTAMP
consume [@29,227:235='TIMESTAMP',<55>,8:15] rule dataType
exit    dataType, LT(1)=DEFAULT
enter   constraint, LT(1)=DEFAULT
consume [@30,237:243='DEFAULT',<189>,8:25] rule constraint
enter   value, LT(1)=CURRENT_TIMESTAMP
consume [@31,245:261='CURRENT_TIMESTAMP',<69>,8:33] rule value
exit    value, LT(1)=,
exit    constraint, LT(1)=,
exit    columnDef, LT(1)=,
consume [@32,262:262=',',<155>,8:50] rule createTableStatement
enter   columnDef, LT(1)=updated_at
enter   columnName, LT(1)=updated_at
consume [@33,268:277='updated_at',<216>,9:4] rule columnName
exit    columnName, LT(1)=TIMESTAMP
enter   dataType, LT(1)=TIMESTAMP
consume [@34,279:287='TIMESTAMP',<55>,9:15] rule dataType
exit    dataType, LT(1)=DEFAULT
enter   constraint, LT(1)=DEFAULT
consume [@35,289:295='DEFAULT',<189>,9:25] rule constraint
enter   value, LT(1)=CURRENT_TIMESTAMP
consume [@36,297:313='CURRENT_TIMESTAMP',<69>,9:33] rule value
exit    value, LT(1)=,
exit    constraint, LT(1)=,
exit    columnDef, LT(1)=,
consume [@37,314:314=',',<155>,9:50] rule createTableStatement
enter   tableConstraint, LT(1)=FOREIGN KEY
consume [@38,320:330='FOREIGN KEY',<204>,10:4] rule tableConstraint
consume [@39,332:332='(',<148>,10:16] rule tableConstraint
enter   columnNameList, LT(1)=user_id
enter   columnName, LT(1)=user_id
consume [@40,333:339='user_id',<216>,10:17] rule columnName
exit    columnName, LT(1)=)
exit    columnNameList, LT(1)=)
consume [@41,340:340=')',<149>,10:24] rule tableConstraint
consume [@42,342:351='REFERENCES',<181>,10:26] rule tableConstraint
enter   tableName, LT(1)=user
consume [@43,353:356='user',<216>,10:37] rule tableName
exit    tableName, LT(1)=(
consume [@44,357:357='(',<148>,10:41] rule tableConstraint
enter   columnNameList, LT(1)=user_id
enter   columnName, LT(1)=user_id
consume [@45,358:364='user_id',<216>,10:42] rule columnName
exit    columnName, LT(1)=)
exit    columnNameList, LT(1)=)
consume [@46,365:365=')',<149>,10:49] rule tableConstraint
exit    tableConstraint, LT(1)=)
consume [@47,367:367=')',<149>,11:0] rule createTableStatement
consume [@48,368:368=';',<152>,11:1] rule createTableStatement
exit    createTableStatement, LT(1)=<EOF>
consume [@49,370:369='<EOF>',<-1>,12:0] rule sqlScript
exit    sqlScript, LT(1)=<EOF>
]]></system-out>
  </testcase>
  <testcase name="testParseTimeOffRequestTable" classname="com.sqldomaingen.TableParsingTest" time="0.008">
    <system-out><![CDATA[enter   sqlScript, LT(1)=CREATE
enter   createTableStatement, LT(1)=CREATE
consume [@0,0:5='CREATE',<171>,1:0] rule createTableStatement
consume [@1,7:11='TABLE',<170>,1:7] rule createTableStatement
enter   tableName, LT(1)=time_off_request
consume [@2,13:28='time_off_request',<216>,1:13] rule tableName
exit    tableName, LT(1)=(
consume [@3,30:30='(',<148>,1:30] rule createTableStatement
enter   columnDef, LT(1)=request_id
enter   columnName, LT(1)=request_id
consume [@4,36:45='request_id',<216>,2:4] rule columnName
exit    columnName, LT(1)=SERIAL
enter   dataType, LT(1)=SERIAL
consume [@5,47:52='SERIAL',<182>,2:15] rule dataType
exit    dataType, LT(1)=PRIMARY KEY
enter   constraint, LT(1)=PRIMARY KEY
consume [@6,54:64='PRIMARY KEY',<183>,2:22] rule constraint
exit    constraint, LT(1)=,
exit    columnDef, LT(1)=,
consume [@7,65:65=',',<155>,2:33] rule createTableStatement
enter   columnDef, LT(1)=user_id
enter   columnName, LT(1)=user_id
consume [@8,71:77='user_id',<216>,3:4] rule columnName
exit    columnName, LT(1)=INT
enter   dataType, LT(1)=INT
consume [@9,79:81='INT',<174>,3:12] rule dataType
exit    dataType, LT(1)=NOT NULL
enter   constraint, LT(1)=NOT NULL
consume [@10,83:90='NOT NULL',<205>,3:16] rule constraint
exit    constraint, LT(1)=,
exit    columnDef, LT(1)=,
consume [@11,91:91=',',<155>,3:24] rule createTableStatement
enter   columnDef, LT(1)=start_date
enter   columnName, LT(1)=start_date
consume [@12,97:106='start_date',<216>,4:4] rule columnName
exit    columnName, LT(1)=DATE
enter   dataType, LT(1)=DATE
consume [@13,108:111='DATE',<50>,4:15] rule dataType
exit    dataType, LT(1)=NOT NULL
enter   constraint, LT(1)=NOT NULL
consume [@14,113:120='NOT NULL',<205>,4:20] rule constraint
exit    constraint, LT(1)=,
exit    columnDef, LT(1)=,
consume [@15,121:121=',',<155>,4:28] rule createTableStatement
enter   columnDef, LT(1)=end_date
enter   columnName, LT(1)=end_date
consume [@16,127:134='end_date',<216>,5:4] rule columnName
exit    columnName, LT(1)=DATE
enter   dataType, LT(1)=DATE
consume [@17,136:139='DATE',<50>,5:13] rule dataType
exit    dataType, LT(1)=NOT NULL
enter   constraint, LT(1)=NOT NULL
consume [@18,141:148='NOT NULL',<205>,5:18] rule constraint
exit    constraint, LT(1)=,
exit    columnDef, LT(1)=,
consume [@19,149:149=',',<155>,5:26] rule createTableStatement
enter   columnDef, LT(1)=type
enter   columnName, LT(1)=type
consume [@20,155:158='type',<216>,6:4] rule columnName
exit    columnName, LT(1)=VARCHAR
enter   dataType, LT(1)=VARCHAR
consume [@21,160:166='VARCHAR',<175>,6:9] rule dataType
consume [@22,167:167='(',<148>,6:16] rule dataType
consume [@23,168:169='50',<218>,6:17] rule dataType
consume [@24,170:170=')',<149>,6:19] rule dataType
exit    dataType, LT(1)=NOT NULL
enter   constraint, LT(1)=NOT NULL
consume [@25,172:179='NOT NULL',<205>,6:21] rule constraint
exit    constraint, LT(1)=,
exit    columnDef, LT(1)=,
consume [@26,180:180=',',<155>,6:29] rule createTableStatement
enter   columnDef, LT(1)=status
enter   columnName, LT(1)=status
consume [@27,186:191='status',<216>,7:4] rule columnName
exit    columnName, LT(1)=VARCHAR
enter   dataType, LT(1)=VARCHAR
consume [@28,193:199='VARCHAR',<175>,7:11] rule dataType
consume [@29,200:200='(',<148>,7:18] rule dataType
consume [@30,201:202='50',<218>,7:19] rule dataType
consume [@31,203:203=')',<149>,7:21] rule dataType
exit    dataType, LT(1)=NOT NULL
enter   constraint, LT(1)=NOT NULL
consume [@32,205:212='NOT NULL',<205>,7:23] rule constraint
exit    constraint, LT(1)=,
exit    columnDef, LT(1)=,
consume [@33,213:213=',',<155>,7:31] rule createTableStatement
enter   columnDef, LT(1)=supervisor_id
enter   columnName, LT(1)=supervisor_id
consume [@34,219:231='supervisor_id',<216>,8:4] rule columnName
exit    columnName, LT(1)=INT
enter   dataType, LT(1)=INT
consume [@35,233:235='INT',<174>,8:18] rule dataType
exit    dataType, LT(1)=,
exit    columnDef, LT(1)=,
consume [@36,236:236=',',<155>,8:21] rule createTableStatement
enter   columnDef, LT(1)=reason
enter   columnName, LT(1)=reason
consume [@37,242:247='reason',<216>,9:4] rule columnName
exit    columnName, LT(1)=TEXT
enter   dataType, LT(1)=TEXT
consume [@38,249:252='TEXT',<201>,9:11] rule dataType
exit    dataType, LT(1)=,
exit    columnDef, LT(1)=,
consume [@39,253:253=',',<155>,9:15] rule createTableStatement
enter   columnDef, LT(1)=comments
enter   columnName, LT(1)=comments
consume [@40,259:266='comments',<216>,10:4] rule columnName
exit    columnName, LT(1)=TEXT
enter   dataType, LT(1)=TEXT
consume [@41,268:271='TEXT',<201>,10:13] rule dataType
exit    dataType, LT(1)=,
exit    columnDef, LT(1)=,
consume [@42,272:272=',',<155>,10:17] rule createTableStatement
enter   columnDef, LT(1)=created_at
enter   columnName, LT(1)=created_at
consume [@43,278:287='created_at',<216>,11:4] rule columnName
exit    columnName, LT(1)=TIMESTAMP
enter   dataType, LT(1)=TIMESTAMP
consume [@44,289:297='TIMESTAMP',<55>,11:15] rule dataType
exit    dataType, LT(1)=DEFAULT
enter   constraint, LT(1)=DEFAULT
consume [@45,299:305='DEFAULT',<189>,11:25] rule constraint
enter   value, LT(1)=CURRENT_TIMESTAMP
consume [@46,307:323='CURRENT_TIMESTAMP',<69>,11:33] rule value
exit    value, LT(1)=,
exit    constraint, LT(1)=,
exit    columnDef, LT(1)=,
consume [@47,324:324=',',<155>,11:50] rule createTableStatement
enter   columnDef, LT(1)=updated_at
enter   columnName, LT(1)=updated_at
consume [@48,330:339='updated_at',<216>,12:4] rule columnName
exit    columnName, LT(1)=TIMESTAMP
enter   dataType, LT(1)=TIMESTAMP
consume [@49,341:349='TIMESTAMP',<55>,12:15] rule dataType
exit    dataType, LT(1)=DEFAULT
enter   constraint, LT(1)=DEFAULT
consume [@50,351:357='DEFAULT',<189>,12:25] rule constraint
enter   value, LT(1)=CURRENT_TIMESTAMP
consume [@51,359:375='CURRENT_TIMESTAMP',<69>,12:33] rule value
exit    value, LT(1)=,
exit    constraint, LT(1)=,
exit    columnDef, LT(1)=,
consume [@52,376:376=',',<155>,12:50] rule createTableStatement
enter   tableConstraint, LT(1)=FOREIGN KEY
consume [@53,382:392='FOREIGN KEY',<204>,13:4] rule tableConstraint
consume [@54,394:394='(',<148>,13:16] rule tableConstraint
enter   columnNameList, LT(1)=user_id
enter   columnName, LT(1)=user_id
consume [@55,395:401='user_id',<216>,13:17] rule columnName
exit    columnName, LT(1)=)
exit    columnNameList, LT(1)=)
consume [@56,402:402=')',<149>,13:24] rule tableConstraint
consume [@57,404:413='REFERENCES',<181>,13:26] rule tableConstraint
enter   tableName, LT(1)=user
consume [@58,415:418='user',<216>,13:37] rule tableName
exit    tableName, LT(1)=(
consume [@59,419:419='(',<148>,13:41] rule tableConstraint
enter   columnNameList, LT(1)=user_id
enter   columnName, LT(1)=user_id
consume [@60,420:426='user_id',<216>,13:42] rule columnName
exit    columnName, LT(1)=)
exit    columnNameList, LT(1)=)
consume [@61,427:427=')',<149>,13:49] rule tableConstraint
exit    tableConstraint, LT(1)=,
consume [@62,428:428=',',<155>,13:50] rule createTableStatement
enter   tableConstraint, LT(1)=FOREIGN KEY
consume [@63,434:444='FOREIGN KEY',<204>,14:4] rule tableConstraint
consume [@64,446:446='(',<148>,14:16] rule tableConstraint
enter   columnNameList, LT(1)=supervisor_id
enter   columnName, LT(1)=supervisor_id
consume [@65,447:459='supervisor_id',<216>,14:17] rule columnName
exit    columnName, LT(1)=)
exit    columnNameList, LT(1)=)
consume [@66,460:460=')',<149>,14:30] rule tableConstraint
consume [@67,462:471='REFERENCES',<181>,14:32] rule tableConstraint
enter   tableName, LT(1)=user
consume [@68,473:476='user',<216>,14:43] rule tableName
exit    tableName, LT(1)=(
consume [@69,477:477='(',<148>,14:47] rule tableConstraint
enter   columnNameList, LT(1)=user_id
enter   columnName, LT(1)=user_id
consume [@70,478:484='user_id',<216>,14:48] rule columnName
exit    columnName, LT(1)=)
exit    columnNameList, LT(1)=)
consume [@71,485:485=')',<149>,14:55] rule tableConstraint
exit    tableConstraint, LT(1)=)
consume [@72,487:487=')',<149>,15:0] rule createTableStatement
consume [@73,488:488=';',<152>,15:1] rule createTableStatement
exit    createTableStatement, LT(1)=<EOF>
consume [@74,490:489='<EOF>',<-1>,16:0] rule sqlScript
exit    sqlScript, LT(1)=<EOF>
]]></system-out>
  </testcase>
  <testcase name="testParseHolidayTable" classname="com.sqldomaingen.TableParsingTest" time="0.008">
    <system-out><![CDATA[enter   sqlScript, LT(1)=CREATE
enter   createTableStatement, LT(1)=CREATE
consume [@0,0:5='CREATE',<171>,1:0] rule createTableStatement
consume [@1,7:11='TABLE',<170>,1:7] rule createTableStatement
enter   tableName, LT(1)=holiday
consume [@2,13:19='holiday',<216>,1:13] rule tableName
exit    tableName, LT(1)=(
consume [@3,21:21='(',<148>,1:21] rule createTableStatement
enter   columnDef, LT(1)=holiday_id
enter   columnName, LT(1)=holiday_id
consume [@4,27:36='holiday_id',<216>,2:4] rule columnName
exit    columnName, LT(1)=SERIAL
enter   dataType, LT(1)=SERIAL
consume [@5,38:43='SERIAL',<182>,2:15] rule dataType
exit    dataType, LT(1)=PRIMARY KEY
enter   constraint, LT(1)=PRIMARY KEY
consume [@6,45:55='PRIMARY KEY',<183>,2:22] rule constraint
exit    constraint, LT(1)=,
exit    columnDef, LT(1)=,
consume [@7,56:56=',',<155>,2:33] rule createTableStatement
enter   columnDef, LT(1)=name
enter   columnName, LT(1)=name
consume [@8,62:65='name',<216>,3:4] rule columnName
exit    columnName, LT(1)=VARCHAR
enter   dataType, LT(1)=VARCHAR
consume [@9,67:73='VARCHAR',<175>,3:9] rule dataType
consume [@10,74:74='(',<148>,3:16] rule dataType
consume [@11,75:77='100',<218>,3:17] rule dataType
consume [@12,78:78=')',<149>,3:20] rule dataType
exit    dataType, LT(1)=NOT NULL
enter   constraint, LT(1)=NOT NULL
consume [@13,80:87='NOT NULL',<205>,3:22] rule constraint
exit    constraint, LT(1)=,
exit    columnDef, LT(1)=,
consume [@14,88:88=',',<155>,3:30] rule createTableStatement
enter   columnDef, LT(1)=description
enter   columnName, LT(1)=description
consume [@15,94:104='description',<216>,4:4] rule columnName
exit    columnName, LT(1)=TEXT
enter   dataType, LT(1)=TEXT
consume [@16,106:109='TEXT',<201>,4:16] rule dataType
exit    dataType, LT(1)=,
exit    columnDef, LT(1)=,
consume [@17,110:110=',',<155>,4:20] rule createTableStatement
enter   columnDef, LT(1)=date
enter   columnName, LT(1)=date
consume [@18,116:119='date',<216>,5:4] rule columnName
exit    columnName, LT(1)=DATE
enter   dataType, LT(1)=DATE
consume [@19,121:124='DATE',<50>,5:9] rule dataType
exit    dataType, LT(1)=NOT NULL
enter   constraint, LT(1)=NOT NULL
consume [@20,126:133='NOT NULL',<205>,5:14] rule constraint
exit    constraint, LT(1)=,
exit    columnDef, LT(1)=,
consume [@21,134:134=',',<155>,5:22] rule createTableStatement
enter   columnDef, LT(1)=is_recurring
enter   columnName, LT(1)=is_recurring
consume [@22,140:151='is_recurring',<216>,6:4] rule columnName
exit    columnName, LT(1)=BOOLEAN
enter   dataType, LT(1)=BOOLEAN
consume [@23,153:159='BOOLEAN',<203>,6:17] rule dataType
exit    dataType, LT(1)=DEFAULT
enter   constraint, LT(1)=DEFAULT
consume [@24,161:167='DEFAULT',<189>,6:25] rule constraint
enter   value, LT(1)=FALSE
consume [@25,169:173='FALSE',<136>,6:33] rule value
exit    value, LT(1)=,
exit    constraint, LT(1)=,
exit    columnDef, LT(1)=,
consume [@26,174:174=',',<155>,6:38] rule createTableStatement
enter   columnDef, LT(1)=recur_pattern_id
enter   columnName, LT(1)=recur_pattern_id
consume [@27,180:195='recur_pattern_id',<216>,7:4] rule columnName
exit    columnName, LT(1)=INT
enter   dataType, LT(1)=INT
consume [@28,197:199='INT',<174>,7:21] rule dataType
exit    dataType, LT(1)=,
exit    columnDef, LT(1)=,
consume [@29,200:200=',',<155>,7:24] rule createTableStatement
enter   columnDef, LT(1)=created_at
enter   columnName, LT(1)=created_at
consume [@30,206:215='created_at',<216>,8:4] rule columnName
exit    columnName, LT(1)=TIMESTAMP
enter   dataType, LT(1)=TIMESTAMP
consume [@31,217:225='TIMESTAMP',<55>,8:15] rule dataType
exit    dataType, LT(1)=DEFAULT
enter   constraint, LT(1)=DEFAULT
consume [@32,227:233='DEFAULT',<189>,8:25] rule constraint
enter   value, LT(1)=CURRENT_TIMESTAMP
consume [@33,235:251='CURRENT_TIMESTAMP',<69>,8:33] rule value
exit    value, LT(1)=,
exit    constraint, LT(1)=,
exit    columnDef, LT(1)=,
consume [@34,252:252=',',<155>,8:50] rule createTableStatement
enter   columnDef, LT(1)=updated_at
enter   columnName, LT(1)=updated_at
consume [@35,258:267='updated_at',<216>,9:4] rule columnName
exit    columnName, LT(1)=TIMESTAMP
enter   dataType, LT(1)=TIMESTAMP
consume [@36,269:277='TIMESTAMP',<55>,9:15] rule dataType
exit    dataType, LT(1)=DEFAULT
enter   constraint, LT(1)=DEFAULT
consume [@37,279:285='DEFAULT',<189>,9:25] rule constraint
enter   value, LT(1)=CURRENT_TIMESTAMP
consume [@38,287:303='CURRENT_TIMESTAMP',<69>,9:33] rule value
exit    value, LT(1)=,
exit    constraint, LT(1)=,
exit    columnDef, LT(1)=,
consume [@39,304:304=',',<155>,9:50] rule createTableStatement
enter   tableConstraint, LT(1)=FOREIGN KEY
consume [@40,310:320='FOREIGN KEY',<204>,10:4] rule tableConstraint
consume [@41,322:322='(',<148>,10:16] rule tableConstraint
enter   columnNameList, LT(1)=recur_pattern_id
enter   columnName, LT(1)=recur_pattern_id
consume [@42,323:338='recur_pattern_id',<216>,10:17] rule columnName
exit    columnName, LT(1)=)
exit    columnNameList, LT(1)=)
consume [@43,339:339=')',<149>,10:33] rule tableConstraint
consume [@44,341:350='REFERENCES',<181>,10:35] rule tableConstraint
enter   tableName, LT(1)=recurring_pattern
consume [@45,352:368='recurring_pattern',<216>,10:46] rule tableName
exit    tableName, LT(1)=(
consume [@46,369:369='(',<148>,10:63] rule tableConstraint
enter   columnNameList, LT(1)=pattern_id
enter   columnName, LT(1)=pattern_id
consume [@47,370:379='pattern_id',<216>,10:64] rule columnName
exit    columnName, LT(1)=)
exit    columnNameList, LT(1)=)
consume [@48,380:380=')',<149>,10:74] rule tableConstraint
exit    tableConstraint, LT(1)=)
consume [@49,382:382=')',<149>,11:0] rule createTableStatement
consume [@50,383:383=';',<152>,11:1] rule createTableStatement
exit    createTableStatement, LT(1)=<EOF>
consume [@51,385:384='<EOF>',<-1>,12:0] rule sqlScript
exit    sqlScript, LT(1)=<EOF>
]]></system-out>
  </testcase>
  <testcase name="testParseAlterRecurringPatternAddEventId" classname="com.sqldomaingen.TableParsingTest" time="0.004">
    <system-out><![CDATA[enter   sqlScript, LT(1)=ALTER
enter   alterTableStatement, LT(1)=ALTER
consume [@0,0:4='ALTER',<7>,1:0] rule alterTableStatement
consume [@1,6:10='TABLE',<170>,1:6] rule alterTableStatement
enter   tableName, LT(1)=recurring_pattern
consume [@2,12:28='recurring_pattern',<216>,1:12] rule tableName
exit    tableName, LT(1)=ADD
enter   alterAction, LT(1)=ADD
consume [@3,30:32='ADD',<8>,2:0] rule alterAction
consume [@4,34:39='COLUMN',<9>,2:4] rule alterAction
enter   columnDef, LT(1)=event_id
enter   columnName, LT(1)=event_id
consume [@5,41:48='event_id',<216>,2:11] rule columnName
exit    columnName, LT(1)=INT
enter   dataType, LT(1)=INT
consume [@6,50:52='INT',<174>,2:20] rule dataType
exit    dataType, LT(1)=,
exit    columnDef, LT(1)=,
exit    alterAction, LT(1)=,
consume [@7,53:53=',',<155>,2:23] rule alterTableStatement
enter   alterAction, LT(1)=ADD
consume [@8,55:57='ADD',<8>,3:0] rule alterAction
consume [@9,59:69='FOREIGN KEY',<204>,3:4] rule alterAction
consume [@10,71:71='(',<148>,3:16] rule alterAction
enter   columnNameList, LT(1)=event_id
enter   columnName, LT(1)=event_id
consume [@11,72:79='event_id',<216>,3:17] rule columnName
exit    columnName, LT(1)=)
exit    columnNameList, LT(1)=)
consume [@12,80:80=')',<149>,3:25] rule alterAction
consume [@13,82:91='REFERENCES',<181>,3:27] rule alterAction
enter   tableName, LT(1)=event
consume [@14,93:97='event',<216>,3:38] rule tableName
exit    tableName, LT(1)=(
consume [@15,98:98='(',<148>,3:43] rule alterAction
enter   columnNameList, LT(1)=event_id
enter   columnName, LT(1)=event_id
consume [@16,99:106='event_id',<216>,3:44] rule columnName
exit    columnName, LT(1)=)
exit    columnNameList, LT(1)=)
consume [@17,107:107=')',<149>,3:52] rule alterAction
exit    alterAction, LT(1)=;
consume [@18,108:108=';',<152>,3:53] rule alterTableStatement
exit    alterTableStatement, LT(1)=<EOF>
consume [@19,110:109='<EOF>',<-1>,4:0] rule sqlScript
exit    sqlScript, LT(1)=<EOF>
]]></system-out>
  </testcase>
  <testcase name="testParseEventTable" classname="com.sqldomaingen.TableParsingTest" time="0.009">
    <system-out><![CDATA[enter   sqlScript, LT(1)=CREATE
enter   createTableStatement, LT(1)=CREATE
consume [@0,0:5='CREATE',<171>,1:0] rule createTableStatement
consume [@1,7:11='TABLE',<170>,1:7] rule createTableStatement
enter   tableName, LT(1)=event
consume [@2,13:17='event',<216>,1:13] rule tableName
exit    tableName, LT(1)=(
consume [@3,19:19='(',<148>,1:19] rule createTableStatement
enter   columnDef, LT(1)=event_id
enter   columnName, LT(1)=event_id
consume [@4,25:32='event_id',<216>,2:4] rule columnName
exit    columnName, LT(1)=SERIAL
enter   dataType, LT(1)=SERIAL
consume [@5,34:39='SERIAL',<182>,2:13] rule dataType
exit    dataType, LT(1)=PRIMARY KEY
enter   constraint, LT(1)=PRIMARY KEY
consume [@6,41:51='PRIMARY KEY',<183>,2:20] rule constraint
exit    constraint, LT(1)=,
exit    columnDef, LT(1)=,
consume [@7,52:52=',',<155>,2:31] rule createTableStatement
enter   columnDef, LT(1)=title
enter   columnName, LT(1)=title
consume [@8,58:62='title',<216>,3:4] rule columnName
exit    columnName, LT(1)=VARCHAR
enter   dataType, LT(1)=VARCHAR
consume [@9,64:70='VARCHAR',<175>,3:10] rule dataType
consume [@10,71:71='(',<148>,3:17] rule dataType
consume [@11,72:74='100',<218>,3:18] rule dataType
consume [@12,75:75=')',<149>,3:21] rule dataType
exit    dataType, LT(1)=NOT NULL
enter   constraint, LT(1)=NOT NULL
consume [@13,77:84='NOT NULL',<205>,3:23] rule constraint
exit    constraint, LT(1)=,
exit    columnDef, LT(1)=,
consume [@14,85:85=',',<155>,3:31] rule createTableStatement
enter   columnDef, LT(1)=description
enter   columnName, LT(1)=description
consume [@15,91:101='description',<216>,4:4] rule columnName
exit    columnName, LT(1)=TEXT
enter   dataType, LT(1)=TEXT
consume [@16,103:106='TEXT',<201>,4:16] rule dataType
exit    dataType, LT(1)=,
exit    columnDef, LT(1)=,
consume [@17,107:107=',',<155>,4:20] rule createTableStatement
enter   columnDef, LT(1)=start_time
enter   columnName, LT(1)=start_time
consume [@18,113:122='start_time',<216>,5:4] rule columnName
exit    columnName, LT(1)=TIMESTAMP
enter   dataType, LT(1)=TIMESTAMP
consume [@19,124:132='TIMESTAMP',<55>,5:15] rule dataType
exit    dataType, LT(1)=NOT NULL
enter   constraint, LT(1)=NOT NULL
consume [@20,134:141='NOT NULL',<205>,5:25] rule constraint
exit    constraint, LT(1)=,
exit    columnDef, LT(1)=,
consume [@21,142:142=',',<155>,5:33] rule createTableStatement
enter   columnDef, LT(1)=end_time
enter   columnName, LT(1)=end_time
consume [@22,148:155='end_time',<216>,6:4] rule columnName
exit    columnName, LT(1)=TIMESTAMP
enter   dataType, LT(1)=TIMESTAMP
consume [@23,157:165='TIMESTAMP',<55>,6:13] rule dataType
exit    dataType, LT(1)=NOT NULL
enter   constraint, LT(1)=NOT NULL
consume [@24,167:174='NOT NULL',<205>,6:23] rule constraint
exit    constraint, LT(1)=,
exit    columnDef, LT(1)=,
consume [@25,175:175=',',<155>,6:31] rule createTableStatement
enter   columnDef, LT(1)=location
enter   columnName, LT(1)=location
consume [@26,181:188='location',<216>,7:4] rule columnName
exit    columnName, LT(1)=VARCHAR
enter   dataType, LT(1)=VARCHAR
consume [@27,190:196='VARCHAR',<175>,7:13] rule dataType
consume [@28,197:197='(',<148>,7:20] rule dataType
consume [@29,198:200='255',<218>,7:21] rule dataType
consume [@30,201:201=')',<149>,7:24] rule dataType
exit    dataType, LT(1)=,
exit    columnDef, LT(1)=,
consume [@31,202:202=',',<155>,7:25] rule createTableStatement
enter   columnDef, LT(1)=event_type
enter   columnName, LT(1)=event_type
consume [@32,208:217='event_type',<216>,8:4] rule columnName
exit    columnName, LT(1)=VARCHAR
enter   dataType, LT(1)=VARCHAR
consume [@33,219:225='VARCHAR',<175>,8:15] rule dataType
consume [@34,226:226='(',<148>,8:22] rule dataType
consume [@35,227:228='50',<218>,8:23] rule dataType
consume [@36,229:229=')',<149>,8:25] rule dataType
exit    dataType, LT(1)=NOT NULL
enter   constraint, LT(1)=NOT NULL
consume [@37,231:238='NOT NULL',<205>,8:27] rule constraint
exit    constraint, LT(1)=,
exit    columnDef, LT(1)=,
consume [@38,239:239=',',<155>,8:35] rule createTableStatement
enter   columnDef, LT(1)=visibility_type
enter   columnName, LT(1)=visibility_type
consume [@39,245:259='visibility_type',<216>,9:4] rule columnName
exit    columnName, LT(1)=VARCHAR
enter   dataType, LT(1)=VARCHAR
consume [@40,261:267='VARCHAR',<175>,9:20] rule dataType
consume [@41,268:268='(',<148>,9:27] rule dataType
consume [@42,269:270='50',<218>,9:28] rule dataType
consume [@43,271:271=')',<149>,9:30] rule dataType
exit    dataType, LT(1)=NOT NULL
enter   constraint, LT(1)=NOT NULL
consume [@44,273:280='NOT NULL',<205>,9:32] rule constraint
exit    constraint, LT(1)=,
exit    columnDef, LT(1)=,
consume [@45,281:281=',',<155>,9:40] rule createTableStatement
enter   columnDef, LT(1)=creator_id
enter   columnName, LT(1)=creator_id
consume [@46,287:296='creator_id',<216>,10:4] rule columnName
exit    columnName, LT(1)=INT
enter   dataType, LT(1)=INT
consume [@47,298:300='INT',<174>,10:15] rule dataType
exit    dataType, LT(1)=NOT NULL
enter   constraint, LT(1)=NOT NULL
consume [@48,302:309='NOT NULL',<205>,10:19] rule constraint
exit    constraint, LT(1)=,
exit    columnDef, LT(1)=,
consume [@49,310:310=',',<155>,10:27] rule createTableStatement
enter   columnDef, LT(1)=is_recurring
enter   columnName, LT(1)=is_recurring
consume [@50,316:327='is_recurring',<216>,11:4] rule columnName
exit    columnName, LT(1)=BOOLEAN
enter   dataType, LT(1)=BOOLEAN
consume [@51,329:335='BOOLEAN',<203>,11:17] rule dataType
exit    dataType, LT(1)=DEFAULT
enter   constraint, LT(1)=DEFAULT
consume [@52,337:343='DEFAULT',<189>,11:25] rule constraint
enter   value, LT(1)=FALSE
consume [@53,345:349='FALSE',<136>,11:33] rule value
exit    value, LT(1)=,
exit    constraint, LT(1)=,
exit    columnDef, LT(1)=,
consume [@54,350:350=',',<155>,11:38] rule createTableStatement
enter   columnDef, LT(1)=recur_pattern_id
enter   columnName, LT(1)=recur_pattern_id
consume [@55,356:371='recur_pattern_id',<216>,12:4] rule columnName
exit    columnName, LT(1)=INT
enter   dataType, LT(1)=INT
consume [@56,373:375='INT',<174>,12:21] rule dataType
exit    dataType, LT(1)=,
exit    columnDef, LT(1)=,
consume [@57,376:376=',',<155>,12:24] rule createTableStatement
enter   columnDef, LT(1)=created_at
enter   columnName, LT(1)=created_at
consume [@58,382:391='created_at',<216>,13:4] rule columnName
exit    columnName, LT(1)=TIMESTAMP
enter   dataType, LT(1)=TIMESTAMP
consume [@59,393:401='TIMESTAMP',<55>,13:15] rule dataType
exit    dataType, LT(1)=DEFAULT
enter   constraint, LT(1)=DEFAULT
consume [@60,403:409='DEFAULT',<189>,13:25] rule constraint
enter   value, LT(1)=CURRENT_TIMESTAMP
consume [@61,411:427='CURRENT_TIMESTAMP',<69>,13:33] rule value
exit    value, LT(1)=,
exit    constraint, LT(1)=,
exit    columnDef, LT(1)=,
consume [@62,428:428=',',<155>,13:50] rule createTableStatement
enter   columnDef, LT(1)=updated_at
enter   columnName, LT(1)=updated_at
consume [@63,434:443='updated_at',<216>,14:4] rule columnName
exit    columnName, LT(1)=TIMESTAMP
enter   dataType, LT(1)=TIMESTAMP
consume [@64,445:453='TIMESTAMP',<55>,14:15] rule dataType
exit    dataType, LT(1)=DEFAULT
enter   constraint, LT(1)=DEFAULT
consume [@65,455:461='DEFAULT',<189>,14:25] rule constraint
enter   value, LT(1)=CURRENT_TIMESTAMP
consume [@66,463:479='CURRENT_TIMESTAMP',<69>,14:33] rule value
exit    value, LT(1)=,
exit    constraint, LT(1)=,
exit    columnDef, LT(1)=,
consume [@67,480:480=',',<155>,14:50] rule createTableStatement
enter   tableConstraint, LT(1)=FOREIGN KEY
consume [@68,486:496='FOREIGN KEY',<204>,15:4] rule tableConstraint
consume [@69,498:498='(',<148>,15:16] rule tableConstraint
enter   columnNameList, LT(1)=creator_id
enter   columnName, LT(1)=creator_id
consume [@70,499:508='creator_id',<216>,15:17] rule columnName
exit    columnName, LT(1)=)
exit    columnNameList, LT(1)=)
consume [@71,509:509=')',<149>,15:27] rule tableConstraint
consume [@72,511:520='REFERENCES',<181>,15:29] rule tableConstraint
enter   tableName, LT(1)=user
consume [@73,522:525='user',<216>,15:40] rule tableName
exit    tableName, LT(1)=(
consume [@74,526:526='(',<148>,15:44] rule tableConstraint
enter   columnNameList, LT(1)=user_id
enter   columnName, LT(1)=user_id
consume [@75,527:533='user_id',<216>,15:45] rule columnName
exit    columnName, LT(1)=)
exit    columnNameList, LT(1)=)
consume [@76,534:534=')',<149>,15:52] rule tableConstraint
exit    tableConstraint, LT(1)=,
consume [@77,535:535=',',<155>,15:53] rule createTableStatement
enter   tableConstraint, LT(1)=FOREIGN KEY
consume [@78,541:551='FOREIGN KEY',<204>,16:4] rule tableConstraint
consume [@79,553:553='(',<148>,16:16] rule tableConstraint
enter   columnNameList, LT(1)=recur_pattern_id
enter   columnName, LT(1)=recur_pattern_id
consume [@80,554:569='recur_pattern_id',<216>,16:17] rule columnName
exit    columnName, LT(1)=)
exit    columnNameList, LT(1)=)
consume [@81,570:570=')',<149>,16:33] rule tableConstraint
consume [@82,572:581='REFERENCES',<181>,16:35] rule tableConstraint
enter   tableName, LT(1)=recurring_pattern
consume [@83,583:599='recurring_pattern',<216>,16:46] rule tableName
exit    tableName, LT(1)=(
consume [@84,600:600='(',<148>,16:63] rule tableConstraint
enter   columnNameList, LT(1)=pattern_id
enter   columnName, LT(1)=pattern_id
consume [@85,601:610='pattern_id',<216>,16:64] rule columnName
exit    columnName, LT(1)=)
exit    columnNameList, LT(1)=)
consume [@86,611:611=')',<149>,16:74] rule tableConstraint
exit    tableConstraint, LT(1)=)
consume [@87,613:613=')',<149>,17:0] rule createTableStatement
consume [@88,614:614=';',<152>,17:1] rule createTableStatement
exit    createTableStatement, LT(1)=<EOF>
consume [@89,616:615='<EOF>',<-1>,18:0] rule sqlScript
exit    sqlScript, LT(1)=<EOF>
]]></system-out>
  </testcase>
  <testcase name="testParseRecurringPatternTable" classname="com.sqldomaingen.TableParsingTest" time="0.008">
    <system-out><![CDATA[enter   sqlScript, LT(1)=CREATE
enter   createTableStatement, LT(1)=CREATE
consume [@0,0:5='CREATE',<171>,1:0] rule createTableStatement
consume [@1,7:11='TABLE',<170>,1:7] rule createTableStatement
enter   tableName, LT(1)=recurring_pattern
consume [@2,13:29='recurring_pattern',<216>,1:13] rule tableName
exit    tableName, LT(1)=(
consume [@3,31:31='(',<148>,1:31] rule createTableStatement
enter   columnDef, LT(1)=pattern_id
enter   columnName, LT(1)=pattern_id
consume [@4,37:46='pattern_id',<216>,2:4] rule columnName
exit    columnName, LT(1)=SERIAL
enter   dataType, LT(1)=SERIAL
consume [@5,48:53='SERIAL',<182>,2:15] rule dataType
exit    dataType, LT(1)=PRIMARY KEY
enter   constraint, LT(1)=PRIMARY KEY
consume [@6,55:65='PRIMARY KEY',<183>,2:22] rule constraint
exit    constraint, LT(1)=,
exit    columnDef, LT(1)=,
consume [@7,66:66=',',<155>,2:33] rule createTableStatement
enter   columnDef, LT(1)=pattern_type
enter   columnName, LT(1)=pattern_type
consume [@8,72:83='pattern_type',<216>,3:4] rule columnName
exit    columnName, LT(1)=VARCHAR
enter   dataType, LT(1)=VARCHAR
consume [@9,85:91='VARCHAR',<175>,3:17] rule dataType
consume [@10,92:92='(',<148>,3:24] rule dataType
consume [@11,93:94='50',<218>,3:25] rule dataType
consume [@12,95:95=')',<149>,3:27] rule dataType
exit    dataType, LT(1)=NOT NULL
enter   constraint, LT(1)=NOT NULL
consume [@13,97:104='NOT NULL',<205>,3:29] rule constraint
exit    constraint, LT(1)=,
exit    columnDef, LT(1)=,
consume [@14,105:105=',',<155>,3:37] rule createTableStatement
enter   columnDef, LT(1)=frequency
enter   columnName, LT(1)=frequency
consume [@15,111:119='frequency',<216>,4:4] rule columnName
exit    columnName, LT(1)=VARCHAR
enter   dataType, LT(1)=VARCHAR
consume [@16,121:127='VARCHAR',<175>,4:14] rule dataType
consume [@17,128:128='(',<148>,4:21] rule dataType
consume [@18,129:130='50',<218>,4:22] rule dataType
consume [@19,131:131=')',<149>,4:24] rule dataType
exit    dataType, LT(1)=,
exit    columnDef, LT(1)=,
consume [@20,132:132=',',<155>,4:25] rule createTableStatement
enter   columnDef, LT(1)=days_of_week
enter   columnName, LT(1)=days_of_week
consume [@21,138:149='days_of_week',<216>,5:4] rule columnName
exit    columnName, LT(1)=VARCHAR
enter   dataType, LT(1)=VARCHAR
consume [@22,151:157='VARCHAR',<175>,5:17] rule dataType
consume [@23,158:158='(',<148>,5:24] rule dataType
consume [@24,159:160='50',<218>,5:25] rule dataType
consume [@25,161:161=')',<149>,5:27] rule dataType
exit    dataType, LT(1)=,
exit    columnDef, LT(1)=,
consume [@26,162:162=',',<155>,5:28] rule createTableStatement
enter   columnDef, LT(1)=day_of_month
enter   columnName, LT(1)=day_of_month
consume [@27,168:179='day_of_month',<216>,6:4] rule columnName
exit    columnName, LT(1)=INT
enter   dataType, LT(1)=INT
consume [@28,181:183='INT',<174>,6:17] rule dataType
exit    dataType, LT(1)=,
exit    columnDef, LT(1)=,
consume [@29,184:184=',',<155>,6:20] rule createTableStatement
enter   columnDef, LT(1)=month_of_year
enter   columnName, LT(1)=month_of_year
consume [@30,190:202='month_of_year',<216>,7:4] rule columnName
exit    columnName, LT(1)=INT
enter   dataType, LT(1)=INT
consume [@31,204:206='INT',<174>,7:18] rule dataType
exit    dataType, LT(1)=,
exit    columnDef, LT(1)=,
consume [@32,207:207=',',<155>,7:21] rule createTableStatement
enter   columnDef, LT(1)=end_date
enter   columnName, LT(1)=end_date
consume [@33,213:220='end_date',<216>,8:4] rule columnName
exit    columnName, LT(1)=DATE
enter   dataType, LT(1)=DATE
consume [@34,222:225='DATE',<50>,8:13] rule dataType
exit    dataType, LT(1)=,
exit    columnDef, LT(1)=,
consume [@35,226:226=',',<155>,8:17] rule createTableStatement
enter   columnDef, LT(1)=end_after_occur
enter   columnName, LT(1)=end_after_occur
consume [@36,232:246='end_after_occur',<216>,9:4] rule columnName
exit    columnName, LT(1)=INT
enter   dataType, LT(1)=INT
consume [@37,248:250='INT',<174>,9:20] rule dataType
exit    dataType, LT(1)=,
exit    columnDef, LT(1)=,
consume [@38,251:251=',',<155>,9:23] rule createTableStatement
enter   columnDef, LT(1)=created_at
enter   columnName, LT(1)=created_at
consume [@39,257:266='created_at',<216>,10:4] rule columnName
exit    columnName, LT(1)=TIMESTAMP
enter   dataType, LT(1)=TIMESTAMP
consume [@40,268:276='TIMESTAMP',<55>,10:15] rule dataType
exit    dataType, LT(1)=DEFAULT
enter   constraint, LT(1)=DEFAULT
consume [@41,278:284='DEFAULT',<189>,10:25] rule constraint
enter   value, LT(1)=CURRENT_TIMESTAMP
consume [@42,286:302='CURRENT_TIMESTAMP',<69>,10:33] rule value
exit    value, LT(1)=,
exit    constraint, LT(1)=,
exit    columnDef, LT(1)=,
consume [@43,303:303=',',<155>,10:50] rule createTableStatement
enter   columnDef, LT(1)=updated_at
enter   columnName, LT(1)=updated_at
consume [@44,309:318='updated_at',<216>,11:4] rule columnName
exit    columnName, LT(1)=TIMESTAMP
enter   dataType, LT(1)=TIMESTAMP
consume [@45,320:328='TIMESTAMP',<55>,11:15] rule dataType
exit    dataType, LT(1)=DEFAULT
enter   constraint, LT(1)=DEFAULT
consume [@46,330:336='DEFAULT',<189>,11:25] rule constraint
enter   value, LT(1)=CURRENT_TIMESTAMP
consume [@47,338:354='CURRENT_TIMESTAMP',<69>,11:33] rule value
exit    value, LT(1)=)
exit    constraint, LT(1)=)
exit    columnDef, LT(1)=)
consume [@48,356:356=')',<149>,12:0] rule createTableStatement
consume [@49,357:357=';',<152>,12:1] rule createTableStatement
exit    createTableStatement, LT(1)=<EOF>
consume [@50,359:358='<EOF>',<-1>,13:0] rule sqlScript
exit    sqlScript, LT(1)=<EOF>
]]></system-out>
  </testcase>
  <testcase name="testParseUserTable" classname="com.sqldomaingen.TableParsingTest" time="0.012">
    <system-out><![CDATA[enter   sqlScript, LT(1)=CREATE
enter   createTableStatement, LT(1)=CREATE
consume [@0,0:5='CREATE',<171>,1:0] rule createTableStatement
consume [@1,7:11='TABLE',<170>,1:7] rule createTableStatement
enter   tableName, LT(1)=user
consume [@2,13:16='user',<216>,1:13] rule tableName
exit    tableName, LT(1)=(
consume [@3,18:18='(',<148>,1:18] rule createTableStatement
enter   columnDef, LT(1)=user_id
enter   columnName, LT(1)=user_id
consume [@4,24:30='user_id',<216>,2:4] rule columnName
exit    columnName, LT(1)=SERIAL
enter   dataType, LT(1)=SERIAL
consume [@5,32:37='SERIAL',<182>,2:12] rule dataType
exit    dataType, LT(1)=PRIMARY KEY
enter   constraint, LT(1)=PRIMARY KEY
consume [@6,39:49='PRIMARY KEY',<183>,2:19] rule constraint
exit    constraint, LT(1)=,
exit    columnDef, LT(1)=,
consume [@7,50:50=',',<155>,2:30] rule createTableStatement
enter   columnDef, LT(1)=username
enter   columnName, LT(1)=username
consume [@8,56:63='username',<216>,3:4] rule columnName
exit    columnName, LT(1)=VARCHAR
enter   dataType, LT(1)=VARCHAR
consume [@9,65:71='VARCHAR',<175>,3:13] rule dataType
consume [@10,72:72='(',<148>,3:20] rule dataType
consume [@11,73:74='50',<218>,3:21] rule dataType
consume [@12,75:75=')',<149>,3:23] rule dataType
exit    dataType, LT(1)=NOT NULL
enter   constraint, LT(1)=NOT NULL
consume [@13,77:84='NOT NULL',<205>,3:25] rule constraint
exit    constraint, LT(1)=UNIQUE
enter   constraint, LT(1)=UNIQUE
consume [@14,86:91='UNIQUE',<199>,3:34] rule constraint
exit    constraint, LT(1)=,
exit    columnDef, LT(1)=,
consume [@15,92:92=',',<155>,3:40] rule createTableStatement
enter   columnDef, LT(1)=password
enter   columnName, LT(1)=password
consume [@16,98:105='password',<216>,4:4] rule columnName
exit    columnName, LT(1)=VARCHAR
enter   dataType, LT(1)=VARCHAR
consume [@17,107:113='VARCHAR',<175>,4:13] rule dataType
consume [@18,114:114='(',<148>,4:20] rule dataType
consume [@19,115:117='255',<218>,4:21] rule dataType
consume [@20,118:118=')',<149>,4:24] rule dataType
exit    dataType, LT(1)=NOT NULL
enter   constraint, LT(1)=NOT NULL
consume [@21,120:127='NOT NULL',<205>,4:26] rule constraint
exit    constraint, LT(1)=,
exit    columnDef, LT(1)=,
consume [@22,128:128=',',<155>,4:34] rule createTableStatement
enter   columnDef, LT(1)=email
enter   columnName, LT(1)=email
consume [@23,134:138='email',<216>,5:4] rule columnName
exit    columnName, LT(1)=VARCHAR
enter   dataType, LT(1)=VARCHAR
consume [@24,140:146='VARCHAR',<175>,5:10] rule dataType
consume [@25,147:147='(',<148>,5:17] rule dataType
consume [@26,148:150='100',<218>,5:18] rule dataType
consume [@27,151:151=')',<149>,5:21] rule dataType
exit    dataType, LT(1)=NOT NULL
enter   constraint, LT(1)=NOT NULL
consume [@28,153:160='NOT NULL',<205>,5:23] rule constraint
exit    constraint, LT(1)=UNIQUE
enter   constraint, LT(1)=UNIQUE
consume [@29,162:167='UNIQUE',<199>,5:32] rule constraint
exit    constraint, LT(1)=,
exit    columnDef, LT(1)=,
consume [@30,168:168=',',<155>,5:38] rule createTableStatement
enter   columnDef, LT(1)=full_name
enter   columnName, LT(1)=full_name
consume [@31,174:182='full_name',<216>,6:4] rule columnName
exit    columnName, LT(1)=VARCHAR
enter   dataType, LT(1)=VARCHAR
consume [@32,184:190='VARCHAR',<175>,6:14] rule dataType
consume [@33,191:191='(',<148>,6:21] rule dataType
consume [@34,192:194='100',<218>,6:22] rule dataType
consume [@35,195:195=')',<149>,6:25] rule dataType
exit    dataType, LT(1)=NOT NULL
enter   constraint, LT(1)=NOT NULL
consume [@36,197:204='NOT NULL',<205>,6:27] rule constraint
exit    constraint, LT(1)=,
exit    columnDef, LT(1)=,
consume [@37,205:205=',',<155>,6:35] rule createTableStatement
enter   columnDef, LT(1)=department_id
enter   columnName, LT(1)=department_id
consume [@38,211:223='department_id',<216>,7:4] rule columnName
exit    columnName, LT(1)=INT
enter   dataType, LT(1)=INT
consume [@39,225:227='INT',<174>,7:18] rule dataType
exit    dataType, LT(1)=,
exit    columnDef, LT(1)=,
consume [@40,228:228=',',<155>,7:21] rule createTableStatement
enter   columnDef, LT(1)=role
enter   columnName, LT(1)=role
consume [@41,234:237='role',<216>,8:4] rule columnName
exit    columnName, LT(1)=VARCHAR
enter   dataType, LT(1)=VARCHAR
consume [@42,239:245='VARCHAR',<175>,8:9] rule dataType
consume [@43,246:246='(',<148>,8:16] rule dataType
consume [@44,247:248='50',<218>,8:17] rule dataType
consume [@45,249:249=')',<149>,8:19] rule dataType
exit    dataType, LT(1)=NOT NULL
enter   constraint, LT(1)=NOT NULL
consume [@46,251:258='NOT NULL',<205>,8:21] rule constraint
exit    constraint, LT(1)=,
exit    columnDef, LT(1)=,
consume [@47,259:259=',',<155>,8:29] rule createTableStatement
enter   columnDef, LT(1)=supervisor_id
enter   columnName, LT(1)=supervisor_id
consume [@48,265:277='supervisor_id',<216>,9:4] rule columnName
exit    columnName, LT(1)=INT
enter   dataType, LT(1)=INT
consume [@49,279:281='INT',<174>,9:18] rule dataType
exit    dataType, LT(1)=,
exit    columnDef, LT(1)=,
consume [@50,282:282=',',<155>,9:21] rule createTableStatement
enter   columnDef, LT(1)=created_at
enter   columnName, LT(1)=created_at
consume [@51,288:297='created_at',<216>,10:4] rule columnName
exit    columnName, LT(1)=TIMESTAMP
enter   dataType, LT(1)=TIMESTAMP
consume [@52,299:307='TIMESTAMP',<55>,10:15] rule dataType
exit    dataType, LT(1)=DEFAULT
enter   constraint, LT(1)=DEFAULT
consume [@53,309:315='DEFAULT',<189>,10:25] rule constraint
enter   value, LT(1)=CURRENT_TIMESTAMP
consume [@54,317:333='CURRENT_TIMESTAMP',<69>,10:33] rule value
exit    value, LT(1)=,
exit    constraint, LT(1)=,
exit    columnDef, LT(1)=,
consume [@55,334:334=',',<155>,10:50] rule createTableStatement
enter   columnDef, LT(1)=updated_at
enter   columnName, LT(1)=updated_at
consume [@56,340:349='updated_at',<216>,11:4] rule columnName
exit    columnName, LT(1)=TIMESTAMP
enter   dataType, LT(1)=TIMESTAMP
consume [@57,351:359='TIMESTAMP',<55>,11:15] rule dataType
exit    dataType, LT(1)=DEFAULT
enter   constraint, LT(1)=DEFAULT
consume [@58,361:367='DEFAULT',<189>,11:25] rule constraint
enter   value, LT(1)=CURRENT_TIMESTAMP
consume [@59,369:385='CURRENT_TIMESTAMP',<69>,11:33] rule value
exit    value, LT(1)=,
exit    constraint, LT(1)=,
exit    columnDef, LT(1)=,
consume [@60,386:386=',',<155>,11:50] rule createTableStatement
enter   tableConstraint, LT(1)=FOREIGN KEY
consume [@61,392:402='FOREIGN KEY',<204>,12:4] rule tableConstraint
consume [@62,404:404='(',<148>,12:16] rule tableConstraint
enter   columnNameList, LT(1)=department_id
enter   columnName, LT(1)=department_id
consume [@63,405:417='department_id',<216>,12:17] rule columnName
exit    columnName, LT(1)=)
exit    columnNameList, LT(1)=)
consume [@64,418:418=')',<149>,12:30] rule tableConstraint
consume [@65,420:429='REFERENCES',<181>,12:32] rule tableConstraint
enter   tableName, LT(1)=department
consume [@66,431:440='department',<216>,12:43] rule tableName
exit    tableName, LT(1)=(
consume [@67,441:441='(',<148>,12:53] rule tableConstraint
enter   columnNameList, LT(1)=department_id
enter   columnName, LT(1)=department_id
consume [@68,442:454='department_id',<216>,12:54] rule columnName
exit    columnName, LT(1)=)
exit    columnNameList, LT(1)=)
consume [@69,455:455=')',<149>,12:67] rule tableConstraint
exit    tableConstraint, LT(1)=,
consume [@70,456:456=',',<155>,12:68] rule createTableStatement
enter   tableConstraint, LT(1)=FOREIGN KEY
consume [@71,462:472='FOREIGN KEY',<204>,13:4] rule tableConstraint
consume [@72,474:474='(',<148>,13:16] rule tableConstraint
enter   columnNameList, LT(1)=supervisor_id
enter   columnName, LT(1)=supervisor_id
consume [@73,475:487='supervisor_id',<216>,13:17] rule columnName
exit    columnName, LT(1)=)
exit    columnNameList, LT(1)=)
consume [@74,488:488=')',<149>,13:30] rule tableConstraint
consume [@75,490:499='REFERENCES',<181>,13:32] rule tableConstraint
enter   tableName, LT(1)=user
consume [@76,501:504='user',<216>,13:43] rule tableName
exit    tableName, LT(1)=(
consume [@77,505:505='(',<148>,13:47] rule tableConstraint
enter   columnNameList, LT(1)=user_id
enter   columnName, LT(1)=user_id
consume [@78,506:512='user_id',<216>,13:48] rule columnName
exit    columnName, LT(1)=)
exit    columnNameList, LT(1)=)
consume [@79,513:513=')',<149>,13:55] rule tableConstraint
exit    tableConstraint, LT(1)=)
consume [@80,515:515=')',<149>,14:0] rule createTableStatement
consume [@81,516:516=';',<152>,14:1] rule createTableStatement
exit    createTableStatement, LT(1)=<EOF>
consume [@82,518:517='<EOF>',<-1>,15:0] rule sqlScript
exit    sqlScript, LT(1)=<EOF>
]]></system-out>
  </testcase>
  <testcase name="testParseUserProfileTable_WithManyToManyConstraint" classname="com.sqldomaingen.TableParsingTest" time="0.008">
    <system-out><![CDATA[enter   sqlScript, LT(1)=CREATE
enter   createTableStatement, LT(1)=CREATE
consume [@0,0:5='CREATE',<171>,1:0] rule createTableStatement
consume [@1,7:11='TABLE',<170>,1:7] rule createTableStatement
enter   tableName, LT(1)=user_profile
consume [@2,13:24='user_profile',<216>,1:13] rule tableName
exit    tableName, LT(1)=(
consume [@3,26:26='(',<148>,1:26] rule createTableStatement
enter   columnDef, LT(1)=profile_id
enter   columnName, LT(1)=profile_id
consume [@4,32:41='profile_id',<216>,2:4] rule columnName
exit    columnName, LT(1)=SERIAL
enter   dataType, LT(1)=SERIAL
consume [@5,43:48='SERIAL',<182>,2:15] rule dataType
exit    dataType, LT(1)=PRIMARY KEY
enter   constraint, LT(1)=PRIMARY KEY
consume [@6,50:60='PRIMARY KEY',<183>,2:22] rule constraint
exit    constraint, LT(1)=,
exit    columnDef, LT(1)=,
consume [@7,61:61=',',<155>,2:33] rule createTableStatement
enter   columnDef, LT(1)=bio
enter   columnName, LT(1)=bio
consume [@8,67:69='bio',<216>,3:4] rule columnName
exit    columnName, LT(1)=TEXT
enter   dataType, LT(1)=TEXT
consume [@9,71:74='TEXT',<201>,3:8] rule dataType
exit    dataType, LT(1)=,
exit    columnDef, LT(1)=,
consume [@10,75:75=',',<155>,3:12] rule createTableStatement
enter   columnDef, LT(1)=phone
enter   columnName, LT(1)=phone
consume [@11,81:85='phone',<216>,4:4] rule columnName
exit    columnName, LT(1)=VARCHAR
enter   dataType, LT(1)=VARCHAR
consume [@12,87:93='VARCHAR',<175>,4:10] rule dataType
consume [@13,94:94='(',<148>,4:17] rule dataType
consume [@14,95:96='20',<218>,4:18] rule dataType
consume [@15,97:97=')',<149>,4:20] rule dataType
exit    dataType, LT(1)=,
exit    columnDef, LT(1)=,
consume [@16,98:98=',',<155>,4:21] rule createTableStatement
enter   columnDef, LT(1)=user_id
enter   columnName, LT(1)=user_id
consume [@17,104:110='user_id',<216>,5:4] rule columnName
exit    columnName, LT(1)=INT
enter   dataType, LT(1)=INT
consume [@18,112:114='INT',<174>,5:12] rule dataType
exit    dataType, LT(1)=MANYTOMANY
enter   constraint, LT(1)=MANYTOMANY
consume [@19,116:125='MANYTOMANY',<215>,5:16] rule constraint
exit    constraint, LT(1)=,
exit    columnDef, LT(1)=,
consume [@20,126:126=',',<155>,5:26] rule createTableStatement
enter   tableConstraint, LT(1)=FOREIGN KEY
consume [@21,132:142='FOREIGN KEY',<204>,6:4] rule tableConstraint
consume [@22,144:144='(',<148>,6:16] rule tableConstraint
enter   columnNameList, LT(1)=user_id
enter   columnName, LT(1)=user_id
consume [@23,145:151='user_id',<216>,6:17] rule columnName
exit    columnName, LT(1)=)
exit    columnNameList, LT(1)=)
consume [@24,152:152=')',<149>,6:24] rule tableConstraint
consume [@25,154:163='REFERENCES',<181>,6:26] rule tableConstraint
enter   tableName, LT(1)=user
consume [@26,165:168='user',<216>,6:37] rule tableName
exit    tableName, LT(1)=(
consume [@27,169:169='(',<148>,6:41] rule tableConstraint
enter   columnNameList, LT(1)=user_id
enter   columnName, LT(1)=user_id
consume [@28,170:176='user_id',<216>,6:42] rule columnName
exit    columnName, LT(1)=)
exit    columnNameList, LT(1)=)
consume [@29,177:177=')',<149>,6:49] rule tableConstraint
exit    tableConstraint, LT(1)=)
consume [@30,179:179=')',<149>,7:0] rule createTableStatement
consume [@31,180:180=';',<152>,7:1] rule createTableStatement
exit    createTableStatement, LT(1)=<EOF>
consume [@32,182:181='<EOF>',<-1>,8:0] rule sqlScript
exit    sqlScript, LT(1)=<EOF>
]]></system-out>
  </testcase>
  <testcase name="testParseEventAssignmentTable" classname="com.sqldomaingen.TableParsingTest" time="0.003">
    <system-out><![CDATA[enter   sqlScript, LT(1)=CREATE
enter   createTableStatement, LT(1)=CREATE
consume [@0,0:5='CREATE',<171>,1:0] rule createTableStatement
consume [@1,7:11='TABLE',<170>,1:7] rule createTableStatement
enter   tableName, LT(1)=event_assignment
consume [@2,13:28='event_assignment',<216>,1:13] rule tableName
exit    tableName, LT(1)=(
consume [@3,30:30='(',<148>,1:30] rule createTableStatement
enter   columnDef, LT(1)=assignment_id
enter   columnName, LT(1)=assignment_id
consume [@4,36:48='assignment_id',<216>,2:4] rule columnName
exit    columnName, LT(1)=SERIAL
enter   dataType, LT(1)=SERIAL
consume [@5,50:55='SERIAL',<182>,2:18] rule dataType
exit    dataType, LT(1)=PRIMARY KEY
enter   constraint, LT(1)=PRIMARY KEY
consume [@6,57:67='PRIMARY KEY',<183>,2:25] rule constraint
exit    constraint, LT(1)=,
exit    columnDef, LT(1)=,
consume [@7,68:68=',',<155>,2:36] rule createTableStatement
enter   columnDef, LT(1)=event_id
enter   columnName, LT(1)=event_id
consume [@8,74:81='event_id',<216>,3:4] rule columnName
exit    columnName, LT(1)=INT
enter   dataType, LT(1)=INT
consume [@9,83:85='INT',<174>,3:13] rule dataType
exit    dataType, LT(1)=NOT NULL
enter   constraint, LT(1)=NOT NULL
consume [@10,87:94='NOT NULL',<205>,3:17] rule constraint
exit    constraint, LT(1)=,
exit    columnDef, LT(1)=,
consume [@11,95:95=',',<155>,3:25] rule createTableStatement
enter   columnDef, LT(1)=user_id
enter   columnName, LT(1)=user_id
consume [@12,101:107='user_id',<216>,4:4] rule columnName
exit    columnName, LT(1)=INT
enter   dataType, LT(1)=INT
consume [@13,109:111='INT',<174>,4:12] rule dataType
exit    dataType, LT(1)=,
exit    columnDef, LT(1)=,
consume [@14,112:112=',',<155>,4:15] rule createTableStatement
enter   columnDef, LT(1)=department_id
enter   columnName, LT(1)=department_id
consume [@15,118:130='department_id',<216>,5:4] rule columnName
exit    columnName, LT(1)=INT
enter   dataType, LT(1)=INT
consume [@16,132:134='INT',<174>,5:18] rule dataType
exit    dataType, LT(1)=,
exit    columnDef, LT(1)=,
consume [@17,135:135=',',<155>,5:21] rule createTableStatement
enter   columnDef, LT(1)=created_at
enter   columnName, LT(1)=created_at
consume [@18,141:150='created_at',<216>,6:4] rule columnName
exit    columnName, LT(1)=TIMESTAMP
enter   dataType, LT(1)=TIMESTAMP
consume [@19,152:160='TIMESTAMP',<55>,6:15] rule dataType
exit    dataType, LT(1)=DEFAULT
enter   constraint, LT(1)=DEFAULT
consume [@20,162:168='DEFAULT',<189>,6:25] rule constraint
enter   value, LT(1)=CURRENT_TIMESTAMP
consume [@21,170:186='CURRENT_TIMESTAMP',<69>,6:33] rule value
exit    value, LT(1)=,
exit    constraint, LT(1)=,
exit    columnDef, LT(1)=,
consume [@22,187:187=',',<155>,6:50] rule createTableStatement
enter   columnDef, LT(1)=updated_at
enter   columnName, LT(1)=updated_at
consume [@23,193:202='updated_at',<216>,7:4] rule columnName
exit    columnName, LT(1)=TIMESTAMP
enter   dataType, LT(1)=TIMESTAMP
consume [@24,204:212='TIMESTAMP',<55>,7:15] rule dataType
exit    dataType, LT(1)=DEFAULT
enter   constraint, LT(1)=DEFAULT
consume [@25,214:220='DEFAULT',<189>,7:25] rule constraint
enter   value, LT(1)=CURRENT_TIMESTAMP
consume [@26,222:238='CURRENT_TIMESTAMP',<69>,7:33] rule value
exit    value, LT(1)=,
exit    constraint, LT(1)=,
exit    columnDef, LT(1)=,
consume [@27,239:239=',',<155>,7:50] rule createTableStatement
enter   tableConstraint, LT(1)=FOREIGN KEY
consume [@28,245:255='FOREIGN KEY',<204>,8:4] rule tableConstraint
consume [@29,257:257='(',<148>,8:16] rule tableConstraint
enter   columnNameList, LT(1)=event_id
enter   columnName, LT(1)=event_id
consume [@30,258:265='event_id',<216>,8:17] rule columnName
exit    columnName, LT(1)=)
exit    columnNameList, LT(1)=)
consume [@31,266:266=')',<149>,8:25] rule tableConstraint
consume [@32,268:277='REFERENCES',<181>,8:27] rule tableConstraint
enter   tableName, LT(1)=event
consume [@33,279:283='event',<216>,8:38] rule tableName
exit    tableName, LT(1)=(
consume [@34,284:284='(',<148>,8:43] rule tableConstraint
enter   columnNameList, LT(1)=event_id
enter   columnName, LT(1)=event_id
consume [@35,285:292='event_id',<216>,8:44] rule columnName
exit    columnName, LT(1)=)
exit    columnNameList, LT(1)=)
consume [@36,293:293=')',<149>,8:52] rule tableConstraint
exit    tableConstraint, LT(1)=,
consume [@37,294:294=',',<155>,8:53] rule createTableStatement
enter   tableConstraint, LT(1)=FOREIGN KEY
consume [@38,300:310='FOREIGN KEY',<204>,9:4] rule tableConstraint
consume [@39,312:312='(',<148>,9:16] rule tableConstraint
enter   columnNameList, LT(1)=user_id
enter   columnName, LT(1)=user_id
consume [@40,313:319='user_id',<216>,9:17] rule columnName
exit    columnName, LT(1)=)
exit    columnNameList, LT(1)=)
consume [@41,320:320=')',<149>,9:24] rule tableConstraint
consume [@42,322:331='REFERENCES',<181>,9:26] rule tableConstraint
enter   tableName, LT(1)=user
consume [@43,333:336='user',<216>,9:37] rule tableName
exit    tableName, LT(1)=(
consume [@44,337:337='(',<148>,9:41] rule tableConstraint
enter   columnNameList, LT(1)=user_id
enter   columnName, LT(1)=user_id
consume [@45,338:344='user_id',<216>,9:42] rule columnName
exit    columnName, LT(1)=)
exit    columnNameList, LT(1)=)
consume [@46,345:345=')',<149>,9:49] rule tableConstraint
exit    tableConstraint, LT(1)=,
consume [@47,346:346=',',<155>,9:50] rule createTableStatement
enter   tableConstraint, LT(1)=FOREIGN KEY
consume [@48,352:362='FOREIGN KEY',<204>,10:4] rule tableConstraint
consume [@49,364:364='(',<148>,10:16] rule tableConstraint
enter   columnNameList, LT(1)=department_id
enter   columnName, LT(1)=department_id
consume [@50,365:377='department_id',<216>,10:17] rule columnName
exit    columnName, LT(1)=)
exit    columnNameList, LT(1)=)
consume [@51,378:378=')',<149>,10:30] rule tableConstraint
consume [@52,380:389='REFERENCES',<181>,10:32] rule tableConstraint
enter   tableName, LT(1)=department
consume [@53,391:400='department',<216>,10:43] rule tableName
exit    tableName, LT(1)=(
consume [@54,401:401='(',<148>,10:53] rule tableConstraint
enter   columnNameList, LT(1)=department_id
enter   columnName, LT(1)=department_id
consume [@55,402:414='department_id',<216>,10:54] rule columnName
exit    columnName, LT(1)=)
exit    columnNameList, LT(1)=)
consume [@56,415:415=')',<149>,10:67] rule tableConstraint
exit    tableConstraint, LT(1)=)
consume [@57,417:417=')',<149>,11:0] rule createTableStatement
consume [@58,418:418=';',<152>,11:1] rule createTableStatement
exit    createTableStatement, LT(1)=<EOF>
consume [@59,420:419='<EOF>',<-1>,12:0] rule sqlScript
exit    sqlScript, LT(1)=<EOF>
]]></system-out>
  </testcase>
</testsuite>