<?xml version="1.0" encoding="UTF-8"?>
<testsuite xmlns:xsi="http://www.w3.org/2001/XMLSchema-instance" xsi:noNamespaceSchemaLocation="https://maven.apache.org/surefire/maven-surefire-plugin/xsd/surefire-test-report-3.0.xsd" version="3.0" name="com.sqldomaingen.TableTest" time="0.02" tests="6" errors="0" skipped="0" failures="0">
  <properties>
[...]
</properties>
  <testcase name="testDepartmentTableStructure_UnaffectedByTrigger" classname="com.sqldomaingen.TableTest" time="0.002">
    <system-out><![CDATA[14:21:47.485 [main] INFO com.sqldomaingen.TableTest -- 🟢 Testing 'department' table structure – ignoring trigger effects...
14:21:47.485 [main] INFO com.sqldomaingen.TableTest -- 📋 Department table (static structure):
Table{name='department', columns=[Column(name=department_id, sqlType=SERIAL, length=0, isIdentity=false, identityGeneration=null, sequenceName=null, constraints=[], defaultValue=null, primaryKey=true, unique=false, nullable=false, isDefaultExpression=null, defaultExpression=null, checkConstraint=null, targetTable=null, joinTableName=null, inverseJoinColumn=null, isRelationship=false, onUpdate=null, onDelete=null, generatedAs=null, javaType=null, foreignKey=false, formattedName=null, referencedTable=null, referencedColumn=null, precision=0, scale=0, mappedBy=null), Column(name=name, sqlType=VARCHAR, length=100, isIdentity=false, identityGeneration=null, sequenceName=null, constraints=[], defaultValue=null, primaryKey=false, unique=false, nullable=false, isDefaultExpression=null, defaultExpression=null, checkConstraint=null, targetTable=null, joinTableName=null, inverseJoinColumn=null, isRelationship=false, onUpdate=null, onDelete=null, generatedAs=null, javaType=null, foreignKey=false, formattedName=null, referencedTable=null, referencedColumn=null, precision=0, scale=0, mappedBy=null), Column(name=updated_at, sqlType=TIMESTAMP, length=0, isIdentity=false, identityGeneration=null, sequenceName=null, constraints=[], defaultValue=CURRENT_TIMESTAMP, primaryKey=false, unique=false, nullable=true, isDefaultExpression=null, defaultExpression=null, checkConstraint=null, targetTable=null, joinTableName=null, inverseJoinColumn=null, isRelationship=false, onUpdate=null, onDelete=null, generatedAs=null, javaType=null, foreignKey=false, formattedName=null, referencedTable=null, referencedColumn=null, precision=0, scale=0, mappedBy=null)], constraints=[PRIMARY KEY (department_id)], relationships=[]}
]]></system-out>
  </testcase>
  <testcase name="testRecurringPatternTable_WithForeignKeyColumn" classname="com.sqldomaingen.TableTest" time="0.002">
    <system-out><![CDATA[14:21:47.487 [main] INFO com.sqldomaingen.TableTest -- 🟡 Testing parsed structure of 'recurring_pattern' table...
14:21:47.487 [main] INFO com.sqldomaingen.TableTest -- 📋 Recurring Pattern table:
Table{name='recurring_pattern', columns=[Column(name=pattern_id, sqlType=SERIAL, length=0, isIdentity=false, identityGeneration=null, sequenceName=null, constraints=[], defaultValue=null, primaryKey=true, unique=false, nullable=false, isDefaultExpression=null, defaultExpression=null, checkConstraint=null, targetTable=null, joinTableName=null, inverseJoinColumn=null, isRelationship=false, onUpdate=null, onDelete=null, generatedAs=null, javaType=null, foreignKey=false, formattedName=null, referencedTable=null, referencedColumn=null, precision=0, scale=0, mappedBy=null), Column(name=recurrence_rule, sqlType=VARCHAR, length=255, isIdentity=false, identityGeneration=null, sequenceName=null, constraints=[], defaultValue=null, primaryKey=false, unique=false, nullable=true, isDefaultExpression=null, defaultExpression=null, checkConstraint=null, targetTable=null, joinTableName=null, inverseJoinColumn=null, isRelationship=false, onUpdate=null, onDelete=null, generatedAs=null, javaType=null, foreignKey=false, formattedName=null, referencedTable=null, referencedColumn=null, precision=0, scale=0, mappedBy=null), Column(name=event_id, sqlType=INT, length=0, isIdentity=false, identityGeneration=null, sequenceName=null, constraints=[], defaultValue=null, primaryKey=false, unique=false, nullable=true, isDefaultExpression=null, defaultExpression=null, checkConstraint=null, targetTable=null, joinTableName=null, inverseJoinColumn=null, isRelationship=false, onUpdate=null, onDelete=null, generatedAs=null, javaType=null, foreignKey=true, formattedName=null, referencedTable=event, referencedColumn=event_id, precision=0, scale=0, mappedBy=null)], constraints=[PRIMARY KEY (pattern_id), FOREIGN KEY (event_id) REFERENCES event(event_id)], relationships=[]}
]]></system-out>
  </testcase>
  <testcase name="testEmployeeDepartmentTable_WithCompositePrimaryKeyAndFKs" classname="com.sqldomaingen.TableTest" time="0.002">
    <system-out><![CDATA[14:21:47.490 [main] INFO com.sqldomaingen.TableTest -- 🟣 Testing 'employee_department' table with composite PK and two FKs...
14:21:47.492 [main] INFO com.sqldomaingen.TableTest -- 📋 Employee-Department table:
Table{name='employee_department', columns=[Column(name=employee_id, sqlType=INT, length=0, isIdentity=false, identityGeneration=null, sequenceName=null, constraints=[], defaultValue=null, primaryKey=true, unique=false, nullable=false, isDefaultExpression=null, defaultExpression=null, checkConstraint=null, targetTable=null, joinTableName=null, inverseJoinColumn=null, isRelationship=false, onUpdate=null, onDelete=null, generatedAs=null, javaType=null, foreignKey=true, formattedName=null, referencedTable=employee, referencedColumn=id, precision=0, scale=0, mappedBy=null), Column(name=department_id, sqlType=INT, length=0, isIdentity=false, identityGeneration=null, sequenceName=null, constraints=[], defaultValue=null, primaryKey=true, unique=false, nullable=false, isDefaultExpression=null, defaultExpression=null, checkConstraint=null, targetTable=null, joinTableName=null, inverseJoinColumn=null, isRelationship=false, onUpdate=null, onDelete=null, generatedAs=null, javaType=null, foreignKey=true, formattedName=null, referencedTable=department, referencedColumn=id, precision=0, scale=0, mappedBy=null), Column(name=assigned_at, sqlType=TIMESTAMP, length=0, isIdentity=false, identityGeneration=null, sequenceName=null, constraints=[], defaultValue=CURRENT_TIMESTAMP, primaryKey=false, unique=false, nullable=true, isDefaultExpression=null, defaultExpression=null, checkConstraint=null, targetTable=null, joinTableName=null, inverseJoinColumn=null, isRelationship=false, onUpdate=null, onDelete=null, generatedAs=null, javaType=null, foreignKey=false, formattedName=null, referencedTable=null, referencedColumn=null, precision=0, scale=0, mappedBy=null), Column(name=assigned_by, sqlType=VARCHAR, length=100, isIdentity=false, identityGeneration=null, sequenceName=null, constraints=[], defaultValue=null, primaryKey=false, unique=false, nullable=true, isDefaultExpression=null, defaultExpression=null, checkConstraint=null, targetTable=null, joinTableName=null, inverseJoinColumn=null, isRelationship=false, onUpdate=null, onDelete=null, generatedAs=null, javaType=null, foreignKey=false, formattedName=null, referencedTable=null, referencedColumn=null, precision=0, scale=0, mappedBy=null)], constraints=[PRIMARY KEY (employee_id, department_id), FOREIGN KEY (employee_id) REFERENCES employee(id), FOREIGN KEY (department_id) REFERENCES department(id)], relationships=[]}
]]></system-out>
  </testcase>
  <testcase name="testParseCreateDepartmentTable_ToStringValidation" classname="com.sqldomaingen.TableTest" time="0.003">
    <system-out><![CDATA[14:21:47.493 [main] INFO com.sqldomaingen.TableTest -- 🔵 Testing Table.toString with parsed 'department' table structure...
14:21:47.493 [main] INFO com.sqldomaingen.TableTest -- ✅ Table state: Table{name='department', columns=[Column(name=department_id, sqlType=SERIAL, length=0, isIdentity=false, identityGeneration=null, sequenceName=null, constraints=[], defaultValue=null, primaryKey=true, unique=false, nullable=false, isDefaultExpression=null, defaultExpression=null, checkConstraint=null, targetTable=null, joinTableName=null, inverseJoinColumn=null, isRelationship=false, onUpdate=null, onDelete=null, generatedAs=null, javaType=null, foreignKey=false, formattedName=null, referencedTable=null, referencedColumn=null, precision=0, scale=0, mappedBy=null), Column(name=name, sqlType=VARCHAR, length=100, isIdentity=false, identityGeneration=null, sequenceName=null, constraints=[], defaultValue=null, primaryKey=false, unique=false, nullable=false, isDefaultExpression=null, defaultExpression=null, checkConstraint=null, targetTable=null, joinTableName=null, inverseJoinColumn=null, isRelationship=false, onUpdate=null, onDelete=null, generatedAs=null, javaType=null, foreignKey=false, formattedName=null, referencedTable=null, referencedColumn=null, precision=0, scale=0, mappedBy=null), Column(name=description, sqlType=TEXT, length=0, isIdentity=false, identityGeneration=null, sequenceName=null, constraints=[], defaultValue=null, primaryKey=false, unique=false, nullable=true, isDefaultExpression=null, defaultExpression=null, checkConstraint=null, targetTable=null, joinTableName=null, inverseJoinColumn=null, isRelationship=false, onUpdate=null, onDelete=null, generatedAs=null, javaType=null, foreignKey=false, formattedName=null, referencedTable=null, referencedColumn=null, precision=0, scale=0, mappedBy=null), Column(name=parent_dept_id, sqlType=INT, length=0, isIdentity=false, identityGeneration=null, sequenceName=null, constraints=[], defaultValue=null, primaryKey=false, unique=false, nullable=true, isDefaultExpression=null, defaultExpression=null, checkConstraint=null, targetTable=null, joinTableName=null, inverseJoinColumn=null, isRelationship=false, onUpdate=null, onDelete=null, generatedAs=null, javaType=null, foreignKey=false, formattedName=null, referencedTable=null, referencedColumn=null, precision=0, scale=0, mappedBy=null), Column(name=created_at, sqlType=TIMESTAMP, length=0, isIdentity=false, identityGeneration=null, sequenceName=null, constraints=[], defaultValue=CURRENT_TIMESTAMP, primaryKey=false, unique=false, nullable=true, isDefaultExpression=null, defaultExpression=null, checkConstraint=null, targetTable=null, joinTableName=null, inverseJoinColumn=null, isRelationship=false, onUpdate=null, onDelete=null, generatedAs=null, javaType=null, foreignKey=false, formattedName=null, referencedTable=null, referencedColumn=null, precision=0, scale=0, mappedBy=null), Column(name=updated_at, sqlType=TIMESTAMP, length=0, isIdentity=false, identityGeneration=null, sequenceName=null, constraints=[], defaultValue=CURRENT_TIMESTAMP, primaryKey=false, unique=false, nullable=true, isDefaultExpression=null, defaultExpression=null, checkConstraint=null, targetTable=null, joinTableName=null, inverseJoinColumn=null, isRelationship=false, onUpdate=null, onDelete=null, generatedAs=null, javaType=null, foreignKey=false, formattedName=null, referencedTable=null, referencedColumn=null, precision=0, scale=0, mappedBy=null)], constraints=[PRIMARY KEY (department_id), FOREIGN KEY (parent_dept_id) REFERENCES department(department_id)], relationships=[]}
🔎 Actual table.toString():

📌 Expected:
Table{name='department', columns=[Column(name=department_id, sqlType=SERIAL, length=0, isIdentity=false, identityGeneration=null, sequenceName=null, constraints=[], defaultValue=null, primaryKey=true, unique=false, nullable=false, isDefaultExpression=null, defaultExpression=null, checkConstraint=null, targetTable=null, joinTableName=null, inverseJoinColumn=null, isRelationship=false, onUpdate=null, onDelete=null, generatedAs=null, javaType=null, foreignKey=false, formattedName=null, referencedTable=null, referencedColumn=null, precision=0, scale=0, mappedBy=null), Column(name=name, sqlType=VARCHAR, length=100, isIdentity=false, identityGeneration=null, sequenceName=null, constraints=[], defaultValue=null, primaryKey=false, unique=false, nullable=false, isDefaultExpression=null, defaultExpression=null, checkConstraint=null, targetTable=null, joinTableName=null, inverseJoinColumn=null, isRelationship=false, onUpdate=null, onDelete=null, generatedAs=null, javaType=null, foreignKey=false, formattedName=null, referencedTable=null, referencedColumn=null, precision=0, scale=0, mappedBy=null), Column(name=description, sqlType=TEXT, length=0, isIdentity=false, identityGeneration=null, sequenceName=null, constraints=[], defaultValue=null, primaryKey=false, unique=false, nullable=true, isDefaultExpression=null, defaultExpression=null, checkConstraint=null, targetTable=null, joinTableName=null, inverseJoinColumn=null, isRelationship=false, onUpdate=null, onDelete=null, generatedAs=null, javaType=null, foreignKey=false, formattedName=null, referencedTable=null, referencedColumn=null, precision=0, scale=0, mappedBy=null), Column(name=parent_dept_id, sqlType=INT, length=0, isIdentity=false, identityGeneration=null, sequenceName=null, constraints=[], defaultValue=null, primaryKey=false, unique=false, nullable=true, isDefaultExpression=null, defaultExpression=null, checkConstraint=null, targetTable=null, joinTableName=null, inverseJoinColumn=null, isRelationship=false, onUpdate=null, onDelete=null, generatedAs=null, javaType=null, foreignKey=false, formattedName=null, referencedTable=null, referencedColumn=null, precision=0, scale=0, mappedBy=null), Column(name=created_at, sqlType=TIMESTAMP, length=0, isIdentity=false, identityGeneration=null, sequenceName=null, constraints=[], defaultValue=CURRENT_TIMESTAMP, primaryKey=false, unique=false, nullable=true, isDefaultExpression=null, defaultExpression=null, checkConstraint=null, targetTable=null, joinTableName=null, inverseJoinColumn=null, isRelationship=false, onUpdate=null, onDelete=null, generatedAs=null, javaType=null, foreignKey=false, formattedName=null, referencedTable=null, referencedColumn=null, precision=0, scale=0, mappedBy=null), Column(name=updated_at, sqlType=TIMESTAMP, length=0, isIdentity=false, identityGeneration=null, sequenceName=null, constraints=[], defaultValue=CURRENT_TIMESTAMP, primaryKey=false, unique=false, nullable=true, isDefaultExpression=null, defaultExpression=null, checkConstraint=null, targetTable=null, joinTableName=null, inverseJoinColumn=null, isRelationship=false, onUpdate=null, onDelete=null, generatedAs=null, javaType=null, foreignKey=false, formattedName=null, referencedTable=null, referencedColumn=null, precision=0, scale=0, mappedBy=null)], constraints=[PRIMARY KEY (department_id), FOREIGN KEY (parent_dept_id) REFERENCES department(department_id)], relationships=[]}
]]></system-out>
  </testcase>
  <testcase name="testAddDecimalColumnToEventAssignmentTable" classname="com.sqldomaingen.TableTest" time="0">
    <system-out><![CDATA[14:21:47.496 [main] INFO com.sqldomaingen.TableTest -- 🔵 Testing addColumn with DECIMAL column in 'event_assignment' table...
14:21:47.496 [main] INFO com.sqldomaingen.TableTest -- 📋 Final table: Table{name='event_assignment', columns=[Column(name=assignment_id, sqlType=SERIAL, length=0, isIdentity=false, identityGeneration=null, sequenceName=null, constraints=[], defaultValue=null, primaryKey=true, unique=false, nullable=false, isDefaultExpression=null, defaultExpression=null, checkConstraint=null, targetTable=null, joinTableName=null, inverseJoinColumn=null, isRelationship=false, onUpdate=null, onDelete=null, generatedAs=null, javaType=null, foreignKey=false, formattedName=null, referencedTable=null, referencedColumn=null, precision=0, scale=0, mappedBy=null), Column(name=event_id, sqlType=INT, length=0, isIdentity=false, identityGeneration=null, sequenceName=null, constraints=[], defaultValue=null, primaryKey=false, unique=false, nullable=false, isDefaultExpression=null, defaultExpression=null, checkConstraint=null, targetTable=null, joinTableName=null, inverseJoinColumn=null, isRelationship=false, onUpdate=null, onDelete=null, generatedAs=null, javaType=null, foreignKey=false, formattedName=null, referencedTable=null, referencedColumn=null, precision=0, scale=0, mappedBy=null), Column(name=user_id, sqlType=INT, length=0, isIdentity=false, identityGeneration=null, sequenceName=null, constraints=[], defaultValue=null, primaryKey=false, unique=false, nullable=false, isDefaultExpression=null, defaultExpression=null, checkConstraint=null, targetTable=null, joinTableName=null, inverseJoinColumn=null, isRelationship=false, onUpdate=null, onDelete=null, generatedAs=null, javaType=null, foreignKey=false, formattedName=null, referencedTable=null, referencedColumn=null, precision=0, scale=0, mappedBy=null), Column(name=workload_percentage, sqlType=DECIMAL, length=0, isIdentity=false, identityGeneration=null, sequenceName=null, constraints=[], defaultValue=null, primaryKey=false, unique=false, nullable=false, isDefaultExpression=null, defaultExpression=null, checkConstraint=null, targetTable=null, joinTableName=null, inverseJoinColumn=null, isRelationship=false, onUpdate=null, onDelete=null, generatedAs=null, javaType=null, foreignKey=false, formattedName=null, referencedTable=null, referencedColumn=null, precision=5, scale=2, mappedBy=null), Column(name=note, sqlType=TEXT, length=0, isIdentity=false, identityGeneration=null, sequenceName=null, constraints=[], defaultValue=null, primaryKey=false, unique=false, nullable=true, isDefaultExpression=null, defaultExpression=null, checkConstraint=null, targetTable=null, joinTableName=null, inverseJoinColumn=null, isRelationship=false, onUpdate=null, onDelete=null, generatedAs=null, javaType=null, foreignKey=false, formattedName=null, referencedTable=null, referencedColumn=null, precision=0, scale=0, mappedBy=null)], constraints=[], relationships=[]}
]]></system-out>
  </testcase>
  <testcase name="testAddConstraints" classname="com.sqldomaingen.TableTest" time="0.007">
    <system-out><![CDATA[14:21:47.503 [main] INFO com.sqldomaingen.TableTest -- ✅ Testing addConstraints with current schema...
14:21:47.503 [main] INFO com.sqldomaingen.TableTest -- 🧱 Columns: [Column(name=user_id, sqlType=SERIAL, length=0, isIdentity=false, identityGeneration=null, sequenceName=null, constraints=[], defaultValue=null, primaryKey=true, unique=false, nullable=false, isDefaultExpression=null, defaultExpression=null, checkConstraint=null, targetTable=null, joinTableName=null, inverseJoinColumn=null, isRelationship=false, onUpdate=null, onDelete=null, generatedAs=null, javaType=null, foreignKey=false, formattedName=null, referencedTable=null, referencedColumn=null, precision=0, scale=0, mappedBy=null), Column(name=department_id, sqlType=INT, length=0, isIdentity=false, identityGeneration=null, sequenceName=null, constraints=[], defaultValue=null, primaryKey=false, unique=false, nullable=false, isDefaultExpression=null, defaultExpression=null, checkConstraint=null, targetTable=null, joinTableName=null, inverseJoinColumn=null, isRelationship=false, onUpdate=null, onDelete=null, generatedAs=null, javaType=null, foreignKey=false, formattedName=null, referencedTable=null, referencedColumn=null, precision=0, scale=0, mappedBy=null)]
14:21:47.503 [main] INFO com.sqldomaingen.TableTest -- 🔗 Constraints: [FOREIGN KEY (department_id) REFERENCES department(department_id)]
]]></system-out>
  </testcase>
</testsuite>