<?xml version="1.0" encoding="UTF-8"?>
<testsuite xmlns:xsi="http://www.w3.org/2001/XMLSchema-instance" xsi:noNamespaceSchemaLocation="https://maven.apache.org/surefire/maven-surefire-plugin/xsd/surefire-test-report-3.0.xsd" version="3.0" name="com.sqldomaingen.SQLParserTest" time="0.101" tests="23" errors="0" skipped="0" failures="10">
  <properties>
[...]
</properties>
  <testcase name="testParseCreateCompanyTable_PostgreSQL_WithSelfReferenceAndFk" classname="com.sqldomaingen.SQLParserTest" time="0.004">
    <system-out><![CDATA[enter   sqlScript, LT(1)=CREATE
enter   createTableStatement, LT(1)=CREATE
consume [@0,0:5='CREATE',<141>,1:0] rule createTableStatement
consume [@1,7:11='TABLE',<140>,1:7] rule createTableStatement
enter   tableName, LT(1)=pep_schema
enter   schemaName, LT(1)=pep_schema
consume [@2,13:22='pep_schema',<234>,1:13] rule schemaName
exit    schemaName, LT(1)=.
consume [@3,23:23='.',<146>,1:23] rule tableName
consume [@4,24:30='company',<234>,1:24] rule tableName
exit    tableName, LT(1)=(
consume [@5,32:32='(',<118>,1:32] rule createTableStatement
enter   columnDef, LT(1)=id
enter   columnName, LT(1)=id
consume [@6,38:39='id',<234>,2:4] rule columnName
exit    columnName, LT(1)=uuid
enter   dataType, LT(1)=uuid
consume [@7,41:44='uuid',<216>,2:7] rule dataType
exit    dataType, LT(1)=NOT
enter   columnAttribute, LT(1)=NOT
enter   constraint, LT(1)=NOT
consume [@8,46:48='NOT',<149>,2:12] rule constraint
consume [@9,50:53='NULL',<148>,2:16] rule constraint
exit    constraint, LT(1)=,
exit    columnAttribute, LT(1)=,
exit    columnDef, LT(1)=,
consume [@10,54:54=',',<125>,2:20] rule createTableStatement
enter   columnDef, LT(1)=chamber_id
enter   columnName, LT(1)=chamber_id
consume [@11,60:69='chamber_id',<234>,3:4] rule columnName
exit    columnName, LT(1)=int4
enter   dataType, LT(1)=int4
consume [@12,71:74='int4',<234>,3:15] rule dataType
exit    dataType, LT(1)=NOT
enter   columnAttribute, LT(1)=NOT
enter   constraint, LT(1)=NOT
consume [@13,76:78='NOT',<149>,3:20] rule constraint
consume [@14,80:83='NULL',<148>,3:24] rule constraint
exit    constraint, LT(1)=,
exit    columnAttribute, LT(1)=,
exit    columnDef, LT(1)=,
consume [@15,84:84=',',<125>,3:28] rule createTableStatement
enter   columnDef, LT(1)=chamber_company_id
enter   columnName, LT(1)=chamber_company_id
consume [@16,90:107='chamber_company_id',<234>,4:4] rule columnName
exit    columnName, LT(1)=numeric
enter   dataType, LT(1)=numeric
consume [@17,109:115='numeric',<208>,4:23] rule dataType
exit    dataType, LT(1)=NULL
enter   columnAttribute, LT(1)=NULL
enter   constraint, LT(1)=NULL
consume [@18,117:120='NULL',<148>,4:31] rule constraint
exit    constraint, LT(1)=,
exit    columnAttribute, LT(1)=,
exit    columnDef, LT(1)=,
consume [@19,121:121=',',<125>,4:35] rule createTableStatement
enter   columnDef, LT(1)=co_name
enter   columnName, LT(1)=co_name
consume [@20,127:133='co_name',<234>,5:4] rule columnName
exit    columnName, LT(1)=varchar
enter   dataType, LT(1)=varchar
consume [@21,135:141='varchar',<145>,5:12] rule dataType
consume [@22,142:142='(',<118>,5:19] rule dataType
consume [@23,143:146='1000',<236>,5:20] rule dataType
consume [@24,147:147=')',<119>,5:24] rule dataType
exit    dataType, LT(1)=NOT
enter   columnAttribute, LT(1)=NOT
enter   constraint, LT(1)=NOT
consume [@25,149:151='NOT',<149>,5:26] rule constraint
consume [@26,153:156='NULL',<148>,5:30] rule constraint
exit    constraint, LT(1)=,
exit    columnAttribute, LT(1)=,
exit    columnDef, LT(1)=,
consume [@27,157:157=',',<125>,5:34] rule createTableStatement
enter   columnDef, LT(1)=contact_email
enter   columnName, LT(1)=contact_email
consume [@28,163:175='contact_email',<234>,6:4] rule columnName
exit    columnName, LT(1)=varchar
enter   dataType, LT(1)=varchar
consume [@29,177:183='varchar',<145>,6:18] rule dataType
consume [@30,184:184='(',<118>,6:25] rule dataType
consume [@31,185:187='100',<236>,6:26] rule dataType
consume [@32,188:188=')',<119>,6:29] rule dataType
exit    dataType, LT(1)=NULL
enter   columnAttribute, LT(1)=NULL
enter   constraint, LT(1)=NULL
consume [@33,190:193='NULL',<148>,6:31] rule constraint
exit    constraint, LT(1)=,
exit    columnAttribute, LT(1)=,
exit    columnDef, LT(1)=,
consume [@34,194:194=',',<125>,6:35] rule createTableStatement
enter   columnDef, LT(1)=date_created
enter   columnName, LT(1)=date_created
consume [@35,200:211='date_created',<234>,7:4] rule columnName
exit    columnName, LT(1)=timestamp
enter   dataType, LT(1)=timestamp
consume [@36,213:221='timestamp',<196>,7:17] rule dataType
exit    dataType, LT(1)=DEFAULT
enter   columnAttribute, LT(1)=DEFAULT
enter   constraint, LT(1)=DEFAULT
consume [@37,223:229='DEFAULT',<160>,7:27] rule constraint
enter   value, LT(1)=CURRENT_TIMESTAMP
enter   valueAtom, LT(1)=CURRENT_TIMESTAMP
consume [@38,231:247='CURRENT_TIMESTAMP',<49>,7:35] rule valueAtom
exit    valueAtom, LT(1)=NULL
exit    value, LT(1)=NULL
exit    constraint, LT(1)=NULL
exit    columnAttribute, LT(1)=NULL
enter   columnAttribute, LT(1)=NULL
enter   constraint, LT(1)=NULL
consume [@39,249:252='NULL',<148>,7:53] rule constraint
exit    constraint, LT(1)=,
exit    columnAttribute, LT(1)=,
exit    columnDef, LT(1)=,
consume [@40,253:253=',',<125>,7:57] rule createTableStatement
enter   columnDef, LT(1)=last_updated
enter   columnName, LT(1)=last_updated
consume [@41,259:270='last_updated',<234>,8:4] rule columnName
exit    columnName, LT(1)=timestamp
enter   dataType, LT(1)=timestamp
consume [@42,272:280='timestamp',<196>,8:17] rule dataType
exit    dataType, LT(1)=DEFAULT
enter   columnAttribute, LT(1)=DEFAULT
enter   constraint, LT(1)=DEFAULT
consume [@43,282:288='DEFAULT',<160>,8:27] rule constraint
enter   value, LT(1)=CURRENT_TIMESTAMP
enter   valueAtom, LT(1)=CURRENT_TIMESTAMP
consume [@44,290:306='CURRENT_TIMESTAMP',<49>,8:35] rule valueAtom
exit    valueAtom, LT(1)=NULL
exit    value, LT(1)=NULL
exit    constraint, LT(1)=NULL
exit    columnAttribute, LT(1)=NULL
enter   columnAttribute, LT(1)=NULL
enter   constraint, LT(1)=NULL
consume [@45,308:311='NULL',<148>,8:53] rule constraint
exit    constraint, LT(1)=,
exit    columnAttribute, LT(1)=,
exit    columnDef, LT(1)=,
consume [@46,312:312=',',<125>,8:57] rule createTableStatement
enter   columnDef, LT(1)=rec_deleted
enter   columnName, LT(1)=rec_deleted
consume [@47,318:328='rec_deleted',<234>,9:4] rule columnName
exit    columnName, LT(1)=boolean
enter   dataType, LT(1)=boolean
consume [@48,330:336='boolean',<174>,9:16] rule dataType
exit    dataType, LT(1)=DEFAULT
enter   columnAttribute, LT(1)=DEFAULT
enter   constraint, LT(1)=DEFAULT
consume [@49,338:344='DEFAULT',<160>,9:24] rule constraint
enter   value, LT(1)=FALSE
enter   valueAtom, LT(1)=FALSE
enter   booleanLiteral, LT(1)=FALSE
consume [@50,346:350='FALSE',<114>,9:32] rule booleanLiteral
exit    booleanLiteral, LT(1)=NOT
exit    valueAtom, LT(1)=NOT
exit    value, LT(1)=NOT
exit    constraint, LT(1)=NOT
exit    columnAttribute, LT(1)=NOT
enter   columnAttribute, LT(1)=NOT
enter   constraint, LT(1)=NOT
consume [@51,352:354='NOT',<149>,9:38] rule constraint
consume [@52,356:359='NULL',<148>,9:42] rule constraint
exit    constraint, LT(1)=,
exit    columnAttribute, LT(1)=,
exit    columnDef, LT(1)=,
consume [@53,360:360=',',<125>,9:46] rule createTableStatement
enter   columnDef, LT(1)=company_status_id
enter   columnName, LT(1)=company_status_id
consume [@54,366:382='company_status_id',<234>,10:4] rule columnName
exit    columnName, LT(1)=uuid
enter   dataType, LT(1)=uuid
consume [@55,384:387='uuid',<216>,10:22] rule dataType
exit    dataType, LT(1)=NULL
enter   columnAttribute, LT(1)=NULL
enter   constraint, LT(1)=NULL
consume [@56,389:392='NULL',<148>,10:27] rule constraint
exit    constraint, LT(1)=,
exit    columnAttribute, LT(1)=,
exit    columnDef, LT(1)=,
consume [@57,393:393=',',<125>,10:31] rule createTableStatement
enter   columnDef, LT(1)=parent_company_id
enter   columnName, LT(1)=parent_company_id
consume [@58,399:415='parent_company_id',<234>,11:4] rule columnName
exit    columnName, LT(1)=uuid
enter   dataType, LT(1)=uuid
consume [@59,417:420='uuid',<216>,11:22] rule dataType
exit    dataType, LT(1)=NULL
enter   columnAttribute, LT(1)=NULL
enter   constraint, LT(1)=NULL
consume [@60,422:425='NULL',<148>,11:27] rule constraint
exit    constraint, LT(1)=,
exit    columnAttribute, LT(1)=,
exit    columnDef, LT(1)=,
consume [@61,426:426=',',<125>,11:31] rule createTableStatement
enter   tableConstraint, LT(1)=CONSTRAINT
consume [@62,432:441='CONSTRAINT',<147>,12:4] rule tableConstraint
consume [@63,443:452='pk_company',<234>,12:15] rule tableConstraint
consume [@64,454:464='PRIMARY KEY',<154>,12:26] rule tableConstraint
consume [@65,466:466='(',<118>,12:38] rule tableConstraint
enter   columnNameList, LT(1)=id
enter   columnName, LT(1)=id
consume [@66,467:468='id',<234>,12:39] rule columnName
exit    columnName, LT(1)=)
exit    columnNameList, LT(1)=)
consume [@67,469:469=')',<119>,12:41] rule tableConstraint
exit    tableConstraint, LT(1)=,
consume [@68,470:470=',',<125>,12:42] rule createTableStatement
enter   tableConstraint, LT(1)=CONSTRAINT
consume [@69,476:485='CONSTRAINT',<147>,13:4] rule tableConstraint
consume [@70,487:496='uk_company',<234>,13:15] rule tableConstraint
consume [@71,498:503='UNIQUE',<170>,13:26] rule tableConstraint
consume [@72,505:505='(',<118>,13:33] rule tableConstraint
enter   columnNameList, LT(1)=chamber_id
enter   columnName, LT(1)=chamber_id
consume [@73,506:515='chamber_id',<234>,13:34] rule columnName
exit    columnName, LT(1)=,
consume [@74,516:516=',',<125>,13:44] rule columnNameList
enter   columnName, LT(1)=chamber_company_id
consume [@75,518:535='chamber_company_id',<234>,13:46] rule columnName
exit    columnName, LT(1)=)
exit    columnNameList, LT(1)=)
consume [@76,536:536=')',<119>,13:64] rule tableConstraint
exit    tableConstraint, LT(1)=,
consume [@77,537:537=',',<125>,13:65] rule createTableStatement
enter   tableConstraint, LT(1)=CONSTRAINT
consume [@78,543:552='CONSTRAINT',<147>,14:4] rule tableConstraint
consume [@79,554:570='fk_company_status',<234>,14:15] rule tableConstraint
consume [@80,572:582='FOREIGN KEY',<175>,14:33] rule tableConstraint
consume [@81,584:584='(',<118>,14:45] rule tableConstraint
enter   columnNameList, LT(1)=company_status_id
enter   columnName, LT(1)=company_status_id
consume [@82,585:601='company_status_id',<234>,14:46] rule columnName
exit    columnName, LT(1)=)
exit    columnNameList, LT(1)=)
consume [@83,602:602=')',<119>,14:63] rule tableConstraint
consume [@84,612:621='REFERENCES',<152>,15:8] rule tableConstraint
enter   schemaName, LT(1)=pep_schema
consume [@85,623:632='pep_schema',<234>,15:19] rule schemaName
exit    schemaName, LT(1)=.
consume [@86,633:633='.',<146>,15:29] rule tableConstraint
enter   tableName, LT(1)=company_status
consume [@87,634:647='company_status',<234>,15:30] rule tableName
exit    tableName, LT(1)=(
consume [@88,648:648='(',<118>,15:44] rule tableConstraint
enter   columnNameList, LT(1)=id
enter   columnName, LT(1)=id
consume [@89,649:650='id',<234>,15:45] rule columnName
exit    columnName, LT(1)=)
exit    columnNameList, LT(1)=)
consume [@90,651:651=')',<119>,15:47] rule tableConstraint
exit    tableConstraint, LT(1)=,
consume [@91,652:652=',',<125>,15:48] rule createTableStatement
enter   tableConstraint, LT(1)=CONSTRAINT
consume [@92,658:667='CONSTRAINT',<147>,16:4] rule tableConstraint
consume [@93,669:685='fk_company_parent',<234>,16:15] rule tableConstraint
consume [@94,687:697='FOREIGN KEY',<175>,16:33] rule tableConstraint
consume [@95,699:699='(',<118>,16:45] rule tableConstraint
enter   columnNameList, LT(1)=parent_company_id
enter   columnName, LT(1)=parent_company_id
consume [@96,700:716='parent_company_id',<234>,16:46] rule columnName
exit    columnName, LT(1)=)
exit    columnNameList, LT(1)=)
consume [@97,717:717=')',<119>,16:63] rule tableConstraint
consume [@98,727:736='REFERENCES',<152>,17:8] rule tableConstraint
enter   schemaName, LT(1)=pep_schema
consume [@99,738:747='pep_schema',<234>,17:19] rule schemaName
exit    schemaName, LT(1)=.
consume [@100,748:748='.',<146>,17:29] rule tableConstraint
enter   tableName, LT(1)=company
consume [@101,749:755='company',<234>,17:30] rule tableName
exit    tableName, LT(1)=(
consume [@102,756:756='(',<118>,17:37] rule tableConstraint
enter   columnNameList, LT(1)=id
enter   columnName, LT(1)=id
consume [@103,757:758='id',<234>,17:38] rule columnName
exit    columnName, LT(1)=)
exit    columnNameList, LT(1)=)
consume [@104,759:759=')',<119>,17:40] rule tableConstraint
exit    tableConstraint, LT(1)=)
consume [@105,761:761=')',<119>,18:0] rule createTableStatement
consume [@106,762:762=';',<122>,18:1] rule createTableStatement
exit    createTableStatement, LT(1)=<EOF>
consume [@107,764:763='<EOF>',<-1>,19:0] rule sqlScript
exit    sqlScript, LT(1)=<EOF>
]]></system-out>
  </testcase>
  <testcase name="testParseCreateEventExceptionTable_PostgreSQL" classname="com.sqldomaingen.SQLParserTest" time="0.007">
    <failure message="Unexpected exception thrown: java.lang.IllegalArgumentException: Syntax error at line 2, position 24: extraneous input &apos;PRIMARY KEY&apos; expecting {&apos;)&apos;, &apos;,&apos;}" type="org.opentest4j.AssertionFailedError"><![CDATA[org.opentest4j.AssertionFailedError: Unexpected exception thrown: java.lang.IllegalArgumentException: Syntax error at line 2, position 24: extraneous input 'PRIMARY KEY' expecting {')', ','}
	at org.junit.jupiter.api.AssertionFailureBuilder.build(AssertionFailureBuilder.java:152)
	at org.junit.jupiter.api.AssertDoesNotThrow.createAssertionFailedError(AssertDoesNotThrow.java:84)
	at org.junit.jupiter.api.AssertDoesNotThrow.assertDoesNotThrow(AssertDoesNotThrow.java:53)
	at org.junit.jupiter.api.AssertDoesNotThrow.assertDoesNotThrow(AssertDoesNotThrow.java:36)
	at org.junit.jupiter.api.Assertions.assertDoesNotThrow(Assertions.java:3136)
	at com.sqldomaingen.SQLParserTest.testParseCreateEventExceptionTable_PostgreSQL(SQLParserTest.java:393)
	at java.base/jdk.internal.reflect.DirectMethodHandleAccessor.invoke(DirectMethodHandleAccessor.java:103)
	at java.base/java.lang.reflect.Method.invoke(Method.java:580)
	at org.junit.platform.commons.util.ReflectionUtils.invokeMethod(ReflectionUtils.java:727)
	at org.junit.jupiter.engine.execution.MethodInvocation.proceed(MethodInvocation.java:60)
	at org.junit.jupiter.engine.execution.InvocationInterceptorChain$ValidatingInvocation.proceed(InvocationInterceptorChain.java:131)
	at org.junit.jupiter.engine.extension.TimeoutExtension.intercept(TimeoutExtension.java:156)
	at org.junit.jupiter.engine.extension.TimeoutExtension.interceptTestableMethod(TimeoutExtension.java:147)
	at org.junit.jupiter.engine.extension.TimeoutExtension.interceptTestMethod(TimeoutExtension.java:86)
	at org.junit.jupiter.engine.execution.InterceptingExecutableInvoker$ReflectiveInterceptorCall.lambda$ofVoidMethod$0(InterceptingExecutableInvoker.java:103)
	at org.junit.jupiter.engine.execution.InterceptingExecutableInvoker.lambda$invoke$0(InterceptingExecutableInvoker.java:93)
	at org.junit.jupiter.engine.execution.InvocationInterceptorChain$InterceptedInvocation.proceed(InvocationInterceptorChain.java:106)
	at org.junit.jupiter.engine.execution.InvocationInterceptorChain.proceed(InvocationInterceptorChain.java:64)
	at org.junit.jupiter.engine.execution.InvocationInterceptorChain.chainAndInvoke(InvocationInterceptorChain.java:45)
	at org.junit.jupiter.engine.execution.InvocationInterceptorChain.invoke(InvocationInterceptorChain.java:37)
	at org.junit.jupiter.engine.execution.InterceptingExecutableInvoker.invoke(InterceptingExecutableInvoker.java:92)
	at org.junit.jupiter.engine.execution.InterceptingExecutableInvoker.invoke(InterceptingExecutableInvoker.java:86)
	at org.junit.jupiter.engine.descriptor.TestMethodTestDescriptor.lambda$invokeTestMethod$7(TestMethodTestDescriptor.java:217)
	at org.junit.platform.engine.support.hierarchical.ThrowableCollector.execute(ThrowableCollector.java:73)
	at org.junit.jupiter.engine.descriptor.TestMethodTestDescriptor.invokeTestMethod(TestMethodTestDescriptor.java:213)
	at org.junit.jupiter.engine.descriptor.TestMethodTestDescriptor.execute(TestMethodTestDescriptor.java:138)
	at org.junit.jupiter.engine.descriptor.TestMethodTestDescriptor.execute(TestMethodTestDescriptor.java:68)
	at org.junit.platform.engine.support.hierarchical.NodeTestTask.lambda$executeRecursively$6(NodeTestTask.java:151)
	at org.junit.platform.engine.support.hierarchical.ThrowableCollector.execute(ThrowableCollector.java:73)
	at org.junit.platform.engine.support.hierarchical.NodeTestTask.lambda$executeRecursively$8(NodeTestTask.java:141)
	at org.junit.platform.engine.support.hierarchical.Node.around(Node.java:137)
	at org.junit.platform.engine.support.hierarchical.NodeTestTask.lambda$executeRecursively$9(NodeTestTask.java:139)
	at org.junit.platform.engine.support.hierarchical.ThrowableCollector.execute(ThrowableCollector.java:73)
	at org.junit.platform.engine.support.hierarchical.NodeTestTask.executeRecursively(NodeTestTask.java:138)
	at org.junit.platform.engine.support.hierarchical.NodeTestTask.execute(NodeTestTask.java:95)
	at java.base/java.util.ArrayList.forEach(ArrayList.java:1596)
	at org.junit.platform.engine.support.hierarchical.SameThreadHierarchicalTestExecutorService.invokeAll(SameThreadHierarchicalTestExecutorService.java:41)
	at org.junit.platform.engine.support.hierarchical.NodeTestTask.lambda$executeRecursively$6(NodeTestTask.java:155)
	at org.junit.platform.engine.support.hierarchical.ThrowableCollector.execute(ThrowableCollector.java:73)
	at org.junit.platform.engine.support.hierarchical.NodeTestTask.lambda$executeRecursively$8(NodeTestTask.java:141)
	at org.junit.platform.engine.support.hierarchical.Node.around(Node.java:137)
	at org.junit.platform.engine.support.hierarchical.NodeTestTask.lambda$executeRecursively$9(NodeTestTask.java:139)
	at org.junit.platform.engine.support.hierarchical.ThrowableCollector.execute(ThrowableCollector.java:73)
	at org.junit.platform.engine.support.hierarchical.NodeTestTask.executeRecursively(NodeTestTask.java:138)
	at org.junit.platform.engine.support.hierarchical.NodeTestTask.execute(NodeTestTask.java:95)
	at java.base/java.util.ArrayList.forEach(ArrayList.java:1596)
	at org.junit.platform.engine.support.hierarchical.SameThreadHierarchicalTestExecutorService.invokeAll(SameThreadHierarchicalTestExecutorService.java:41)
	at org.junit.platform.engine.support.hierarchical.NodeTestTask.lambda$executeRecursively$6(NodeTestTask.java:155)
	at org.junit.platform.engine.support.hierarchical.ThrowableCollector.execute(ThrowableCollector.java:73)
	at org.junit.platform.engine.support.hierarchical.NodeTestTask.lambda$executeRecursively$8(NodeTestTask.java:141)
	at org.junit.platform.engine.support.hierarchical.Node.around(Node.java:137)
	at org.junit.platform.engine.support.hierarchical.NodeTestTask.lambda$executeRecursively$9(NodeTestTask.java:139)
	at org.junit.platform.engine.support.hierarchical.ThrowableCollector.execute(ThrowableCollector.java:73)
	at org.junit.platform.engine.support.hierarchical.NodeTestTask.executeRecursively(NodeTestTask.java:138)
	at org.junit.platform.engine.support.hierarchical.NodeTestTask.execute(NodeTestTask.java:95)
	at org.junit.platform.engine.support.hierarchical.SameThreadHierarchicalTestExecutorService.submit(SameThreadHierarchicalTestExecutorService.java:35)
	at org.junit.platform.engine.support.hierarchical.HierarchicalTestExecutor.execute(HierarchicalTestExecutor.java:57)
	at org.junit.platform.engine.support.hierarchical.HierarchicalTestEngine.execute(HierarchicalTestEngine.java:54)
	at org.junit.platform.launcher.core.EngineExecutionOrchestrator.execute(EngineExecutionOrchestrator.java:147)
	at org.junit.platform.launcher.core.EngineExecutionOrchestrator.execute(EngineExecutionOrchestrator.java:127)
	at org.junit.platform.launcher.core.EngineExecutionOrchestrator.execute(EngineExecutionOrchestrator.java:90)
	at org.junit.platform.launcher.core.EngineExecutionOrchestrator.lambda$execute$0(EngineExecutionOrchestrator.java:55)
	at org.junit.platform.launcher.core.EngineExecutionOrchestrator.withInterceptedStreams(EngineExecutionOrchestrator.java:102)
	at org.junit.platform.launcher.core.EngineExecutionOrchestrator.execute(EngineExecutionOrchestrator.java:54)
	at org.junit.platform.launcher.core.DefaultLauncher.execute(DefaultLauncher.java:114)
	at org.junit.platform.launcher.core.DefaultLauncher.execute(DefaultLauncher.java:86)
	at org.junit.platform.launcher.core.DefaultLauncherSession$DelegatingLauncher.execute(DefaultLauncherSession.java:86)
	at org.apache.maven.surefire.junitplatform.LazyLauncher.execute(LazyLauncher.java:55)
	at org.apache.maven.surefire.junitplatform.JUnitPlatformProvider.lambda$execute$1(JUnitPlatformProvider.java:234)
	at java.base/java.util.Iterator.forEachRemaining(Iterator.java:133)
	at org.apache.maven.surefire.junitplatform.JUnitPlatformProvider.execute(JUnitPlatformProvider.java:228)
	at org.apache.maven.surefire.junitplatform.JUnitPlatformProvider.invokeAllTests(JUnitPlatformProvider.java:175)
	at org.apache.maven.surefire.junitplatform.JUnitPlatformProvider.invoke(JUnitPlatformProvider.java:131)
	at org.apache.maven.surefire.booter.ForkedBooter.runSuitesInProcess(ForkedBooter.java:456)
	at org.apache.maven.surefire.booter.ForkedBooter.execute(ForkedBooter.java:169)
	at org.apache.maven.surefire.booter.ForkedBooter.run(ForkedBooter.java:595)
	at org.apache.maven.surefire.booter.ForkedBooter.main(ForkedBooter.java:581)
Caused by: java.lang.IllegalArgumentException: Syntax error at line 2, position 24: extraneous input 'PRIMARY KEY' expecting {')', ','}
	at com.sqldomaingen.parser.SQLParser$1.syntaxError(SQLParser.java:71)
	at org.antlr.v4.runtime.ProxyErrorListener.syntaxError(ProxyErrorListener.java:41)
	at org.antlr.v4.runtime.Parser.notifyErrorListeners(Parser.java:544)
	at org.antlr.v4.runtime.DefaultErrorStrategy.reportUnwantedToken(DefaultErrorStrategy.java:377)
	at org.antlr.v4.runtime.DefaultErrorStrategy.singleTokenDeletion(DefaultErrorStrategy.java:548)
	at org.antlr.v4.runtime.DefaultErrorStrategy.sync(DefaultErrorStrategy.java:266)
	at com.sqldomaingen.parser.PostgreSQLParser.createTableStatement(PostgreSQLParser.java:413)
	at com.sqldomaingen.parser.PostgreSQLParser.sqlScript(PostgreSQLParser.java:4331)
	at com.sqldomaingen.parser.SQLParser.parseTreeFromSQL(SQLParser.java:104)
	at com.sqldomaingen.SQLParserTest.lambda$testParseCreateEventExceptionTable_PostgreSQL$8(SQLParserTest.java:394)
	at org.junit.jupiter.api.AssertDoesNotThrow.assertDoesNotThrow(AssertDoesNotThrow.java:49)
	... 74 more
]]></failure>
    <system-out><![CDATA[enter   sqlScript, LT(1)=CREATE
enter   createTableStatement, LT(1)=CREATE
consume [@0,0:5='CREATE',<141>,1:0] rule createTableStatement
consume [@1,7:11='TABLE',<140>,1:7] rule createTableStatement
enter   tableName, LT(1)=event_exception
consume [@2,13:27='event_exception',<234>,1:13] rule tableName
exit    tableName, LT(1)=(
consume [@3,29:29='(',<118>,1:29] rule createTableStatement
enter   columnDef, LT(1)=exception_id
enter   columnName, LT(1)=exception_id
consume [@4,35:46='exception_id',<234>,2:4] rule columnName
exit    columnName, LT(1)=SERIAL
enter   dataType, LT(1)=SERIAL
consume [@5,48:53='SERIAL',<153>,2:17] rule dataType
exit    dataType, LT(1)=PRIMARY KEY
exit    columnDef, LT(1)=PRIMARY KEY
exit    createTableStatement, LT(1)=PRIMARY KEY
exit    sqlScript, LT(1)=PRIMARY KEY
]]></system-out>
  </testcase>
  <testcase name="testParseCreateUserProfileWithManyToMany_PostgreSQL" classname="com.sqldomaingen.SQLParserTest" time="0.002">
    <failure message="Unexpected exception thrown: java.lang.IllegalArgumentException: Syntax error at line 2, position 22: extraneous input &apos;PRIMARY KEY&apos; expecting {&apos;)&apos;, &apos;,&apos;}" type="org.opentest4j.AssertionFailedError"><![CDATA[org.opentest4j.AssertionFailedError: Unexpected exception thrown: java.lang.IllegalArgumentException: Syntax error at line 2, position 22: extraneous input 'PRIMARY KEY' expecting {')', ','}
	at org.junit.jupiter.api.AssertionFailureBuilder.build(AssertionFailureBuilder.java:152)
	at org.junit.jupiter.api.AssertDoesNotThrow.createAssertionFailedError(AssertDoesNotThrow.java:84)
	at org.junit.jupiter.api.AssertDoesNotThrow.assertDoesNotThrow(AssertDoesNotThrow.java:53)
	at org.junit.jupiter.api.AssertDoesNotThrow.assertDoesNotThrow(AssertDoesNotThrow.java:36)
	at org.junit.jupiter.api.Assertions.assertDoesNotThrow(Assertions.java:3136)
	at com.sqldomaingen.SQLParserTest.testParseCreateUserProfileWithManyToMany_PostgreSQL(SQLParserTest.java:660)
	at java.base/jdk.internal.reflect.DirectMethodHandleAccessor.invoke(DirectMethodHandleAccessor.java:103)
	at java.base/java.lang.reflect.Method.invoke(Method.java:580)
	at org.junit.platform.commons.util.ReflectionUtils.invokeMethod(ReflectionUtils.java:727)
	at org.junit.jupiter.engine.execution.MethodInvocation.proceed(MethodInvocation.java:60)
	at org.junit.jupiter.engine.execution.InvocationInterceptorChain$ValidatingInvocation.proceed(InvocationInterceptorChain.java:131)
	at org.junit.jupiter.engine.extension.TimeoutExtension.intercept(TimeoutExtension.java:156)
	at org.junit.jupiter.engine.extension.TimeoutExtension.interceptTestableMethod(TimeoutExtension.java:147)
	at org.junit.jupiter.engine.extension.TimeoutExtension.interceptTestMethod(TimeoutExtension.java:86)
	at org.junit.jupiter.engine.execution.InterceptingExecutableInvoker$ReflectiveInterceptorCall.lambda$ofVoidMethod$0(InterceptingExecutableInvoker.java:103)
	at org.junit.jupiter.engine.execution.InterceptingExecutableInvoker.lambda$invoke$0(InterceptingExecutableInvoker.java:93)
	at org.junit.jupiter.engine.execution.InvocationInterceptorChain$InterceptedInvocation.proceed(InvocationInterceptorChain.java:106)
	at org.junit.jupiter.engine.execution.InvocationInterceptorChain.proceed(InvocationInterceptorChain.java:64)
	at org.junit.jupiter.engine.execution.InvocationInterceptorChain.chainAndInvoke(InvocationInterceptorChain.java:45)
	at org.junit.jupiter.engine.execution.InvocationInterceptorChain.invoke(InvocationInterceptorChain.java:37)
	at org.junit.jupiter.engine.execution.InterceptingExecutableInvoker.invoke(InterceptingExecutableInvoker.java:92)
	at org.junit.jupiter.engine.execution.InterceptingExecutableInvoker.invoke(InterceptingExecutableInvoker.java:86)
	at org.junit.jupiter.engine.descriptor.TestMethodTestDescriptor.lambda$invokeTestMethod$7(TestMethodTestDescriptor.java:217)
	at org.junit.platform.engine.support.hierarchical.ThrowableCollector.execute(ThrowableCollector.java:73)
	at org.junit.jupiter.engine.descriptor.TestMethodTestDescriptor.invokeTestMethod(TestMethodTestDescriptor.java:213)
	at org.junit.jupiter.engine.descriptor.TestMethodTestDescriptor.execute(TestMethodTestDescriptor.java:138)
	at org.junit.jupiter.engine.descriptor.TestMethodTestDescriptor.execute(TestMethodTestDescriptor.java:68)
	at org.junit.platform.engine.support.hierarchical.NodeTestTask.lambda$executeRecursively$6(NodeTestTask.java:151)
	at org.junit.platform.engine.support.hierarchical.ThrowableCollector.execute(ThrowableCollector.java:73)
	at org.junit.platform.engine.support.hierarchical.NodeTestTask.lambda$executeRecursively$8(NodeTestTask.java:141)
	at org.junit.platform.engine.support.hierarchical.Node.around(Node.java:137)
	at org.junit.platform.engine.support.hierarchical.NodeTestTask.lambda$executeRecursively$9(NodeTestTask.java:139)
	at org.junit.platform.engine.support.hierarchical.ThrowableCollector.execute(ThrowableCollector.java:73)
	at org.junit.platform.engine.support.hierarchical.NodeTestTask.executeRecursively(NodeTestTask.java:138)
	at org.junit.platform.engine.support.hierarchical.NodeTestTask.execute(NodeTestTask.java:95)
	at java.base/java.util.ArrayList.forEach(ArrayList.java:1596)
	at org.junit.platform.engine.support.hierarchical.SameThreadHierarchicalTestExecutorService.invokeAll(SameThreadHierarchicalTestExecutorService.java:41)
	at org.junit.platform.engine.support.hierarchical.NodeTestTask.lambda$executeRecursively$6(NodeTestTask.java:155)
	at org.junit.platform.engine.support.hierarchical.ThrowableCollector.execute(ThrowableCollector.java:73)
	at org.junit.platform.engine.support.hierarchical.NodeTestTask.lambda$executeRecursively$8(NodeTestTask.java:141)
	at org.junit.platform.engine.support.hierarchical.Node.around(Node.java:137)
	at org.junit.platform.engine.support.hierarchical.NodeTestTask.lambda$executeRecursively$9(NodeTestTask.java:139)
	at org.junit.platform.engine.support.hierarchical.ThrowableCollector.execute(ThrowableCollector.java:73)
	at org.junit.platform.engine.support.hierarchical.NodeTestTask.executeRecursively(NodeTestTask.java:138)
	at org.junit.platform.engine.support.hierarchical.NodeTestTask.execute(NodeTestTask.java:95)
	at java.base/java.util.ArrayList.forEach(ArrayList.java:1596)
	at org.junit.platform.engine.support.hierarchical.SameThreadHierarchicalTestExecutorService.invokeAll(SameThreadHierarchicalTestExecutorService.java:41)
	at org.junit.platform.engine.support.hierarchical.NodeTestTask.lambda$executeRecursively$6(NodeTestTask.java:155)
	at org.junit.platform.engine.support.hierarchical.ThrowableCollector.execute(ThrowableCollector.java:73)
	at org.junit.platform.engine.support.hierarchical.NodeTestTask.lambda$executeRecursively$8(NodeTestTask.java:141)
	at org.junit.platform.engine.support.hierarchical.Node.around(Node.java:137)
	at org.junit.platform.engine.support.hierarchical.NodeTestTask.lambda$executeRecursively$9(NodeTestTask.java:139)
	at org.junit.platform.engine.support.hierarchical.ThrowableCollector.execute(ThrowableCollector.java:73)
	at org.junit.platform.engine.support.hierarchical.NodeTestTask.executeRecursively(NodeTestTask.java:138)
	at org.junit.platform.engine.support.hierarchical.NodeTestTask.execute(NodeTestTask.java:95)
	at org.junit.platform.engine.support.hierarchical.SameThreadHierarchicalTestExecutorService.submit(SameThreadHierarchicalTestExecutorService.java:35)
	at org.junit.platform.engine.support.hierarchical.HierarchicalTestExecutor.execute(HierarchicalTestExecutor.java:57)
	at org.junit.platform.engine.support.hierarchical.HierarchicalTestEngine.execute(HierarchicalTestEngine.java:54)
	at org.junit.platform.launcher.core.EngineExecutionOrchestrator.execute(EngineExecutionOrchestrator.java:147)
	at org.junit.platform.launcher.core.EngineExecutionOrchestrator.execute(EngineExecutionOrchestrator.java:127)
	at org.junit.platform.launcher.core.EngineExecutionOrchestrator.execute(EngineExecutionOrchestrator.java:90)
	at org.junit.platform.launcher.core.EngineExecutionOrchestrator.lambda$execute$0(EngineExecutionOrchestrator.java:55)
	at org.junit.platform.launcher.core.EngineExecutionOrchestrator.withInterceptedStreams(EngineExecutionOrchestrator.java:102)
	at org.junit.platform.launcher.core.EngineExecutionOrchestrator.execute(EngineExecutionOrchestrator.java:54)
	at org.junit.platform.launcher.core.DefaultLauncher.execute(DefaultLauncher.java:114)
	at org.junit.platform.launcher.core.DefaultLauncher.execute(DefaultLauncher.java:86)
	at org.junit.platform.launcher.core.DefaultLauncherSession$DelegatingLauncher.execute(DefaultLauncherSession.java:86)
	at org.apache.maven.surefire.junitplatform.LazyLauncher.execute(LazyLauncher.java:55)
	at org.apache.maven.surefire.junitplatform.JUnitPlatformProvider.lambda$execute$1(JUnitPlatformProvider.java:234)
	at java.base/java.util.Iterator.forEachRemaining(Iterator.java:133)
	at org.apache.maven.surefire.junitplatform.JUnitPlatformProvider.execute(JUnitPlatformProvider.java:228)
	at org.apache.maven.surefire.junitplatform.JUnitPlatformProvider.invokeAllTests(JUnitPlatformProvider.java:175)
	at org.apache.maven.surefire.junitplatform.JUnitPlatformProvider.invoke(JUnitPlatformProvider.java:131)
	at org.apache.maven.surefire.booter.ForkedBooter.runSuitesInProcess(ForkedBooter.java:456)
	at org.apache.maven.surefire.booter.ForkedBooter.execute(ForkedBooter.java:169)
	at org.apache.maven.surefire.booter.ForkedBooter.run(ForkedBooter.java:595)
	at org.apache.maven.surefire.booter.ForkedBooter.main(ForkedBooter.java:581)
Caused by: java.lang.IllegalArgumentException: Syntax error at line 2, position 22: extraneous input 'PRIMARY KEY' expecting {')', ','}
	at com.sqldomaingen.parser.SQLParser$1.syntaxError(SQLParser.java:71)
	at org.antlr.v4.runtime.ProxyErrorListener.syntaxError(ProxyErrorListener.java:41)
	at org.antlr.v4.runtime.Parser.notifyErrorListeners(Parser.java:544)
	at org.antlr.v4.runtime.DefaultErrorStrategy.reportUnwantedToken(DefaultErrorStrategy.java:377)
	at org.antlr.v4.runtime.DefaultErrorStrategy.singleTokenDeletion(DefaultErrorStrategy.java:548)
	at org.antlr.v4.runtime.DefaultErrorStrategy.sync(DefaultErrorStrategy.java:266)
	at com.sqldomaingen.parser.PostgreSQLParser.createTableStatement(PostgreSQLParser.java:413)
	at com.sqldomaingen.parser.PostgreSQLParser.sqlScript(PostgreSQLParser.java:4331)
	at com.sqldomaingen.parser.SQLParser.parseTreeFromSQL(SQLParser.java:104)
	at com.sqldomaingen.SQLParserTest.lambda$testParseCreateUserProfileWithManyToMany_PostgreSQL$15(SQLParserTest.java:661)
	at org.junit.jupiter.api.AssertDoesNotThrow.assertDoesNotThrow(AssertDoesNotThrow.java:49)
	... 74 more
]]></failure>
    <system-out><![CDATA[enter   sqlScript, LT(1)=CREATE
enter   createTableStatement, LT(1)=CREATE
consume [@0,0:5='CREATE',<141>,1:0] rule createTableStatement
consume [@1,7:11='TABLE',<140>,1:7] rule createTableStatement
enter   tableName, LT(1)=user_profile
consume [@2,13:24='user_profile',<234>,1:13] rule tableName
exit    tableName, LT(1)=(
consume [@3,26:26='(',<118>,1:26] rule createTableStatement
enter   columnDef, LT(1)=profile_id
enter   columnName, LT(1)=profile_id
consume [@4,32:41='profile_id',<234>,2:4] rule columnName
exit    columnName, LT(1)=SERIAL
enter   dataType, LT(1)=SERIAL
consume [@5,43:48='SERIAL',<153>,2:15] rule dataType
exit    dataType, LT(1)=PRIMARY KEY
exit    columnDef, LT(1)=PRIMARY KEY
exit    createTableStatement, LT(1)=PRIMARY KEY
exit    sqlScript, LT(1)=PRIMARY KEY
]]></system-out>
  </testcase>
  <testcase name="testParseCreateCompanyProfessionSystemLinkTable_PostgreSQL_WithCompositePkAndTwoCascadeFks" classname="com.sqldomaingen.SQLParserTest" time="0.002">
    <system-out><![CDATA[enter   sqlScript, LT(1)=CREATE
enter   createTableStatement, LT(1)=CREATE
consume [@0,0:5='CREATE',<141>,1:0] rule createTableStatement
consume [@1,7:11='TABLE',<140>,1:7] rule createTableStatement
enter   tableName, LT(1)=pep_schema
enter   schemaName, LT(1)=pep_schema
consume [@2,13:22='pep_schema',<234>,1:13] rule schemaName
exit    schemaName, LT(1)=.
consume [@3,23:23='.',<146>,1:23] rule tableName
consume [@4,24:53='company_profession_system_link',<234>,1:24] rule tableName
exit    tableName, LT(1)=(
consume [@5,55:55='(',<118>,1:55] rule createTableStatement
enter   columnDef, LT(1)=company_id
enter   columnName, LT(1)=company_id
consume [@6,61:70='company_id',<234>,2:4] rule columnName
exit    columnName, LT(1)=uuid
enter   dataType, LT(1)=uuid
consume [@7,72:75='uuid',<216>,2:15] rule dataType
exit    dataType, LT(1)=NOT
enter   columnAttribute, LT(1)=NOT
enter   constraint, LT(1)=NOT
consume [@8,77:79='NOT',<149>,2:20] rule constraint
consume [@9,81:84='NULL',<148>,2:24] rule constraint
exit    constraint, LT(1)=,
exit    columnAttribute, LT(1)=,
exit    columnDef, LT(1)=,
consume [@10,85:85=',',<125>,2:28] rule createTableStatement
enter   columnDef, LT(1)=profession_system_id
enter   columnName, LT(1)=profession_system_id
consume [@11,91:110='profession_system_id',<234>,3:4] rule columnName
exit    columnName, LT(1)=uuid
enter   dataType, LT(1)=uuid
consume [@12,112:115='uuid',<216>,3:25] rule dataType
exit    dataType, LT(1)=NOT
enter   columnAttribute, LT(1)=NOT
enter   constraint, LT(1)=NOT
consume [@13,117:119='NOT',<149>,3:30] rule constraint
consume [@14,121:124='NULL',<148>,3:34] rule constraint
exit    constraint, LT(1)=,
exit    columnAttribute, LT(1)=,
exit    columnDef, LT(1)=,
consume [@15,125:125=',',<125>,3:38] rule createTableStatement
enter   tableConstraint, LT(1)=CONSTRAINT
consume [@16,131:140='CONSTRAINT',<147>,4:4] rule tableConstraint
consume [@17,142:168='pk_company_prof_system_link',<234>,4:15] rule tableConstraint
consume [@18,170:180='PRIMARY KEY',<154>,4:43] rule tableConstraint
consume [@19,182:182='(',<118>,4:55] rule tableConstraint
enter   columnNameList, LT(1)=company_id
enter   columnName, LT(1)=company_id
consume [@20,183:192='company_id',<234>,4:56] rule columnName
exit    columnName, LT(1)=,
consume [@21,193:193=',',<125>,4:66] rule columnNameList
enter   columnName, LT(1)=profession_system_id
consume [@22,195:214='profession_system_id',<234>,4:68] rule columnName
exit    columnName, LT(1)=)
exit    columnNameList, LT(1)=)
consume [@23,215:215=')',<119>,4:88] rule tableConstraint
exit    tableConstraint, LT(1)=,
consume [@24,216:216=',',<125>,4:89] rule createTableStatement
enter   tableConstraint, LT(1)=CONSTRAINT
consume [@25,222:231='CONSTRAINT',<147>,5:4] rule tableConstraint
consume [@26,233:247='fk_cpsl_company',<234>,5:15] rule tableConstraint
consume [@27,249:259='FOREIGN KEY',<175>,5:31] rule tableConstraint
consume [@28,261:261='(',<118>,5:43] rule tableConstraint
enter   columnNameList, LT(1)=company_id
enter   columnName, LT(1)=company_id
consume [@29,262:271='company_id',<234>,5:44] rule columnName
exit    columnName, LT(1)=)
exit    columnNameList, LT(1)=)
consume [@30,272:272=')',<119>,5:54] rule tableConstraint
consume [@31,282:291='REFERENCES',<152>,6:8] rule tableConstraint
enter   schemaName, LT(1)=pep_schema
consume [@32,293:302='pep_schema',<234>,6:19] rule schemaName
exit    schemaName, LT(1)=.
consume [@33,303:303='.',<146>,6:29] rule tableConstraint
enter   tableName, LT(1)=company
consume [@34,304:310='company',<234>,6:30] rule tableName
exit    tableName, LT(1)=(
consume [@35,311:311='(',<118>,6:37] rule tableConstraint
enter   columnNameList, LT(1)=id
enter   columnName, LT(1)=id
consume [@36,312:313='id',<234>,6:38] rule columnName
exit    columnName, LT(1)=)
exit    columnNameList, LT(1)=)
consume [@37,314:314=')',<119>,6:40] rule tableConstraint
enter   onAction, LT(1)=ON DELETE
consume [@38,316:324='ON DELETE',<168>,6:42] rule onAction
enter   action, LT(1)=CASCADE
consume [@39,326:332='CASCADE',<163>,6:52] rule action
exit    action, LT(1)=,
exit    onAction, LT(1)=,
exit    tableConstraint, LT(1)=,
consume [@40,333:333=',',<125>,6:59] rule createTableStatement
enter   tableConstraint, LT(1)=CONSTRAINT
consume [@41,339:348='CONSTRAINT',<147>,7:4] rule tableConstraint
consume [@42,350:368='fk_cpsl_prof_system',<234>,7:15] rule tableConstraint
consume [@43,370:380='FOREIGN KEY',<175>,7:35] rule tableConstraint
consume [@44,382:382='(',<118>,7:47] rule tableConstraint
enter   columnNameList, LT(1)=profession_system_id
enter   columnName, LT(1)=profession_system_id
consume [@45,383:402='profession_system_id',<234>,7:48] rule columnName
exit    columnName, LT(1)=)
exit    columnNameList, LT(1)=)
consume [@46,403:403=')',<119>,7:68] rule tableConstraint
consume [@47,413:422='REFERENCES',<152>,8:8] rule tableConstraint
enter   schemaName, LT(1)=pep_schema
consume [@48,424:433='pep_schema',<234>,8:19] rule schemaName
exit    schemaName, LT(1)=.
consume [@49,434:434='.',<146>,8:29] rule tableConstraint
enter   tableName, LT(1)=profession_system
consume [@50,435:451='profession_system',<234>,8:30] rule tableName
exit    tableName, LT(1)=(
consume [@51,452:452='(',<118>,8:47] rule tableConstraint
enter   columnNameList, LT(1)=id
enter   columnName, LT(1)=id
consume [@52,453:454='id',<234>,8:48] rule columnName
exit    columnName, LT(1)=)
exit    columnNameList, LT(1)=)
consume [@53,455:455=')',<119>,8:50] rule tableConstraint
enter   onAction, LT(1)=ON DELETE
consume [@54,457:465='ON DELETE',<168>,8:52] rule onAction
enter   action, LT(1)=CASCADE
consume [@55,467:473='CASCADE',<163>,8:62] rule action
exit    action, LT(1)=)
exit    onAction, LT(1)=)
exit    tableConstraint, LT(1)=)
consume [@56,475:475=')',<119>,9:0] rule createTableStatement
consume [@57,476:476=';',<122>,9:1] rule createTableStatement
exit    createTableStatement, LT(1)=<EOF>
consume [@58,478:477='<EOF>',<-1>,10:0] rule sqlScript
exit    sqlScript, LT(1)=<EOF>
]]></system-out>
  </testcase>
  <testcase name="testParseCreateBgPoiTable_PostgreSQL" classname="com.sqldomaingen.SQLParserTest" time="0.004">
    <system-out><![CDATA[enter   sqlScript, LT(1)=CREATE
enter   createTableStatement, LT(1)=CREATE
consume [@0,0:5='CREATE',<141>,1:0] rule createTableStatement
consume [@1,7:11='TABLE',<140>,1:7] rule createTableStatement
enter   tableName, LT(1)=bg_poi
consume [@2,13:18='bg_poi',<234>,1:13] rule tableName
exit    tableName, LT(1)=(
consume [@3,20:20='(',<118>,1:20] rule createTableStatement
enter   columnDef, LT(1)=id
enter   columnName, LT(1)=id
consume [@4,26:27='id',<234>,2:4] rule columnName
exit    columnName, LT(1)=uuid
enter   dataType, LT(1)=uuid
consume [@5,29:32='uuid',<216>,2:7] rule dataType
exit    dataType, LT(1)=NOT
enter   columnAttribute, LT(1)=NOT
enter   constraint, LT(1)=NOT
consume [@6,34:36='NOT',<149>,2:12] rule constraint
consume [@7,38:41='NULL',<148>,2:16] rule constraint
exit    constraint, LT(1)=,
exit    columnAttribute, LT(1)=,
exit    columnDef, LT(1)=,
consume [@8,42:42=',',<125>,2:20] rule createTableStatement
enter   columnDef, LT(1)=chamber_id
enter   columnName, LT(1)=chamber_id
consume [@9,48:57='chamber_id',<234>,3:4] rule columnName
exit    columnName, LT(1)=int4
enter   dataType, LT(1)=int4
consume [@10,59:62='int4',<234>,3:15] rule dataType
exit    dataType, LT(1)=NOT
enter   columnAttribute, LT(1)=NOT
enter   constraint, LT(1)=NOT
consume [@11,64:66='NOT',<149>,3:20] rule constraint
consume [@12,68:71='NULL',<148>,3:24] rule constraint
exit    constraint, LT(1)=,
exit    columnAttribute, LT(1)=,
exit    columnDef, LT(1)=,
consume [@13,72:72=',',<125>,3:28] rule createTableStatement
enter   columnDef, LT(1)=date_created
enter   columnName, LT(1)=date_created
consume [@14,78:89='date_created',<234>,4:4] rule columnName
exit    columnName, LT(1)=timestamp
enter   dataType, LT(1)=timestamp
consume [@15,91:99='timestamp',<196>,4:17] rule dataType
exit    dataType, LT(1)=DEFAULT
enter   columnAttribute, LT(1)=DEFAULT
enter   constraint, LT(1)=DEFAULT
consume [@16,101:107='DEFAULT',<160>,4:27] rule constraint
enter   value, LT(1)=CURRENT_TIMESTAMP
enter   valueAtom, LT(1)=CURRENT_TIMESTAMP
consume [@17,109:125='CURRENT_TIMESTAMP',<49>,4:35] rule valueAtom
exit    valueAtom, LT(1)=NOT
exit    value, LT(1)=NOT
exit    constraint, LT(1)=NOT
exit    columnAttribute, LT(1)=NOT
enter   columnAttribute, LT(1)=NOT
enter   constraint, LT(1)=NOT
consume [@18,127:129='NOT',<149>,4:53] rule constraint
consume [@19,131:134='NULL',<148>,4:57] rule constraint
exit    constraint, LT(1)=,
exit    columnAttribute, LT(1)=,
exit    columnDef, LT(1)=,
consume [@20,135:135=',',<125>,4:61] rule createTableStatement
enter   columnDef, LT(1)=last_updated
enter   columnName, LT(1)=last_updated
consume [@21,141:152='last_updated',<234>,5:4] rule columnName
exit    columnName, LT(1)=timestamp
enter   dataType, LT(1)=timestamp
consume [@22,154:162='timestamp',<196>,5:17] rule dataType
exit    dataType, LT(1)=DEFAULT
enter   columnAttribute, LT(1)=DEFAULT
enter   constraint, LT(1)=DEFAULT
consume [@23,164:170='DEFAULT',<160>,5:27] rule constraint
enter   value, LT(1)=CURRENT_TIMESTAMP
enter   valueAtom, LT(1)=CURRENT_TIMESTAMP
consume [@24,172:188='CURRENT_TIMESTAMP',<49>,5:35] rule valueAtom
exit    valueAtom, LT(1)=NOT
exit    value, LT(1)=NOT
exit    constraint, LT(1)=NOT
exit    columnAttribute, LT(1)=NOT
enter   columnAttribute, LT(1)=NOT
enter   constraint, LT(1)=NOT
consume [@25,190:192='NOT',<149>,5:53] rule constraint
consume [@26,194:197='NULL',<148>,5:57] rule constraint
exit    constraint, LT(1)=,
exit    columnAttribute, LT(1)=,
exit    columnDef, LT(1)=,
consume [@27,198:198=',',<125>,5:61] rule createTableStatement
enter   columnDef, LT(1)=recdeleted
enter   columnName, LT(1)=recdeleted
consume [@28,204:213='recdeleted',<234>,6:4] rule columnName
exit    columnName, LT(1)=bool
enter   dataType, LT(1)=bool
consume [@29,215:218='bool',<234>,6:15] rule dataType
exit    dataType, LT(1)=DEFAULT
enter   columnAttribute, LT(1)=DEFAULT
enter   constraint, LT(1)=DEFAULT
consume [@30,220:226='DEFAULT',<160>,6:20] rule constraint
enter   value, LT(1)=FALSE
enter   valueAtom, LT(1)=FALSE
enter   booleanLiteral, LT(1)=FALSE
consume [@31,228:232='FALSE',<114>,6:28] rule booleanLiteral
exit    booleanLiteral, LT(1)=NOT
exit    valueAtom, LT(1)=NOT
exit    value, LT(1)=NOT
exit    constraint, LT(1)=NOT
exit    columnAttribute, LT(1)=NOT
enter   columnAttribute, LT(1)=NOT
enter   constraint, LT(1)=NOT
consume [@32,234:236='NOT',<149>,6:34] rule constraint
consume [@33,238:241='NULL',<148>,6:38] rule constraint
exit    constraint, LT(1)=,
exit    columnAttribute, LT(1)=,
exit    columnDef, LT(1)=,
consume [@34,242:242=',',<125>,6:42] rule createTableStatement
enter   columnDef, LT(1)=latitude
enter   columnName, LT(1)=latitude
consume [@35,248:255='latitude',<234>,7:4] rule columnName
exit    columnName, LT(1)=varchar
enter   dataType, LT(1)=varchar
consume [@36,257:263='varchar',<145>,7:13] rule dataType
consume [@37,264:264='(',<118>,7:20] rule dataType
consume [@38,265:267='255',<236>,7:21] rule dataType
consume [@39,268:268=')',<119>,7:24] rule dataType
exit    dataType, LT(1)=NOT
enter   columnAttribute, LT(1)=NOT
enter   constraint, LT(1)=NOT
consume [@40,270:272='NOT',<149>,7:26] rule constraint
consume [@41,274:277='NULL',<148>,7:30] rule constraint
exit    constraint, LT(1)=,
exit    columnAttribute, LT(1)=,
exit    columnDef, LT(1)=,
consume [@42,278:278=',',<125>,7:34] rule createTableStatement
enter   columnDef, LT(1)=longitude
enter   columnName, LT(1)=longitude
consume [@43,284:292='longitude',<234>,8:4] rule columnName
exit    columnName, LT(1)=varchar
enter   dataType, LT(1)=varchar
consume [@44,294:300='varchar',<145>,8:14] rule dataType
consume [@45,301:301='(',<118>,8:21] rule dataType
consume [@46,302:304='255',<236>,8:22] rule dataType
consume [@47,305:305=')',<119>,8:25] rule dataType
exit    dataType, LT(1)=NOT
enter   columnAttribute, LT(1)=NOT
enter   constraint, LT(1)=NOT
consume [@48,307:309='NOT',<149>,8:27] rule constraint
consume [@49,311:314='NULL',<148>,8:31] rule constraint
exit    constraint, LT(1)=,
exit    columnAttribute, LT(1)=,
exit    columnDef, LT(1)=,
consume [@50,315:315=',',<125>,8:35] rule createTableStatement
enter   tableConstraint, LT(1)=CONSTRAINT
consume [@51,321:330='CONSTRAINT',<147>,9:4] rule tableConstraint
consume [@52,332:340='pk_bg_poi',<234>,9:15] rule tableConstraint
consume [@53,342:352='PRIMARY KEY',<154>,9:25] rule tableConstraint
consume [@54,354:354='(',<118>,9:37] rule tableConstraint
enter   columnNameList, LT(1)=id
enter   columnName, LT(1)=id
consume [@55,355:356='id',<234>,9:38] rule columnName
exit    columnName, LT(1)=)
exit    columnNameList, LT(1)=)
consume [@56,357:357=')',<119>,9:40] rule tableConstraint
exit    tableConstraint, LT(1)=)
consume [@57,359:359=')',<119>,10:0] rule createTableStatement
consume [@58,360:360=';',<122>,10:1] rule createTableStatement
exit    createTableStatement, LT(1)=<EOF>
consume [@59,362:361='<EOF>',<-1>,11:0] rule sqlScript
exit    sqlScript, LT(1)=<EOF>
]]></system-out>
  </testcase>
  <testcase name="testParseCreateProfessionI18nTable_PostgreSQL_WithFkConstraints" classname="com.sqldomaingen.SQLParserTest" time="0.001">
    <system-out><![CDATA[enter   sqlScript, LT(1)=CREATE
enter   createTableStatement, LT(1)=CREATE
consume [@0,0:5='CREATE',<141>,1:0] rule createTableStatement
consume [@1,7:11='TABLE',<140>,1:7] rule createTableStatement
enter   tableName, LT(1)=pep_schema
enter   schemaName, LT(1)=pep_schema
consume [@2,13:22='pep_schema',<234>,1:13] rule schemaName
exit    schemaName, LT(1)=.
consume [@3,23:23='.',<146>,1:23] rule tableName
consume [@4,24:37='professioni18n',<234>,1:24] rule tableName
exit    tableName, LT(1)=(
consume [@5,39:39='(',<118>,1:39] rule createTableStatement
enter   columnDef, LT(1)=profession_id
enter   columnName, LT(1)=profession_id
consume [@6,45:57='profession_id',<234>,2:4] rule columnName
exit    columnName, LT(1)=uuid
enter   dataType, LT(1)=uuid
consume [@7,59:62='uuid',<216>,2:18] rule dataType
exit    dataType, LT(1)=NOT
enter   columnAttribute, LT(1)=NOT
enter   constraint, LT(1)=NOT
consume [@8,64:66='NOT',<149>,2:23] rule constraint
consume [@9,68:71='NULL',<148>,2:27] rule constraint
exit    constraint, LT(1)=,
exit    columnAttribute, LT(1)=,
exit    columnDef, LT(1)=,
consume [@10,72:72=',',<125>,2:31] rule createTableStatement
enter   columnDef, LT(1)=language_id
enter   columnName, LT(1)=language_id
consume [@11,78:88='language_id',<234>,3:4] rule columnName
exit    columnName, LT(1)=uuid
enter   dataType, LT(1)=uuid
consume [@12,90:93='uuid',<216>,3:16] rule dataType
exit    dataType, LT(1)=NOT
enter   columnAttribute, LT(1)=NOT
enter   constraint, LT(1)=NOT
consume [@13,95:97='NOT',<149>,3:21] rule constraint
consume [@14,99:102='NULL',<148>,3:25] rule constraint
exit    constraint, LT(1)=,
exit    columnAttribute, LT(1)=,
exit    columnDef, LT(1)=,
consume [@15,103:103=',',<125>,3:29] rule createTableStatement
enter   columnDef, LT(1)=recdeleted
enter   columnName, LT(1)=recdeleted
consume [@16,109:118='recdeleted',<234>,4:4] rule columnName
exit    columnName, LT(1)=bool
enter   dataType, LT(1)=bool
consume [@17,120:123='bool',<234>,4:15] rule dataType
exit    dataType, LT(1)=DEFAULT
enter   columnAttribute, LT(1)=DEFAULT
enter   constraint, LT(1)=DEFAULT
consume [@18,125:131='DEFAULT',<160>,4:20] rule constraint
enter   value, LT(1)=FALSE
enter   valueAtom, LT(1)=FALSE
enter   booleanLiteral, LT(1)=FALSE
consume [@19,133:137='FALSE',<114>,4:28] rule booleanLiteral
exit    booleanLiteral, LT(1)=NOT
exit    valueAtom, LT(1)=NOT
exit    value, LT(1)=NOT
exit    constraint, LT(1)=NOT
exit    columnAttribute, LT(1)=NOT
enter   columnAttribute, LT(1)=NOT
enter   constraint, LT(1)=NOT
consume [@20,139:141='NOT',<149>,4:34] rule constraint
consume [@21,143:146='NULL',<148>,4:38] rule constraint
exit    constraint, LT(1)=,
exit    columnAttribute, LT(1)=,
exit    columnDef, LT(1)=,
consume [@22,147:147=',',<125>,4:42] rule createTableStatement
enter   columnDef, LT(1)=description
enter   columnName, LT(1)=description
consume [@23,153:163='description',<234>,5:4] rule columnName
exit    columnName, LT(1)=varchar
enter   dataType, LT(1)=varchar
consume [@24,165:171='varchar',<145>,5:16] rule dataType
consume [@25,172:172='(',<118>,5:23] rule dataType
consume [@26,173:175='500',<236>,5:24] rule dataType
consume [@27,176:176=')',<119>,5:27] rule dataType
exit    dataType, LT(1)=NOT
enter   columnAttribute, LT(1)=NOT
enter   constraint, LT(1)=NOT
consume [@28,178:180='NOT',<149>,5:29] rule constraint
consume [@29,182:185='NULL',<148>,5:33] rule constraint
exit    constraint, LT(1)=,
exit    columnAttribute, LT(1)=,
exit    columnDef, LT(1)=,
consume [@30,186:186=',',<125>,5:37] rule createTableStatement
enter   columnDef, LT(1)=date_created
enter   columnName, LT(1)=date_created
consume [@31,192:203='date_created',<234>,6:4] rule columnName
exit    columnName, LT(1)=timestamp
enter   dataType, LT(1)=timestamp
consume [@32,205:213='timestamp',<196>,6:17] rule dataType
exit    dataType, LT(1)=DEFAULT
enter   columnAttribute, LT(1)=DEFAULT
enter   constraint, LT(1)=DEFAULT
consume [@33,215:221='DEFAULT',<160>,6:27] rule constraint
enter   value, LT(1)=CURRENT_TIMESTAMP
enter   valueAtom, LT(1)=CURRENT_TIMESTAMP
consume [@34,223:239='CURRENT_TIMESTAMP',<49>,6:35] rule valueAtom
exit    valueAtom, LT(1)=NULL
exit    value, LT(1)=NULL
exit    constraint, LT(1)=NULL
exit    columnAttribute, LT(1)=NULL
enter   columnAttribute, LT(1)=NULL
enter   constraint, LT(1)=NULL
consume [@35,241:244='NULL',<148>,6:53] rule constraint
exit    constraint, LT(1)=,
exit    columnAttribute, LT(1)=,
exit    columnDef, LT(1)=,
consume [@36,245:245=',',<125>,6:57] rule createTableStatement
enter   columnDef, LT(1)=last_updated
enter   columnName, LT(1)=last_updated
consume [@37,251:262='last_updated',<234>,7:4] rule columnName
exit    columnName, LT(1)=timestamp
enter   dataType, LT(1)=timestamp
consume [@38,264:272='timestamp',<196>,7:17] rule dataType
exit    dataType, LT(1)=DEFAULT
enter   columnAttribute, LT(1)=DEFAULT
enter   constraint, LT(1)=DEFAULT
consume [@39,274:280='DEFAULT',<160>,7:27] rule constraint
enter   value, LT(1)=CURRENT_TIMESTAMP
enter   valueAtom, LT(1)=CURRENT_TIMESTAMP
consume [@40,282:298='CURRENT_TIMESTAMP',<49>,7:35] rule valueAtom
exit    valueAtom, LT(1)=NULL
exit    value, LT(1)=NULL
exit    constraint, LT(1)=NULL
exit    columnAttribute, LT(1)=NULL
enter   columnAttribute, LT(1)=NULL
enter   constraint, LT(1)=NULL
consume [@41,300:303='NULL',<148>,7:53] rule constraint
exit    constraint, LT(1)=,
exit    columnAttribute, LT(1)=,
exit    columnDef, LT(1)=,
consume [@42,304:304=',',<125>,7:57] rule createTableStatement
enter   columnDef, LT(1)=chamber_i18n_id
enter   columnName, LT(1)=chamber_i18n_id
consume [@43,310:324='chamber_i18n_id',<234>,8:4] rule columnName
exit    columnName, LT(1)=int4
enter   dataType, LT(1)=int4
consume [@44,326:329='int4',<234>,8:20] rule dataType
exit    dataType, LT(1)=NULL
enter   columnAttribute, LT(1)=NULL
enter   constraint, LT(1)=NULL
consume [@45,331:334='NULL',<148>,8:25] rule constraint
exit    constraint, LT(1)=,
exit    columnAttribute, LT(1)=,
exit    columnDef, LT(1)=,
consume [@46,335:335=',',<125>,8:29] rule createTableStatement
enter   tableConstraint, LT(1)=CONSTRAINT
consume [@47,341:350='CONSTRAINT',<147>,9:4] rule tableConstraint
consume [@48,352:369='pk_profession_i18n',<234>,9:15] rule tableConstraint
consume [@49,371:381='PRIMARY KEY',<154>,9:34] rule tableConstraint
consume [@50,383:383='(',<118>,9:46] rule tableConstraint
enter   columnNameList, LT(1)=profession_id
enter   columnName, LT(1)=profession_id
consume [@51,384:396='profession_id',<234>,9:47] rule columnName
exit    columnName, LT(1)=,
consume [@52,397:397=',',<125>,9:60] rule columnNameList
enter   columnName, LT(1)=language_id
consume [@53,399:409='language_id',<234>,9:62] rule columnName
exit    columnName, LT(1)=)
exit    columnNameList, LT(1)=)
consume [@54,410:410=')',<119>,9:73] rule tableConstraint
exit    tableConstraint, LT(1)=,
consume [@55,411:411=',',<125>,9:74] rule createTableStatement
enter   tableConstraint, LT(1)=CONSTRAINT
consume [@56,417:426='CONSTRAINT',<147>,10:4] rule tableConstraint
consume [@57,428:453='uk_chamber_profession_i18n',<234>,10:15] rule tableConstraint
consume [@58,455:460='UNIQUE',<170>,10:42] rule tableConstraint
consume [@59,462:462='(',<118>,10:49] rule tableConstraint
enter   columnNameList, LT(1)=profession_id
enter   columnName, LT(1)=profession_id
consume [@60,463:475='profession_id',<234>,10:50] rule columnName
exit    columnName, LT(1)=,
consume [@61,476:476=',',<125>,10:63] rule columnNameList
enter   columnName, LT(1)=chamber_i18n_id
consume [@62,478:492='chamber_i18n_id',<234>,10:65] rule columnName
exit    columnName, LT(1)=)
exit    columnNameList, LT(1)=)
consume [@63,493:493=')',<119>,10:80] rule tableConstraint
exit    tableConstraint, LT(1)=,
consume [@64,494:494=',',<125>,10:81] rule createTableStatement
enter   tableConstraint, LT(1)=CONSTRAINT
consume [@65,500:509='CONSTRAINT',<147>,11:4] rule tableConstraint
consume [@66,511:528='fk_profession_i18n',<234>,11:15] rule tableConstraint
consume [@67,530:540='FOREIGN KEY',<175>,11:34] rule tableConstraint
consume [@68,542:542='(',<118>,11:46] rule tableConstraint
enter   columnNameList, LT(1)=profession_id
enter   columnName, LT(1)=profession_id
consume [@69,543:555='profession_id',<234>,11:47] rule columnName
exit    columnName, LT(1)=)
exit    columnNameList, LT(1)=)
consume [@70,556:556=')',<119>,11:60] rule tableConstraint
consume [@71,558:567='REFERENCES',<152>,11:62] rule tableConstraint
enter   schemaName, LT(1)=pep_schema
consume [@72,569:578='pep_schema',<234>,11:73] rule schemaName
exit    schemaName, LT(1)=.
consume [@73,579:579='.',<146>,11:83] rule tableConstraint
enter   tableName, LT(1)=profession
consume [@74,580:589='profession',<234>,11:84] rule tableName
exit    tableName, LT(1)=(
consume [@75,590:590='(',<118>,11:94] rule tableConstraint
enter   columnNameList, LT(1)=id
enter   columnName, LT(1)=id
consume [@76,591:592='id',<234>,11:95] rule columnName
exit    columnName, LT(1)=)
exit    columnNameList, LT(1)=)
consume [@77,593:593=')',<119>,11:97] rule tableConstraint
exit    tableConstraint, LT(1)=,
consume [@78,594:594=',',<125>,11:98] rule createTableStatement
enter   tableConstraint, LT(1)=CONSTRAINT
consume [@79,600:609='CONSTRAINT',<147>,12:4] rule tableConstraint
consume [@80,611:633='fk_profession_i18n_lang',<234>,12:15] rule tableConstraint
consume [@81,635:645='FOREIGN KEY',<175>,12:39] rule tableConstraint
consume [@82,647:647='(',<118>,12:51] rule tableConstraint
enter   columnNameList, LT(1)=language_id
enter   columnName, LT(1)=language_id
consume [@83,648:658='language_id',<234>,12:52] rule columnName
exit    columnName, LT(1)=)
exit    columnNameList, LT(1)=)
consume [@84,659:659=')',<119>,12:63] rule tableConstraint
consume [@85,661:670='REFERENCES',<152>,12:65] rule tableConstraint
enter   schemaName, LT(1)=pep_schema
consume [@86,672:681='pep_schema',<234>,12:76] rule schemaName
exit    schemaName, LT(1)=.
consume [@87,682:682='.',<146>,12:86] rule tableConstraint
enter   tableName, LT(1)=languages
consume [@88,683:691='languages',<234>,12:87] rule tableName
exit    tableName, LT(1)=(
consume [@89,692:692='(',<118>,12:96] rule tableConstraint
enter   columnNameList, LT(1)=id
enter   columnName, LT(1)=id
consume [@90,693:694='id',<234>,12:97] rule columnName
exit    columnName, LT(1)=)
exit    columnNameList, LT(1)=)
consume [@91,695:695=')',<119>,12:99] rule tableConstraint
exit    tableConstraint, LT(1)=)
consume [@92,697:697=')',<119>,13:0] rule createTableStatement
consume [@93,698:698=';',<122>,13:1] rule createTableStatement
exit    createTableStatement, LT(1)=<EOF>
consume [@94,700:699='<EOF>',<-1>,14:0] rule sqlScript
exit    sqlScript, LT(1)=<EOF>
]]></system-out>
  </testcase>
  <testcase name="testParseCreateCompanyProfileI18nTable_PostgreSQL_WithCompositePkAndFkConstraints" classname="com.sqldomaingen.SQLParserTest" time="0.003">
    <system-out><![CDATA[enter   sqlScript, LT(1)=CREATE
enter   createTableStatement, LT(1)=CREATE
consume [@0,0:5='CREATE',<141>,1:0] rule createTableStatement
consume [@1,7:11='TABLE',<140>,1:7] rule createTableStatement
enter   tableName, LT(1)=pep_schema
enter   schemaName, LT(1)=pep_schema
consume [@2,13:22='pep_schema',<234>,1:13] rule schemaName
exit    schemaName, LT(1)=.
consume [@3,23:23='.',<146>,1:23] rule tableName
consume [@4,24:43='company_profile_i18n',<234>,1:24] rule tableName
exit    tableName, LT(1)=(
consume [@5,45:45='(',<118>,1:45] rule createTableStatement
enter   columnDef, LT(1)=company_profile_id
enter   columnName, LT(1)=company_profile_id
consume [@6,51:68='company_profile_id',<234>,2:4] rule columnName
exit    columnName, LT(1)=uuid
enter   dataType, LT(1)=uuid
consume [@7,70:73='uuid',<216>,2:23] rule dataType
exit    dataType, LT(1)=NOT
enter   columnAttribute, LT(1)=NOT
enter   constraint, LT(1)=NOT
consume [@8,75:77='NOT',<149>,2:28] rule constraint
consume [@9,79:82='NULL',<148>,2:32] rule constraint
exit    constraint, LT(1)=,
exit    columnAttribute, LT(1)=,
exit    columnDef, LT(1)=,
consume [@10,83:83=',',<125>,2:36] rule createTableStatement
enter   columnDef, LT(1)=language_id
enter   columnName, LT(1)=language_id
consume [@11,89:99='language_id',<234>,3:4] rule columnName
exit    columnName, LT(1)=uuid
enter   dataType, LT(1)=uuid
consume [@12,101:104='uuid',<216>,3:16] rule dataType
exit    dataType, LT(1)=NOT
enter   columnAttribute, LT(1)=NOT
enter   constraint, LT(1)=NOT
consume [@13,106:108='NOT',<149>,3:21] rule constraint
consume [@14,110:113='NULL',<148>,3:25] rule constraint
exit    constraint, LT(1)=,
exit    columnAttribute, LT(1)=,
exit    columnDef, LT(1)=,
consume [@15,114:114=',',<125>,3:29] rule createTableStatement
enter   columnDef, LT(1)=rec_deleted
enter   columnName, LT(1)=rec_deleted
consume [@16,120:130='rec_deleted',<234>,4:4] rule columnName
exit    columnName, LT(1)=boolean
enter   dataType, LT(1)=boolean
consume [@17,132:138='boolean',<174>,4:16] rule dataType
exit    dataType, LT(1)=DEFAULT
enter   columnAttribute, LT(1)=DEFAULT
enter   constraint, LT(1)=DEFAULT
consume [@18,140:146='DEFAULT',<160>,4:24] rule constraint
enter   value, LT(1)=FALSE
enter   valueAtom, LT(1)=FALSE
enter   booleanLiteral, LT(1)=FALSE
consume [@19,148:152='FALSE',<114>,4:32] rule booleanLiteral
exit    booleanLiteral, LT(1)=NOT
exit    valueAtom, LT(1)=NOT
exit    value, LT(1)=NOT
exit    constraint, LT(1)=NOT
exit    columnAttribute, LT(1)=NOT
enter   columnAttribute, LT(1)=NOT
enter   constraint, LT(1)=NOT
consume [@20,154:156='NOT',<149>,4:38] rule constraint
consume [@21,158:161='NULL',<148>,4:42] rule constraint
exit    constraint, LT(1)=,
exit    columnAttribute, LT(1)=,
exit    columnDef, LT(1)=,
consume [@22,162:162=',',<125>,4:46] rule createTableStatement
enter   columnDef, LT(1)=name
enter   columnName, LT(1)=name
consume [@23,168:171='name',<234>,5:4] rule columnName
exit    columnName, LT(1)=varchar
enter   dataType, LT(1)=varchar
consume [@24,173:179='varchar',<145>,5:9] rule dataType
consume [@25,180:180='(',<118>,5:16] rule dataType
consume [@26,181:184='1000',<236>,5:17] rule dataType
consume [@27,185:185=')',<119>,5:21] rule dataType
exit    dataType, LT(1)=NULL
enter   columnAttribute, LT(1)=NULL
enter   constraint, LT(1)=NULL
consume [@28,187:190='NULL',<148>,5:23] rule constraint
exit    constraint, LT(1)=,
exit    columnAttribute, LT(1)=,
exit    columnDef, LT(1)=,
consume [@29,191:191=',',<125>,5:27] rule createTableStatement
enter   columnDef, LT(1)=address_city
enter   columnName, LT(1)=address_city
consume [@30,197:208='address_city',<234>,6:4] rule columnName
exit    columnName, LT(1)=varchar
enter   dataType, LT(1)=varchar
consume [@31,210:216='varchar',<145>,6:17] rule dataType
consume [@32,217:217='(',<118>,6:24] rule dataType
consume [@33,218:219='50',<236>,6:25] rule dataType
consume [@34,220:220=')',<119>,6:27] rule dataType
exit    dataType, LT(1)=NULL
enter   columnAttribute, LT(1)=NULL
enter   constraint, LT(1)=NULL
consume [@35,222:225='NULL',<148>,6:29] rule constraint
exit    constraint, LT(1)=,
exit    columnAttribute, LT(1)=,
exit    columnDef, LT(1)=,
consume [@36,226:226=',',<125>,6:33] rule createTableStatement
enter   columnDef, LT(1)=address_region
enter   columnName, LT(1)=address_region
consume [@37,232:245='address_region',<234>,7:4] rule columnName
exit    columnName, LT(1)=varchar
enter   dataType, LT(1)=varchar
consume [@38,247:253='varchar',<145>,7:19] rule dataType
consume [@39,254:254='(',<118>,7:26] rule dataType
consume [@40,255:256='50',<236>,7:27] rule dataType
consume [@41,257:257=')',<119>,7:29] rule dataType
exit    dataType, LT(1)=NULL
enter   columnAttribute, LT(1)=NULL
enter   constraint, LT(1)=NULL
consume [@42,259:262='NULL',<148>,7:31] rule constraint
exit    constraint, LT(1)=,
exit    columnAttribute, LT(1)=,
exit    columnDef, LT(1)=,
consume [@43,263:263=',',<125>,7:35] rule createTableStatement
enter   columnDef, LT(1)=address_street
enter   columnName, LT(1)=address_street
consume [@44,269:282='address_street',<234>,8:4] rule columnName
exit    columnName, LT(1)=varchar
enter   dataType, LT(1)=varchar
consume [@45,284:290='varchar',<145>,8:19] rule dataType
consume [@46,291:291='(',<118>,8:26] rule dataType
consume [@47,292:294='100',<236>,8:27] rule dataType
consume [@48,295:295=')',<119>,8:30] rule dataType
exit    dataType, LT(1)=NULL
enter   columnAttribute, LT(1)=NULL
enter   constraint, LT(1)=NULL
consume [@49,297:300='NULL',<148>,8:32] rule constraint
exit    constraint, LT(1)=,
exit    columnAttribute, LT(1)=,
exit    columnDef, LT(1)=,
consume [@50,301:301=',',<125>,8:36] rule createTableStatement
enter   columnDef, LT(1)=objective
enter   columnName, LT(1)=objective
consume [@51,307:315='objective',<234>,9:4] rule columnName
exit    columnName, LT(1)=text
enter   dataType, LT(1)=text
consume [@52,317:320='text',<172>,9:14] rule dataType
exit    dataType, LT(1)=NULL
enter   columnAttribute, LT(1)=NULL
enter   constraint, LT(1)=NULL
consume [@53,322:325='NULL',<148>,9:19] rule constraint
exit    constraint, LT(1)=,
exit    columnAttribute, LT(1)=,
exit    columnDef, LT(1)=,
consume [@54,326:326=',',<125>,9:23] rule createTableStatement
enter   columnDef, LT(1)=date_created
enter   columnName, LT(1)=date_created
consume [@55,332:343='date_created',<234>,10:4] rule columnName
exit    columnName, LT(1)=timestamp
enter   dataType, LT(1)=timestamp
consume [@56,345:353='timestamp',<196>,10:17] rule dataType
exit    dataType, LT(1)=DEFAULT
enter   columnAttribute, LT(1)=DEFAULT
enter   constraint, LT(1)=DEFAULT
consume [@57,355:361='DEFAULT',<160>,10:27] rule constraint
enter   value, LT(1)=CURRENT_TIMESTAMP
enter   valueAtom, LT(1)=CURRENT_TIMESTAMP
consume [@58,363:379='CURRENT_TIMESTAMP',<49>,10:35] rule valueAtom
exit    valueAtom, LT(1)=NULL
exit    value, LT(1)=NULL
exit    constraint, LT(1)=NULL
exit    columnAttribute, LT(1)=NULL
enter   columnAttribute, LT(1)=NULL
enter   constraint, LT(1)=NULL
consume [@59,381:384='NULL',<148>,10:53] rule constraint
exit    constraint, LT(1)=,
exit    columnAttribute, LT(1)=,
exit    columnDef, LT(1)=,
consume [@60,385:385=',',<125>,10:57] rule createTableStatement
enter   columnDef, LT(1)=last_updated
enter   columnName, LT(1)=last_updated
consume [@61,391:402='last_updated',<234>,11:4] rule columnName
exit    columnName, LT(1)=timestamp
enter   dataType, LT(1)=timestamp
consume [@62,404:412='timestamp',<196>,11:17] rule dataType
exit    dataType, LT(1)=DEFAULT
enter   columnAttribute, LT(1)=DEFAULT
enter   constraint, LT(1)=DEFAULT
consume [@63,414:420='DEFAULT',<160>,11:27] rule constraint
enter   value, LT(1)=CURRENT_TIMESTAMP
enter   valueAtom, LT(1)=CURRENT_TIMESTAMP
consume [@64,422:438='CURRENT_TIMESTAMP',<49>,11:35] rule valueAtom
exit    valueAtom, LT(1)=NULL
exit    value, LT(1)=NULL
exit    constraint, LT(1)=NULL
exit    columnAttribute, LT(1)=NULL
enter   columnAttribute, LT(1)=NULL
enter   constraint, LT(1)=NULL
consume [@65,440:443='NULL',<148>,11:53] rule constraint
exit    constraint, LT(1)=,
exit    columnAttribute, LT(1)=,
exit    columnDef, LT(1)=,
consume [@66,444:444=',',<125>,11:57] rule createTableStatement
enter   tableConstraint, LT(1)=CONSTRAINT
consume [@67,450:459='CONSTRAINT',<147>,12:4] rule tableConstraint
consume [@68,461:483='pk_company_profile_i18n',<234>,12:15] rule tableConstraint
consume [@69,485:495='PRIMARY KEY',<154>,12:39] rule tableConstraint
consume [@70,497:497='(',<118>,12:51] rule tableConstraint
enter   columnNameList, LT(1)=company_profile_id
enter   columnName, LT(1)=company_profile_id
consume [@71,498:515='company_profile_id',<234>,12:52] rule columnName
exit    columnName, LT(1)=,
consume [@72,516:516=',',<125>,12:70] rule columnNameList
enter   columnName, LT(1)=language_id
consume [@73,518:528='language_id',<234>,12:72] rule columnName
exit    columnName, LT(1)=)
exit    columnNameList, LT(1)=)
consume [@74,529:529=')',<119>,12:83] rule tableConstraint
exit    tableConstraint, LT(1)=,
consume [@75,530:530=',',<125>,12:84] rule createTableStatement
enter   tableConstraint, LT(1)=CONSTRAINT
consume [@76,536:545='CONSTRAINT',<147>,13:4] rule tableConstraint
consume [@77,547:577='fk_company_profile_i18n_profile',<234>,13:15] rule tableConstraint
consume [@78,579:589='FOREIGN KEY',<175>,13:47] rule tableConstraint
consume [@79,591:591='(',<118>,13:59] rule tableConstraint
enter   columnNameList, LT(1)=company_profile_id
enter   columnName, LT(1)=company_profile_id
consume [@80,592:609='company_profile_id',<234>,13:60] rule columnName
exit    columnName, LT(1)=)
exit    columnNameList, LT(1)=)
consume [@81,610:610=')',<119>,13:78] rule tableConstraint
consume [@82,620:629='REFERENCES',<152>,14:8] rule tableConstraint
enter   schemaName, LT(1)=pep_schema
consume [@83,631:640='pep_schema',<234>,14:19] rule schemaName
exit    schemaName, LT(1)=.
consume [@84,641:641='.',<146>,14:29] rule tableConstraint
enter   tableName, LT(1)=company_profile
consume [@85,642:656='company_profile',<234>,14:30] rule tableName
exit    tableName, LT(1)=(
consume [@86,657:657='(',<118>,14:45] rule tableConstraint
enter   columnNameList, LT(1)=id
enter   columnName, LT(1)=id
consume [@87,658:659='id',<234>,14:46] rule columnName
exit    columnName, LT(1)=)
exit    columnNameList, LT(1)=)
consume [@88,660:660=')',<119>,14:48] rule tableConstraint
enter   onAction, LT(1)=ON DELETE
consume [@89,662:670='ON DELETE',<168>,14:50] rule onAction
enter   action, LT(1)=CASCADE
consume [@90,672:678='CASCADE',<163>,14:60] rule action
exit    action, LT(1)=,
exit    onAction, LT(1)=,
exit    tableConstraint, LT(1)=,
consume [@91,679:679=',',<125>,14:67] rule createTableStatement
enter   tableConstraint, LT(1)=CONSTRAINT
consume [@92,685:694='CONSTRAINT',<147>,15:4] rule tableConstraint
consume [@93,696:727='fk_company_profile_i18n_language',<234>,15:15] rule tableConstraint
consume [@94,729:739='FOREIGN KEY',<175>,15:48] rule tableConstraint
consume [@95,741:741='(',<118>,15:60] rule tableConstraint
enter   columnNameList, LT(1)=language_id
enter   columnName, LT(1)=language_id
consume [@96,742:752='language_id',<234>,15:61] rule columnName
exit    columnName, LT(1)=)
exit    columnNameList, LT(1)=)
consume [@97,753:753=')',<119>,15:72] rule tableConstraint
consume [@98,763:772='REFERENCES',<152>,16:8] rule tableConstraint
enter   schemaName, LT(1)=pep_schema
consume [@99,774:783='pep_schema',<234>,16:19] rule schemaName
exit    schemaName, LT(1)=.
consume [@100,784:784='.',<146>,16:29] rule tableConstraint
enter   tableName, LT(1)=languages
consume [@101,785:793='languages',<234>,16:30] rule tableName
exit    tableName, LT(1)=(
consume [@102,794:794='(',<118>,16:39] rule tableConstraint
enter   columnNameList, LT(1)=id
enter   columnName, LT(1)=id
consume [@103,795:796='id',<234>,16:40] rule columnName
exit    columnName, LT(1)=)
exit    columnNameList, LT(1)=)
consume [@104,797:797=')',<119>,16:42] rule tableConstraint
exit    tableConstraint, LT(1)=)
consume [@105,799:799=')',<119>,17:0] rule createTableStatement
consume [@106,800:800=';',<122>,17:1] rule createTableStatement
exit    createTableStatement, LT(1)=<EOF>
consume [@107,802:801='<EOF>',<-1>,18:0] rule sqlScript
exit    sqlScript, LT(1)=<EOF>
]]></system-out>
  </testcase>
  <testcase name="testParseCreateEmployeeDepartmentTable_WithCompositePrimaryKeyAndFKs" classname="com.sqldomaingen.SQLParserTest" time="0.002">
    <system-out><![CDATA[enter   sqlScript, LT(1)=CREATE
enter   createTableStatement, LT(1)=CREATE
consume [@0,0:5='CREATE',<141>,1:0] rule createTableStatement
consume [@1,7:11='TABLE',<140>,1:7] rule createTableStatement
enter   tableName, LT(1)=employee_department
consume [@2,13:31='employee_department',<234>,1:13] rule tableName
exit    tableName, LT(1)=(
consume [@3,33:33='(',<118>,1:33] rule createTableStatement
enter   columnDef, LT(1)=employee_id
enter   columnName, LT(1)=employee_id
consume [@4,39:49='employee_id',<234>,2:4] rule columnName
exit    columnName, LT(1)=INT
enter   dataType, LT(1)=INT
consume [@5,51:53='INT',<144>,2:16] rule dataType
exit    dataType, LT(1)=NOT
enter   columnAttribute, LT(1)=NOT
enter   constraint, LT(1)=NOT
consume [@6,55:57='NOT',<149>,2:20] rule constraint
consume [@7,59:62='NULL',<148>,2:24] rule constraint
exit    constraint, LT(1)=,
exit    columnAttribute, LT(1)=,
exit    columnDef, LT(1)=,
consume [@8,63:63=',',<125>,2:28] rule createTableStatement
enter   columnDef, LT(1)=department_id
enter   columnName, LT(1)=department_id
consume [@9,69:81='department_id',<234>,3:4] rule columnName
exit    columnName, LT(1)=INT
enter   dataType, LT(1)=INT
consume [@10,83:85='INT',<144>,3:18] rule dataType
exit    dataType, LT(1)=NOT
enter   columnAttribute, LT(1)=NOT
enter   constraint, LT(1)=NOT
consume [@11,87:89='NOT',<149>,3:22] rule constraint
consume [@12,91:94='NULL',<148>,3:26] rule constraint
exit    constraint, LT(1)=,
exit    columnAttribute, LT(1)=,
exit    columnDef, LT(1)=,
consume [@13,95:95=',',<125>,3:30] rule createTableStatement
enter   columnDef, LT(1)=assigned_at
enter   columnName, LT(1)=assigned_at
consume [@14,101:111='assigned_at',<234>,4:4] rule columnName
exit    columnName, LT(1)=TIMESTAMP
enter   dataType, LT(1)=TIMESTAMP
consume [@15,113:121='TIMESTAMP',<196>,4:16] rule dataType
exit    dataType, LT(1)=DEFAULT
enter   columnAttribute, LT(1)=DEFAULT
enter   constraint, LT(1)=DEFAULT
consume [@16,123:129='DEFAULT',<160>,4:26] rule constraint
enter   value, LT(1)=CURRENT_TIMESTAMP
enter   valueAtom, LT(1)=CURRENT_TIMESTAMP
consume [@17,131:147='CURRENT_TIMESTAMP',<49>,4:34] rule valueAtom
exit    valueAtom, LT(1)=,
exit    value, LT(1)=,
exit    constraint, LT(1)=,
exit    columnAttribute, LT(1)=,
exit    columnDef, LT(1)=,
consume [@18,148:148=',',<125>,4:51] rule createTableStatement
enter   columnDef, LT(1)=assigned_by
enter   columnName, LT(1)=assigned_by
consume [@19,154:164='assigned_by',<234>,5:4] rule columnName
exit    columnName, LT(1)=VARCHAR
enter   dataType, LT(1)=VARCHAR
consume [@20,166:172='VARCHAR',<145>,5:16] rule dataType
consume [@21,173:173='(',<118>,5:23] rule dataType
consume [@22,174:176='100',<236>,5:24] rule dataType
consume [@23,177:177=')',<119>,5:27] rule dataType
exit    dataType, LT(1)=,
exit    columnDef, LT(1)=,
consume [@24,178:178=',',<125>,5:28] rule createTableStatement
enter   tableConstraint, LT(1)=PRIMARY KEY
consume [@25,184:194='PRIMARY KEY',<154>,6:4] rule tableConstraint
consume [@26,196:196='(',<118>,6:16] rule tableConstraint
enter   columnNameList, LT(1)=employee_id
enter   columnName, LT(1)=employee_id
consume [@27,197:207='employee_id',<234>,6:17] rule columnName
exit    columnName, LT(1)=,
consume [@28,208:208=',',<125>,6:28] rule columnNameList
enter   columnName, LT(1)=department_id
consume [@29,210:222='department_id',<234>,6:30] rule columnName
exit    columnName, LT(1)=)
exit    columnNameList, LT(1)=)
consume [@30,223:223=')',<119>,6:43] rule tableConstraint
exit    tableConstraint, LT(1)=,
consume [@31,224:224=',',<125>,6:44] rule createTableStatement
enter   tableConstraint, LT(1)=FOREIGN KEY
consume [@32,230:240='FOREIGN KEY',<175>,7:4] rule tableConstraint
consume [@33,242:242='(',<118>,7:16] rule tableConstraint
enter   columnNameList, LT(1)=employee_id
enter   columnName, LT(1)=employee_id
consume [@34,243:253='employee_id',<234>,7:17] rule columnName
exit    columnName, LT(1)=)
exit    columnNameList, LT(1)=)
consume [@35,254:254=')',<119>,7:28] rule tableConstraint
consume [@36,256:265='REFERENCES',<152>,7:30] rule tableConstraint
enter   tableName, LT(1)=employee
consume [@37,267:274='employee',<234>,7:41] rule tableName
exit    tableName, LT(1)=(
consume [@38,275:275='(',<118>,7:49] rule tableConstraint
enter   columnNameList, LT(1)=id
enter   columnName, LT(1)=id
consume [@39,276:277='id',<234>,7:50] rule columnName
exit    columnName, LT(1)=)
exit    columnNameList, LT(1)=)
consume [@40,278:278=')',<119>,7:52] rule tableConstraint
exit    tableConstraint, LT(1)=,
consume [@41,279:279=',',<125>,7:53] rule createTableStatement
enter   tableConstraint, LT(1)=FOREIGN KEY
consume [@42,285:295='FOREIGN KEY',<175>,8:4] rule tableConstraint
consume [@43,297:297='(',<118>,8:16] rule tableConstraint
enter   columnNameList, LT(1)=department_id
enter   columnName, LT(1)=department_id
consume [@44,298:310='department_id',<234>,8:17] rule columnName
exit    columnName, LT(1)=)
exit    columnNameList, LT(1)=)
consume [@45,311:311=')',<119>,8:30] rule tableConstraint
consume [@46,313:322='REFERENCES',<152>,8:32] rule tableConstraint
enter   tableName, LT(1)=department
consume [@47,324:333='department',<234>,8:43] rule tableName
exit    tableName, LT(1)=(
consume [@48,334:334='(',<118>,8:53] rule tableConstraint
enter   columnNameList, LT(1)=id
enter   columnName, LT(1)=id
consume [@49,335:336='id',<234>,8:54] rule columnName
exit    columnName, LT(1)=)
exit    columnNameList, LT(1)=)
consume [@50,337:337=')',<119>,8:56] rule tableConstraint
exit    tableConstraint, LT(1)=)
consume [@51,339:339=')',<119>,9:0] rule createTableStatement
consume [@52,340:340=';',<122>,9:1] rule createTableStatement
exit    createTableStatement, LT(1)=<EOF>
consume [@53,342:341='<EOF>',<-1>,10:0] rule sqlScript
exit    sqlScript, LT(1)=<EOF>
]]></system-out>
  </testcase>
  <testcase name="testParseCreateCompanyProfessionTable_PostgreSQL_WithUniqueAndCheckAndFks" classname="com.sqldomaingen.SQLParserTest" time="0.003">
    <system-out><![CDATA[enter   sqlScript, LT(1)=CREATE
enter   createTableStatement, LT(1)=CREATE
consume [@0,0:5='CREATE',<141>,1:0] rule createTableStatement
consume [@1,7:11='TABLE',<140>,1:7] rule createTableStatement
enter   tableName, LT(1)=pep_schema
enter   schemaName, LT(1)=pep_schema
consume [@2,13:22='pep_schema',<234>,1:13] rule schemaName
exit    schemaName, LT(1)=.
consume [@3,23:23='.',<146>,1:23] rule tableName
consume [@4,24:41='company_profession',<234>,1:24] rule tableName
exit    tableName, LT(1)=(
consume [@5,43:43='(',<118>,1:43] rule createTableStatement
enter   columnDef, LT(1)=id
enter   columnName, LT(1)=id
consume [@6,49:50='id',<234>,2:4] rule columnName
exit    columnName, LT(1)=uuid
enter   dataType, LT(1)=uuid
consume [@7,52:55='uuid',<216>,2:7] rule dataType
exit    dataType, LT(1)=NOT
enter   columnAttribute, LT(1)=NOT
enter   constraint, LT(1)=NOT
consume [@8,57:59='NOT',<149>,2:12] rule constraint
consume [@9,61:64='NULL',<148>,2:16] rule constraint
exit    constraint, LT(1)=,
exit    columnAttribute, LT(1)=,
exit    columnDef, LT(1)=,
consume [@10,65:65=',',<125>,2:20] rule createTableStatement
enter   columnDef, LT(1)=chamber_id
enter   columnName, LT(1)=chamber_id
consume [@11,71:80='chamber_id',<234>,3:4] rule columnName
exit    columnName, LT(1)=int4
enter   dataType, LT(1)=int4
consume [@12,82:85='int4',<234>,3:15] rule dataType
exit    dataType, LT(1)=NOT
enter   columnAttribute, LT(1)=NOT
enter   constraint, LT(1)=NOT
consume [@13,87:89='NOT',<149>,3:20] rule constraint
consume [@14,91:94='NULL',<148>,3:24] rule constraint
exit    constraint, LT(1)=,
exit    columnAttribute, LT(1)=,
exit    columnDef, LT(1)=,
consume [@15,95:95=',',<125>,3:28] rule createTableStatement
enter   columnDef, LT(1)=chamber_company_profession_id
enter   columnName, LT(1)=chamber_company_profession_id
consume [@16,101:129='chamber_company_profession_id',<234>,4:4] rule columnName
exit    columnName, LT(1)=int4
enter   dataType, LT(1)=int4
consume [@17,131:134='int4',<234>,4:34] rule dataType
exit    dataType, LT(1)=NULL
enter   columnAttribute, LT(1)=NULL
enter   constraint, LT(1)=NULL
consume [@18,136:139='NULL',<148>,4:39] rule constraint
exit    constraint, LT(1)=,
exit    columnAttribute, LT(1)=,
exit    columnDef, LT(1)=,
consume [@19,140:140=',',<125>,4:43] rule createTableStatement
enter   columnDef, LT(1)=company_id
enter   columnName, LT(1)=company_id
consume [@20,146:155='company_id',<234>,5:4] rule columnName
exit    columnName, LT(1)=uuid
enter   dataType, LT(1)=uuid
consume [@21,157:160='uuid',<216>,5:15] rule dataType
exit    dataType, LT(1)=NOT
enter   columnAttribute, LT(1)=NOT
enter   constraint, LT(1)=NOT
consume [@22,162:164='NOT',<149>,5:20] rule constraint
[...]
	at org.junit.platform.launcher.core.EngineExecutionOrchestrator.execute(EngineExecutionOrchestrator.java:127)
	at org.junit.platform.launcher.core.EngineExecutionOrchestrator.execute(EngineExecutionOrchestrator.java:90)
	at org.junit.platform.launcher.core.EngineExecutionOrchestrator.lambda$execute$0(EngineExecutionOrchestrator.java:55)
	at org.junit.platform.launcher.core.EngineExecutionOrchestrator.withInterceptedStreams(EngineExecutionOrchestrator.java:102)
	at org.junit.platform.launcher.core.EngineExecutionOrchestrator.execute(EngineExecutionOrchestrator.java:54)
	at org.junit.platform.launcher.core.DefaultLauncher.execute(DefaultLauncher.java:114)
	at org.junit.platform.launcher.core.DefaultLauncher.execute(DefaultLauncher.java:86)
	at org.junit.platform.launcher.core.DefaultLauncherSession$DelegatingLauncher.execute(DefaultLauncherSession.java:86)
	at org.apache.maven.surefire.junitplatform.LazyLauncher.execute(LazyLauncher.java:55)
	at org.apache.maven.surefire.junitplatform.JUnitPlatformProvider.lambda$execute$1(JUnitPlatformProvider.java:234)
	at java.base/java.util.Iterator.forEachRemaining(Iterator.java:133)
	at org.apache.maven.surefire.junitplatform.JUnitPlatformProvider.execute(JUnitPlatformProvider.java:228)
	at org.apache.maven.surefire.junitplatform.JUnitPlatformProvider.invokeAllTests(JUnitPlatformProvider.java:175)
	at org.apache.maven.surefire.junitplatform.JUnitPlatformProvider.invoke(JUnitPlatformProvider.java:131)
	at org.apache.maven.surefire.booter.ForkedBooter.runSuitesInProcess(ForkedBooter.java:456)
	at org.apache.maven.surefire.booter.ForkedBooter.execute(ForkedBooter.java:169)
	at org.apache.maven.surefire.booter.ForkedBooter.run(ForkedBooter.java:595)
	at org.apache.maven.surefire.booter.ForkedBooter.main(ForkedBooter.java:581)
Caused by: java.lang.IllegalArgumentException: Syntax error at line 2, position 22: extraneous input 'PRIMARY KEY' expecting {')', ','}
	at com.sqldomaingen.parser.SQLParser$1.syntaxError(SQLParser.java:71)
	at org.antlr.v4.runtime.ProxyErrorListener.syntaxError(ProxyErrorListener.java:41)
	at org.antlr.v4.runtime.Parser.notifyErrorListeners(Parser.java:544)
	at org.antlr.v4.runtime.DefaultErrorStrategy.reportUnwantedToken(DefaultErrorStrategy.java:377)
	at org.antlr.v4.runtime.DefaultErrorStrategy.singleTokenDeletion(DefaultErrorStrategy.java:548)
	at org.antlr.v4.runtime.DefaultErrorStrategy.sync(DefaultErrorStrategy.java:266)
	at com.sqldomaingen.parser.PostgreSQLParser.createTableStatement(PostgreSQLParser.java:413)
	at com.sqldomaingen.parser.PostgreSQLParser.sqlScript(PostgreSQLParser.java:4331)
	at com.sqldomaingen.parser.SQLParser.parseTreeFromSQL(SQLParser.java:104)
	at com.sqldomaingen.SQLParserTest.lambda$testParseCreateAbsenceTable_PostgreSQL$12(SQLParserTest.java:559)
	at org.junit.jupiter.api.AssertDoesNotThrow.assertDoesNotThrow(AssertDoesNotThrow.java:49)
	... 74 more
]]></failure>
    <system-out><![CDATA[enter   sqlScript, LT(1)=CREATE
enter   createTableStatement, LT(1)=CREATE
consume [@0,0:5='CREATE',<141>,1:0] rule createTableStatement
consume [@1,7:11='TABLE',<140>,1:7] rule createTableStatement
enter   tableName, LT(1)=absence
consume [@2,13:19='absence',<234>,1:13] rule tableName
exit    tableName, LT(1)=(
consume [@3,21:21='(',<118>,1:21] rule createTableStatement
enter   columnDef, LT(1)=absence_id
enter   columnName, LT(1)=absence_id
consume [@4,27:36='absence_id',<234>,2:4] rule columnName
exit    columnName, LT(1)=SERIAL
enter   dataType, LT(1)=SERIAL
consume [@5,38:43='SERIAL',<153>,2:15] rule dataType
exit    dataType, LT(1)=PRIMARY KEY
exit    columnDef, LT(1)=PRIMARY KEY
exit    createTableStatement, LT(1)=PRIMARY KEY
exit    sqlScript, LT(1)=PRIMARY KEY
]]></system-out>
  </testcase>
  <testcase name="testParseCreateProfessionTable_PostgreSQL_WithParentFkAndSystemFk" classname="com.sqldomaingen.SQLParserTest" time="0.003">
    <system-out><![CDATA[enter   sqlScript, LT(1)=CREATE
enter   createTableStatement, LT(1)=CREATE
consume [@0,0:5='CREATE',<141>,1:0] rule createTableStatement
consume [@1,7:11='TABLE',<140>,1:7] rule createTableStatement
enter   tableName, LT(1)=pep_schema
enter   schemaName, LT(1)=pep_schema
consume [@2,13:22='pep_schema',<234>,1:13] rule schemaName
exit    schemaName, LT(1)=.
consume [@3,23:23='.',<146>,1:23] rule tableName
consume [@4,24:33='profession',<234>,1:24] rule tableName
exit    tableName, LT(1)=(
consume [@5,35:35='(',<118>,1:35] rule createTableStatement
enter   columnDef, LT(1)=id
enter   columnName, LT(1)=id
consume [@6,41:42='id',<234>,2:4] rule columnName
exit    columnName, LT(1)=uuid
enter   dataType, LT(1)=uuid
consume [@7,44:47='uuid',<216>,2:7] rule dataType
exit    dataType, LT(1)=NOT
enter   columnAttribute, LT(1)=NOT
enter   constraint, LT(1)=NOT
consume [@8,49:51='NOT',<149>,2:12] rule constraint
consume [@9,53:56='NULL',<148>,2:16] rule constraint
exit    constraint, LT(1)=,
exit    columnAttribute, LT(1)=,
exit    columnDef, LT(1)=,
consume [@10,57:57=',',<125>,2:20] rule createTableStatement
enter   columnDef, LT(1)=chamber_id
enter   columnName, LT(1)=chamber_id
consume [@11,63:72='chamber_id',<234>,3:4] rule columnName
exit    columnName, LT(1)=int4
enter   dataType, LT(1)=int4
consume [@12,74:77='int4',<234>,3:15] rule dataType
exit    dataType, LT(1)=NOT
enter   columnAttribute, LT(1)=NOT
enter   constraint, LT(1)=NOT
consume [@13,79:81='NOT',<149>,3:20] rule constraint
consume [@14,83:86='NULL',<148>,3:24] rule constraint
exit    constraint, LT(1)=,
exit    columnAttribute, LT(1)=,
exit    columnDef, LT(1)=,
consume [@15,87:87=',',<125>,3:28] rule createTableStatement
enter   columnDef, LT(1)=chamber_profession_id
enter   columnName, LT(1)=chamber_profession_id
consume [@16,93:113='chamber_profession_id',<234>,4:4] rule columnName
exit    columnName, LT(1)=int4
enter   dataType, LT(1)=int4
consume [@17,115:118='int4',<234>,4:26] rule dataType
exit    dataType, LT(1)=NULL
enter   columnAttribute, LT(1)=NULL
enter   constraint, LT(1)=NULL
consume [@18,120:123='NULL',<148>,4:31] rule constraint
exit    constraint, LT(1)=,
exit    columnAttribute, LT(1)=,
exit    columnDef, LT(1)=,
consume [@19,124:124=',',<125>,4:35] rule createTableStatement
enter   columnDef, LT(1)=parent_profession_id
enter   columnName, LT(1)=parent_profession_id
consume [@20,130:149='parent_profession_id',<234>,5:4] rule columnName
exit    columnName, LT(1)=uuid
enter   dataType, LT(1)=uuid
consume [@21,151:154='uuid',<216>,5:25] rule dataType
exit    dataType, LT(1)=NULL
enter   columnAttribute, LT(1)=NULL
enter   constraint, LT(1)=NULL
consume [@22,156:159='NULL',<148>,5:30] rule constraint
exit    constraint, LT(1)=,
exit    columnAttribute, LT(1)=,
exit    columnDef, LT(1)=,
consume [@23,160:160=',',<125>,5:34] rule createTableStatement
enter   columnDef, LT(1)=profession_system_id
enter   columnName, LT(1)=profession_system_id
consume [@24,166:185='profession_system_id',<234>,6:4] rule columnName
exit    columnName, LT(1)=uuid
enter   dataType, LT(1)=uuid
consume [@25,187:190='uuid',<216>,6:25] rule dataType
exit    dataType, LT(1)=NOT
enter   columnAttribute, LT(1)=NOT
enter   constraint, LT(1)=NOT
consume [@26,192:194='NOT',<149>,6:30] rule constraint
consume [@27,196:199='NULL',<148>,6:34] rule constraint
exit    constraint, LT(1)=,
exit    columnAttribute, LT(1)=,
exit    columnDef, LT(1)=,
consume [@28,200:200=',',<125>,6:38] rule createTableStatement
enter   columnDef, LT(1)=code
enter   columnName, LT(1)=code
consume [@29,206:209='code',<234>,7:4] rule columnName
exit    columnName, LT(1)=varchar
enter   dataType, LT(1)=varchar
consume [@30,211:217='varchar',<145>,7:9] rule dataType
consume [@31,218:218='(',<118>,7:16] rule dataType
consume [@32,219:221='255',<236>,7:17] rule dataType
consume [@33,222:222=')',<119>,7:20] rule dataType
exit    dataType, LT(1)=NOT
enter   columnAttribute, LT(1)=NOT
enter   constraint, LT(1)=NOT
consume [@34,224:226='NOT',<149>,7:22] rule constraint
consume [@35,228:231='NULL',<148>,7:26] rule constraint
exit    constraint, LT(1)=,
exit    columnAttribute, LT(1)=,
exit    columnDef, LT(1)=,
consume [@36,232:232=',',<125>,7:30] rule createTableStatement
enter   columnDef, LT(1)=description
enter   columnName, LT(1)=description
consume [@37,238:248='description',<234>,8:4] rule columnName
exit    columnName, LT(1)=varchar
enter   dataType, LT(1)=varchar
consume [@38,250:256='varchar',<145>,8:16] rule dataType
consume [@39,257:257='(',<118>,8:23] rule dataType
consume [@40,258:261='1000',<236>,8:24] rule dataType
consume [@41,262:262=')',<119>,8:28] rule dataType
exit    dataType, LT(1)=NULL
enter   columnAttribute, LT(1)=NULL
enter   constraint, LT(1)=NULL
consume [@42,264:267='NULL',<148>,8:30] rule constraint
exit    constraint, LT(1)=,
exit    columnAttribute, LT(1)=,
exit    columnDef, LT(1)=,
consume [@43,268:268=',',<125>,8:34] rule createTableStatement
enter   columnDef, LT(1)=date_created
enter   columnName, LT(1)=date_created
consume [@44,274:285='date_created',<234>,9:4] rule columnName
exit    columnName, LT(1)=timestamp
enter   dataType, LT(1)=timestamp
consume [@45,287:295='timestamp',<196>,9:17] rule dataType
exit    dataType, LT(1)=DEFAULT
enter   columnAttribute, LT(1)=DEFAULT
enter   constraint, LT(1)=DEFAULT
consume [@46,297:303='DEFAULT',<160>,9:27] rule constraint
enter   value, LT(1)=CURRENT_TIMESTAMP
enter   valueAtom, LT(1)=CURRENT_TIMESTAMP
consume [@47,305:321='CURRENT_TIMESTAMP',<49>,9:35] rule valueAtom
exit    valueAtom, LT(1)=NULL
exit    value, LT(1)=NULL
exit    constraint, LT(1)=NULL
exit    columnAttribute, LT(1)=NULL
enter   columnAttribute, LT(1)=NULL
enter   constraint, LT(1)=NULL
consume [@48,323:326='NULL',<148>,9:53] rule constraint
exit    constraint, LT(1)=,
exit    columnAttribute, LT(1)=,
exit    columnDef, LT(1)=,
consume [@49,327:327=',',<125>,9:57] rule createTableStatement
enter   columnDef, LT(1)=last_updated
enter   columnName, LT(1)=last_updated
consume [@50,333:344='last_updated',<234>,10:4] rule columnName
exit    columnName, LT(1)=timestamp
enter   dataType, LT(1)=timestamp
consume [@51,346:354='timestamp',<196>,10:17] rule dataType
exit    dataType, LT(1)=DEFAULT
enter   columnAttribute, LT(1)=DEFAULT
enter   constraint, LT(1)=DEFAULT
consume [@52,356:362='DEFAULT',<160>,10:27] rule constraint
enter   value, LT(1)=CURRENT_TIMESTAMP
enter   valueAtom, LT(1)=CURRENT_TIMESTAMP
consume [@53,364:380='CURRENT_TIMESTAMP',<49>,10:35] rule valueAtom
exit    valueAtom, LT(1)=NULL
exit    value, LT(1)=NULL
exit    constraint, LT(1)=NULL
exit    columnAttribute, LT(1)=NULL
enter   columnAttribute, LT(1)=NULL
enter   constraint, LT(1)=NULL
consume [@54,382:385='NULL',<148>,10:53] rule constraint
exit    constraint, LT(1)=,
exit    columnAttribute, LT(1)=,
exit    columnDef, LT(1)=,
consume [@55,386:386=',',<125>,10:57] rule createTableStatement
enter   columnDef, LT(1)=rec_deleted
enter   columnName, LT(1)=rec_deleted
consume [@56,392:402='rec_deleted',<234>,11:4] rule columnName
exit    columnName, LT(1)=bool
enter   dataType, LT(1)=bool
consume [@57,404:407='bool',<234>,11:16] rule dataType
exit    dataType, LT(1)=DEFAULT
enter   columnAttribute, LT(1)=DEFAULT
enter   constraint, LT(1)=DEFAULT
consume [@58,409:415='DEFAULT',<160>,11:21] rule constraint
enter   value, LT(1)=FALSE
enter   valueAtom, LT(1)=FALSE
enter   booleanLiteral, LT(1)=FALSE
consume [@59,417:421='FALSE',<114>,11:29] rule booleanLiteral
exit    booleanLiteral, LT(1)=NOT
exit    valueAtom, LT(1)=NOT
exit    value, LT(1)=NOT
exit    constraint, LT(1)=NOT
exit    columnAttribute, LT(1)=NOT
enter   columnAttribute, LT(1)=NOT
enter   constraint, LT(1)=NOT
consume [@60,423:425='NOT',<149>,11:35] rule constraint
consume [@61,427:430='NULL',<148>,11:39] rule constraint
exit    constraint, LT(1)=,
exit    columnAttribute, LT(1)=,
exit    columnDef, LT(1)=,
consume [@62,431:431=',',<125>,11:43] rule createTableStatement
enter   tableConstraint, LT(1)=CONSTRAINT
consume [@63,437:446='CONSTRAINT',<147>,12:4] rule tableConstraint
consume [@64,448:460='pk_profession',<234>,12:15] rule tableConstraint
consume [@65,462:472='PRIMARY KEY',<154>,12:29] rule tableConstraint
consume [@66,474:474='(',<118>,12:41] rule tableConstraint
enter   columnNameList, LT(1)=id
enter   columnName, LT(1)=id
consume [@67,475:476='id',<234>,12:42] rule columnName
exit    columnName, LT(1)=)
exit    columnNameList, LT(1)=)
consume [@68,477:477=')',<119>,12:44] rule tableConstraint
exit    tableConstraint, LT(1)=,
consume [@69,478:478=',',<125>,12:45] rule createTableStatement
enter   tableConstraint, LT(1)=CONSTRAINT
consume [@70,484:493='CONSTRAINT',<147>,13:4] rule tableConstraint
consume [@71,495:507='uk_profession',<234>,13:15] rule tableConstraint
consume [@72,509:514='UNIQUE',<170>,13:29] rule tableConstraint
consume [@73,516:516='(',<118>,13:36] rule tableConstraint
enter   columnNameList, LT(1)=chamber_id
enter   columnName, LT(1)=chamber_id
consume [@74,517:526='chamber_id',<234>,13:37] rule columnName
exit    columnName, LT(1)=,
consume [@75,527:527=',',<125>,13:47] rule columnNameList
enter   columnName, LT(1)=chamber_profession_id
consume [@76,529:549='chamber_profession_id',<234>,13:49] rule columnName
exit    columnName, LT(1)=)
exit    columnNameList, LT(1)=)
consume [@77,550:550=')',<119>,13:70] rule tableConstraint
exit    tableConstraint, LT(1)=,
consume [@78,551:551=',',<125>,13:71] rule createTableStatement
enter   tableConstraint, LT(1)=CONSTRAINT
consume [@79,557:566='CONSTRAINT',<147>,14:4] rule tableConstraint
consume [@80,568:587='fk_profession_parent',<234>,14:15] rule tableConstraint
consume [@81,589:599='FOREIGN KEY',<175>,14:36] rule tableConstraint
consume [@82,601:601='(',<118>,14:48] rule tableConstraint
enter   columnNameList, LT(1)=parent_profession_id
enter   columnName, LT(1)=parent_profession_id
consume [@83,602:621='parent_profession_id',<234>,14:49] rule columnName
exit    columnName, LT(1)=)
exit    columnNameList, LT(1)=)
consume [@84,622:622=')',<119>,14:69] rule tableConstraint
consume [@85,632:641='REFERENCES',<152>,15:8] rule tableConstraint
enter   schemaName, LT(1)=pep_schema
consume [@86,643:652='pep_schema',<234>,15:19] rule schemaName
exit    schemaName, LT(1)=.
consume [@87,653:653='.',<146>,15:29] rule tableConstraint
enter   tableName, LT(1)=profession
consume [@88,654:663='profession',<234>,15:30] rule tableName
exit    tableName, LT(1)=(
consume [@89,664:664='(',<118>,15:40] rule tableConstraint
enter   columnNameList, LT(1)=id
enter   columnName, LT(1)=id
consume [@90,665:666='id',<234>,15:41] rule columnName
exit    columnName, LT(1)=)
exit    columnNameList, LT(1)=)
consume [@91,667:667=')',<119>,15:43] rule tableConstraint
exit    tableConstraint, LT(1)=,
consume [@92,668:668=',',<125>,15:44] rule createTableStatement
enter   tableConstraint, LT(1)=CONSTRAINT
consume [@93,674:683='CONSTRAINT',<147>,16:4] rule tableConstraint
consume [@94,685:704='fk_profession_system',<234>,16:15] rule tableConstraint
consume [@95,706:716='FOREIGN KEY',<175>,16:36] rule tableConstraint
consume [@96,718:718='(',<118>,16:48] rule tableConstraint
enter   columnNameList, LT(1)=profession_system_id
enter   columnName, LT(1)=profession_system_id
consume [@97,719:738='profession_system_id',<234>,16:49] rule columnName
exit    columnName, LT(1)=)
exit    columnNameList, LT(1)=)
consume [@98,739:739=')',<119>,16:69] rule tableConstraint
consume [@99,749:758='REFERENCES',<152>,17:8] rule tableConstraint
enter   schemaName, LT(1)=pep_schema
consume [@100,760:769='pep_schema',<234>,17:19] rule schemaName
exit    schemaName, LT(1)=.
consume [@101,770:770='.',<146>,17:29] rule tableConstraint
enter   tableName, LT(1)=profession_system
consume [@102,771:787='profession_system',<234>,17:30] rule tableName
exit    tableName, LT(1)=(
consume [@103,788:788='(',<118>,17:47] rule tableConstraint
enter   columnNameList, LT(1)=id
enter   columnName, LT(1)=id
consume [@104,789:790='id',<234>,17:48] rule columnName
exit    columnName, LT(1)=)
exit    columnNameList, LT(1)=)
consume [@105,791:791=')',<119>,17:50] rule tableConstraint
exit    tableConstraint, LT(1)=)
consume [@106,793:793=')',<119>,18:0] rule createTableStatement
consume [@107,794:794=';',<122>,18:1] rule createTableStatement
exit    createTableStatement, LT(1)=<EOF>
consume [@108,796:795='<EOF>',<-1>,19:0] rule sqlScript
exit    sqlScript, LT(1)=<EOF>
]]></system-out>
  </testcase>
  <testcase name="testParseCreateTriggerStatement_PostgreSQL" classname="com.sqldomaingen.SQLParserTest" time="0.002">
    <system-out><![CDATA[enter   sqlScript, LT(1)=CREATE
enter   triggerStatement, LT(1)=CREATE
consume [@0,0:5='CREATE',<141>,1:0] rule triggerStatement
consume [@1,7:13='TRIGGER',<176>,1:7] rule triggerStatement
consume [@2,15:43='trg_department_set_updated_at',<234>,1:15] rule triggerStatement
enter   triggerTiming, LT(1)=BEFORE
consume [@3,45:50='BEFORE',<177>,2:0] rule triggerTiming
exit    triggerTiming, LT(1)=UPDATE
enter   triggerEvent, LT(1)=UPDATE
consume [@4,52:57='UPDATE',<179>,2:7] rule triggerEvent
exit    triggerEvent, LT(1)=ON
consume [@5,59:60='ON',<127>,2:14] rule triggerStatement
enter   tableName, LT(1)=department
consume [@6,62:71='department',<234>,2:17] rule tableName
exit    tableName, LT(1)=FOR EACH ROW
consume [@7,73:84='FOR EACH ROW',<57>,3:0] rule triggerStatement
consume [@8,86:101='EXECUTE FUNCTION',<58>,4:0] rule triggerStatement
consume [@9,103:116='set_updated_at',<234>,4:17] rule triggerStatement
consume [@10,117:117='(',<118>,4:31] rule triggerStatement
consume [@11,118:118=')',<119>,4:32] rule triggerStatement
consume [@12,119:119=';',<122>,4:33] rule triggerStatement
exit    triggerStatement, LT(1)=<EOF>
consume [@13,121:120='<EOF>',<-1>,5:0] rule sqlScript
exit    sqlScript, LT(1)=<EOF>
]]></system-out>
  </testcase>
  <testcase name="testParseAlterRecurringPatternAddEventId_PostgreSQL" classname="com.sqldomaingen.SQLParserTest" time="0.003">
    <system-out><![CDATA[enter   sqlScript, LT(1)=ALTER
enter   alterTableStatement, LT(1)=ALTER
consume [@0,0:4='ALTER',<16>,1:0] rule alterTableStatement
consume [@1,6:10='TABLE',<140>,1:6] rule alterTableStatement
enter   tableName, LT(1)=recurring_pattern
consume [@2,12:28='recurring_pattern',<234>,1:12] rule tableName
exit    tableName, LT(1)=ADD
enter   alterAction, LT(1)=ADD
consume [@3,30:32='ADD',<17>,2:0] rule alterAction
consume [@4,34:39='COLUMN',<18>,2:4] rule alterAction
enter   columnDef, LT(1)=event_id
enter   columnName, LT(1)=event_id
consume [@5,41:48='event_id',<234>,2:11] rule columnName
exit    columnName, LT(1)=INT
enter   dataType, LT(1)=INT
consume [@6,50:52='INT',<144>,2:20] rule dataType
exit    dataType, LT(1)=,
exit    columnDef, LT(1)=,
exit    alterAction, LT(1)=,
consume [@7,53:53=',',<125>,2:23] rule alterTableStatement
enter   alterAction, LT(1)=ADD
consume [@8,55:57='ADD',<17>,3:0] rule alterAction
consume [@9,59:69='FOREIGN KEY',<175>,3:4] rule alterAction
consume [@10,71:71='(',<118>,3:16] rule alterAction
enter   columnNameList, LT(1)=event_id
enter   columnName, LT(1)=event_id
consume [@11,72:79='event_id',<234>,3:17] rule columnName
exit    columnName, LT(1)=)
exit    columnNameList, LT(1)=)
consume [@12,80:80=')',<119>,3:25] rule alterAction
consume [@13,82:91='REFERENCES',<152>,3:27] rule alterAction
enter   tableName, LT(1)=event
consume [@14,93:97='event',<234>,3:38] rule tableName
exit    tableName, LT(1)=(
consume [@15,98:98='(',<118>,3:43] rule alterAction
enter   columnNameList, LT(1)=event_id
enter   columnName, LT(1)=event_id
consume [@16,99:106='event_id',<234>,3:44] rule columnName
exit    columnName, LT(1)=)
exit    columnNameList, LT(1)=)
consume [@17,107:107=')',<119>,3:52] rule alterAction
exit    alterAction, LT(1)=;
consume [@18,108:108=';',<122>,3:53] rule alterTableStatement
exit    alterTableStatement, LT(1)=<EOF>
consume [@19,110:109='<EOF>',<-1>,4:0] rule sqlScript
exit    sqlScript, LT(1)=<EOF>
]]></system-out>
  </testcase>
</testsuite>